{"/Users/abhishek/Programming/Projects/ai-pass-mange/src/background/index.ts": {"path":"/Users/abhishek/Programming/Projects/ai-pass-mange/src/background/index.ts","statementMap":{"0":{"start":{"line":24,"column":12},"end":{"line":24,"column":null}},"1":{"start":{"line":25,"column":16},"end":{"line":25,"column":null}},"2":{"start":{"line":26,"column":2},"end":{"line":26,"column":null}},"3":{"start":{"line":26,"column":25},"end":{"line":26,"column":null}},"4":{"start":{"line":28,"column":20},"end":{"line":28,"column":null}},"5":{"start":{"line":29,"column":2},"end":{"line":31,"column":null}},"6":{"start":{"line":30,"column":4},"end":{"line":30,"column":null}},"7":{"start":{"line":32,"column":2},"end":{"line":32,"column":null}},"8":{"start":{"line":40,"column":2},"end":{"line":40,"column":null}},"9":{"start":{"line":40,"column":37},"end":{"line":40,"column":null}},"10":{"start":{"line":41,"column":2},"end":{"line":49,"column":null}},"11":{"start":{"line":42,"column":22},"end":{"line":42,"column":null}},"12":{"start":{"line":43,"column":16},"end":{"line":43,"column":null}},"13":{"start":{"line":44,"column":4},"end":{"line":44,"column":null}},"14":{"start":{"line":47,"column":17},"end":{"line":47,"column":null}},"15":{"start":{"line":48,"column":4},"end":{"line":48,"column":null}},"16":{"start":{"line":57,"column":21},"end":{"line":57,"column":null}},"17":{"start":{"line":58,"column":2},"end":{"line":58,"column":null}},"18":{"start":{"line":58,"column":33},"end":{"line":58,"column":null}},"19":{"start":{"line":59,"column":2},"end":{"line":59,"column":null}},"20":{"start":{"line":65,"column":37},"end":{"line":65,"column":null}},"21":{"start":{"line":66,"column":30},"end":{"line":66,"column":null}},"22":{"start":{"line":67,"column":31},"end":{"line":67,"column":null}},"23":{"start":{"line":70,"column":14},"end":{"line":70,"column":null}},"24":{"start":{"line":71,"column":8},"end":{"line":73,"column":null}},"25":{"start":{"line":72,"column":9},"end":{"line":72,"column":null}},"26":{"start":{"line":74,"column":2},"end":{"line":74,"column":null}},"27":{"start":{"line":75,"column":2},"end":{"line":75,"column":null}},"28":{"start":{"line":76,"column":2},"end":{"line":76,"column":null}},"29":{"start":{"line":82,"column":2},"end":{"line":92,"column":null}},"30":{"start":{"line":83,"column":19},"end":{"line":83,"column":null}},"31":{"start":{"line":84,"column":22},"end":{"line":84,"column":null}},"32":{"start":{"line":85,"column":4},"end":{"line":85,"column":null}},"33":{"start":{"line":85,"column":20},"end":{"line":85,"column":null}},"34":{"start":{"line":87,"column":4},"end":{"line":87,"column":null}},"35":{"start":{"line":87,"column":65},"end":{"line":87,"column":null}},"36":{"start":{"line":88,"column":10},"end":{"line":88,"column":null}},"37":{"start":{"line":89,"column":4},"end":{"line":89,"column":null}},"38":{"start":{"line":91,"column":4},"end":{"line":91,"column":null}},"39":{"start":{"line":98,"column":2},"end":{"line":106,"column":null}},"40":{"start":{"line":99,"column":4},"end":{"line":105,"column":null}},"41":{"start":{"line":100,"column":6},"end":{"line":104,"column":null}},"42":{"start":{"line":101,"column":8},"end":{"line":103,"column":null}},"43":{"start":{"line":111,"column":0},"end":{"line":130,"column":null}},"44":{"start":{"line":115,"column":4},"end":{"line":119,"column":null}},"45":{"start":{"line":116,"column":6},"end":{"line":116,"column":null}},"46":{"start":{"line":117,"column":6},"end":{"line":117,"column":null}},"47":{"start":{"line":118,"column":6},"end":{"line":118,"column":null}},"48":{"start":{"line":121,"column":4},"end":{"line":126,"column":null}},"49":{"start":{"line":124,"column":8},"end":{"line":124,"column":null}},"50":{"start":{"line":125,"column":8},"end":{"line":125,"column":null}},"51":{"start":{"line":128,"column":4},"end":{"line":128,"column":null}},"52":{"start":{"line":137,"column":2},"end":{"line":139,"column":null}},"53":{"start":{"line":138,"column":4},"end":{"line":138,"column":null}},"54":{"start":{"line":140,"column":15},"end":{"line":140,"column":null}},"55":{"start":{"line":142,"column":2},"end":{"line":272,"column":null}},"56":{"start":{"line":146,"column":21},"end":{"line":146,"column":null}},"57":{"start":{"line":146,"column":91},"end":{"line":146,"column":94}},"58":{"start":{"line":147,"column":23},"end":{"line":147,"column":null}},"59":{"start":{"line":148,"column":6},"end":{"line":148,"column":null}},"60":{"start":{"line":153,"column":21},"end":{"line":153,"column":null}},"61":{"start":{"line":153,"column":91},"end":{"line":153,"column":94}},"62":{"start":{"line":154,"column":23},"end":{"line":154,"column":null}},"63":{"start":{"line":155,"column":6},"end":{"line":155,"column":null}},"64":{"start":{"line":160,"column":24},"end":{"line":160,"column":null}},"65":{"start":{"line":163,"column":6},"end":{"line":172,"column":null}},"66":{"start":{"line":170,"column":8},"end":{"line":170,"column":null}},"67":{"start":{"line":171,"column":8},"end":{"line":171,"column":null}},"68":{"start":{"line":174,"column":6},"end":{"line":174,"column":null}},"69":{"start":{"line":175,"column":6},"end":{"line":175,"column":null}},"70":{"start":{"line":176,"column":6},"end":{"line":176,"column":null}},"71":{"start":{"line":181,"column":6},"end":{"line":181,"column":null}},"72":{"start":{"line":182,"column":6},"end":{"line":182,"column":null}},"73":{"start":{"line":183,"column":6},"end":{"line":183,"column":null}},"74":{"start":{"line":188,"column":6},"end":{"line":188,"column":null}},"75":{"start":{"line":189,"column":30},"end":{"line":189,"column":null}},"76":{"start":{"line":192,"column":6},"end":{"line":200,"column":null}},"77":{"start":{"line":198,"column":8},"end":{"line":198,"column":null}},"78":{"start":{"line":199,"column":8},"end":{"line":199,"column":null}},"79":{"start":{"line":203,"column":20},"end":{"line":203,"column":null}},"80":{"start":{"line":204,"column":6},"end":{"line":207,"column":null}},"81":{"start":{"line":205,"column":8},"end":{"line":205,"column":null}},"82":{"start":{"line":206,"column":8},"end":{"line":206,"column":null}},"83":{"start":{"line":210,"column":6},"end":{"line":223,"column":null}},"84":{"start":{"line":211,"column":8},"end":{"line":222,"column":null}},"85":{"start":{"line":212,"column":25},"end":{"line":212,"column":null}},"86":{"start":{"line":213,"column":28},"end":{"line":213,"column":null}},"87":{"start":{"line":214,"column":32},"end":{"line":214,"column":null}},"88":{"start":{"line":215,"column":10},"end":{"line":218,"column":null}},"89":{"start":{"line":216,"column":12},"end":{"line":216,"column":null}},"90":{"start":{"line":217,"column":12},"end":{"line":217,"column":null}},"91":{"start":{"line":221,"column":10},"end":{"line":221,"column":null}},"92":{"start":{"line":225,"column":25},"end":{"line":225,"column":null}},"93":{"start":{"line":226,"column":6},"end":{"line":226,"column":null}},"94":{"start":{"line":226,"column":23},"end":{"line":226,"column":null}},"95":{"start":{"line":229,"column":6},"end":{"line":234,"column":null}},"96":{"start":{"line":230,"column":25},"end":{"line":230,"column":null}},"97":{"start":{"line":231,"column":8},"end":{"line":231,"column":null}},"98":{"start":{"line":231,"column":55},"end":{"line":231,"column":73}},"99":{"start":{"line":233,"column":8},"end":{"line":233,"column":null}},"100":{"start":{"line":236,"column":22},"end":{"line":236,"column":null}},"101":{"start":{"line":237,"column":6},"end":{"line":256,"column":null}},"102":{"start":{"line":238,"column":8},"end":{"line":238,"column":null}},"103":{"start":{"line":238,"column":64},"end":{"line":238,"column":null}},"104":{"start":{"line":239,"column":8},"end":{"line":255,"column":null}},"105":{"start":{"line":240,"column":27},"end":{"line":243,"column":null}},"106":{"start":{"line":244,"column":10},"end":{"line":252,"column":null}},"107":{"start":{"line":254,"column":10},"end":{"line":254,"column":null}},"108":{"start":{"line":258,"column":6},"end":{"line":258,"column":null}},"109":{"start":{"line":259,"column":22},"end":{"line":259,"column":null}},"110":{"start":{"line":260,"column":6},"end":{"line":260,"column":null}},"111":{"start":{"line":262,"column":6},"end":{"line":262,"column":null}},"112":{"start":{"line":267,"column":6},"end":{"line":267,"column":null}},"113":{"start":{"line":271,"column":6},"end":{"line":271,"column":null}},"114":{"start":{"line":277,"column":0},"end":{"line":291,"column":null}},"115":{"start":{"line":279,"column":2},"end":{"line":283,"column":null}},"116":{"start":{"line":280,"column":4},"end":{"line":282,"column":null}},"117":{"start":{"line":281,"column":6},"end":{"line":281,"column":null}},"118":{"start":{"line":285,"column":18},"end":{"line":285,"column":null}},"119":{"start":{"line":286,"column":2},"end":{"line":290,"column":null}},"120":{"start":{"line":287,"column":4},"end":{"line":287,"column":null}},"121":{"start":{"line":288,"column":9},"end":{"line":290,"column":null}},"122":{"start":{"line":289,"column":4},"end":{"line":289,"column":null}},"123":{"start":{"line":294,"column":0},"end":{"line":296,"column":null}}},"fnMap":{"0":{"name":"getRegistrableDomain","decl":{"start":{"line":23,"column":9},"end":{"line":23,"column":30}},"loc":{"start":{"line":23,"column":56},"end":{"line":33,"column":null}},"line":23},"1":{"name":"extractDomainFromValue","decl":{"start":{"line":39,"column":9},"end":{"line":39,"column":32}},"loc":{"start":{"line":39,"column":55},"end":{"line":50,"column":null}},"line":39},"2":{"name":"domainsMatch","decl":{"start":{"line":56,"column":9},"end":{"line":56,"column":22}},"loc":{"start":{"line":56,"column":71},"end":{"line":60,"column":null}},"line":56},"3":{"name":"isRateLimited","decl":{"start":{"line":69,"column":9},"end":{"line":69,"column":23}},"loc":{"start":{"line":69,"column":47},"end":{"line":77,"column":null}},"line":69},"4":{"name":"(anonymous_4)","decl":{"start":{"line":71,"column":66},"end":{"line":71,"column":null}},"loc":{"start":{"line":72,"column":9},"end":{"line":72,"column":null}},"line":72},"5":{"name":"getSessionKey","decl":{"start":{"line":81,"column":15},"end":{"line":81,"column":58}},"loc":{"start":{"line":81,"column":58},"end":{"line":93,"column":null}},"line":81},"6":{"name":"notifyAllContentScripts","decl":{"start":{"line":97,"column":9},"end":{"line":97,"column":33}},"loc":{"start":{"line":97,"column":75},"end":{"line":107,"column":null}},"line":97},"7":{"name":"(anonymous_7)","decl":{"start":{"line":98,"column":21},"end":{"line":98,"column":25}},"loc":{"start":{"line":98,"column":34},"end":{"line":106,"column":3}},"line":98},"8":{"name":"(anonymous_8)","decl":{"start":{"line":101,"column":49},"end":{"line":101,"column":61}},"loc":{"start":{"line":101,"column":61},"end":{"line":103,"column":9}},"line":101},"9":{"name":"(anonymous_9)","decl":{"start":{"line":111,"column":25},"end":{"line":111,"column":null}},"loc":{"start":{"line":112,"column":55},"end":{"line":129,"column":null}},"line":112},"10":{"name":"(anonymous_10)","decl":{"start":{"line":123,"column":7},"end":{"line":123,"column":14}},"loc":{"start":{"line":123,"column":22},"end":{"line":126,"column":7}},"line":123},"11":{"name":"handleMessage","decl":{"start":{"line":132,"column":22},"end":{"line":132,"column":null}},"loc":{"start":{"line":135,"column":20},"end":{"line":273,"column":null}},"line":135},"12":{"name":"(anonymous_12)","decl":{"start":{"line":146,"column":78},"end":{"line":146,"column":91}},"loc":{"start":{"line":146,"column":91},"end":{"line":146,"column":94}},"line":146},"13":{"name":"(anonymous_13)","decl":{"start":{"line":153,"column":78},"end":{"line":153,"column":91}},"loc":{"start":{"line":153,"column":91},"end":{"line":153,"column":94}},"line":153},"14":{"name":"(anonymous_14)","decl":{"start":{"line":181,"column":68},"end":{"line":181,"column":80}},"loc":{"start":{"line":181,"column":80},"end":{"line":181,"column":82}},"line":181},"15":{"name":"(anonymous_15)","decl":{"start":{"line":231,"column":25},"end":{"line":231,"column":33}},"loc":{"start":{"line":231,"column":55},"end":{"line":231,"column":73}},"line":231},"16":{"name":"(anonymous_16)","decl":{"start":{"line":277,"column":27},"end":{"line":277,"column":40}},"loc":{"start":{"line":277,"column":52},"end":{"line":291,"column":1}},"line":277},"17":{"name":"(anonymous_17)","decl":{"start":{"line":280,"column":79},"end":{"line":280,"column":86}},"loc":{"start":{"line":280,"column":94},"end":{"line":282,"column":5}},"line":280},"18":{"name":"(anonymous_18)","decl":{"start":{"line":294,"column":25},"end":{"line":294,"column":38}},"loc":{"start":{"line":294,"column":48},"end":{"line":296,"column":1}},"line":294}},"branchMap":{"0":{"loc":{"start":{"line":26,"column":2},"end":{"line":26,"column":null}},"type":"if","locations":[{"start":{"line":26,"column":2},"end":{"line":26,"column":null}},{"start":{},"end":{}}],"line":26},"1":{"loc":{"start":{"line":29,"column":2},"end":{"line":31,"column":null}},"type":"if","locations":[{"start":{"line":29,"column":2},"end":{"line":31,"column":null}},{"start":{},"end":{}}],"line":29},"2":{"loc":{"start":{"line":29,"column":6},"end":{"line":29,"column":67}},"type":"binary-expr","locations":[{"start":{"line":29,"column":6},"end":{"line":29,"column":27}},{"start":{"line":29,"column":27},"end":{"line":29,"column":67}}],"line":29},"3":{"loc":{"start":{"line":40,"column":2},"end":{"line":40,"column":null}},"type":"if","locations":[{"start":{"line":40,"column":2},"end":{"line":40,"column":null}},{"start":{},"end":{}}],"line":40},"4":{"loc":{"start":{"line":40,"column":6},"end":{"line":40,"column":37}},"type":"binary-expr","locations":[{"start":{"line":40,"column":6},"end":{"line":40,"column":16}},{"start":{"line":40,"column":16},"end":{"line":40,"column":37}}],"line":40},"5":{"loc":{"start":{"line":42,"column":22},"end":{"line":42,"column":null}},"type":"cond-expr","locations":[{"start":{"line":42,"column":52},"end":{"line":42,"column":60}},{"start":{"line":42,"column":60},"end":{"line":42,"column":null}}],"line":42},"6":{"loc":{"start":{"line":58,"column":2},"end":{"line":58,"column":null}},"type":"if","locations":[{"start":{"line":58,"column":2},"end":{"line":58,"column":null}},{"start":{},"end":{}}],"line":58},"7":{"loc":{"start":{"line":58,"column":6},"end":{"line":58,"column":33}},"type":"binary-expr","locations":[{"start":{"line":58,"column":6},"end":{"line":58,"column":21}},{"start":{"line":58,"column":21},"end":{"line":58,"column":33}}],"line":58},"8":{"loc":{"start":{"line":71,"column":19},"end":{"line":71,"column":66}},"type":"binary-expr","locations":[{"start":{"line":71,"column":19},"end":{"line":71,"column":62}},{"start":{"line":71,"column":62},"end":{"line":71,"column":66}}],"line":71},"9":{"loc":{"start":{"line":85,"column":4},"end":{"line":85,"column":null}},"type":"if","locations":[{"start":{"line":85,"column":4},"end":{"line":85,"column":null}},{"start":{},"end":{}}],"line":85},"10":{"loc":{"start":{"line":87,"column":4},"end":{"line":87,"column":null}},"type":"if","locations":[{"start":{"line":87,"column":4},"end":{"line":87,"column":null}},{"start":{},"end":{}}],"line":87},"11":{"loc":{"start":{"line":87,"column":8},"end":{"line":87,"column":65}},"type":"binary-expr","locations":[{"start":{"line":87,"column":8},"end":{"line":87,"column":41}},{"start":{"line":87,"column":41},"end":{"line":87,"column":65}}],"line":87},"12":{"loc":{"start":{"line":100,"column":6},"end":{"line":104,"column":null}},"type":"if","locations":[{"start":{"line":100,"column":6},"end":{"line":104,"column":null}},{"start":{},"end":{}}],"line":100},"13":{"loc":{"start":{"line":100,"column":10},"end":{"line":100,"column":32}},"type":"binary-expr","locations":[{"start":{"line":100,"column":10},"end":{"line":100,"column":20}},{"start":{"line":100,"column":20},"end":{"line":100,"column":32}}],"line":100},"14":{"loc":{"start":{"line":115,"column":4},"end":{"line":119,"column":null}},"type":"if","locations":[{"start":{"line":115,"column":4},"end":{"line":119,"column":null}},{"start":{},"end":{}}],"line":115},"15":{"loc":{"start":{"line":115,"column":8},"end":{"line":115,"column":68}},"type":"binary-expr","locations":[{"start":{"line":115,"column":8},"end":{"line":115,"column":35}},{"start":{"line":115,"column":35},"end":{"line":115,"column":68}}],"line":115},"16":{"loc":{"start":{"line":137,"column":2},"end":{"line":139,"column":null}},"type":"if","locations":[{"start":{"line":137,"column":2},"end":{"line":139,"column":null}},{"start":{},"end":{}}],"line":137},"17":{"loc":{"start":{"line":137,"column":6},"end":{"line":137,"column":83}},"type":"binary-expr","locations":[{"start":{"line":137,"column":6},"end":{"line":137,"column":18}},{"start":{"line":137,"column":18},"end":{"line":137,"column":49}},{"start":{"line":137,"column":49},"end":{"line":137,"column":83}}],"line":137},"18":{"loc":{"start":{"line":142,"column":2},"end":{"line":272,"column":null}},"type":"switch","locations":[{"start":{"line":145,"column":4},"end":{"line":149,"column":null}},{"start":{"line":152,"column":4},"end":{"line":156,"column":null}},{"start":{"line":159,"column":4},"end":{"line":177,"column":null}},{"start":{"line":180,"column":4},"end":{"line":184,"column":null}},{"start":{"line":187,"column":4},"end":{"line":263,"column":null}},{"start":{"line":266,"column":4},"end":{"line":268,"column":null}},{"start":{"line":270,"column":4},"end":{"line":271,"column":null}}],"line":142},"19":{"loc":{"start":{"line":163,"column":6},"end":{"line":172,"column":null}},"type":"if","locations":[{"start":{"line":163,"column":6},"end":{"line":172,"column":null}},{"start":{},"end":{}}],"line":163},"20":{"loc":{"start":{"line":164,"column":8},"end":{"line":168,"column":null}},"type":"binary-expr","locations":[{"start":{"line":164,"column":8},"end":{"line":164,"column":null}},{"start":{"line":165,"column":8},"end":{"line":165,"column":null}},{"start":{"line":166,"column":8},"end":{"line":166,"column":null}},{"start":{"line":167,"column":8},"end":{"line":167,"column":null}},{"start":{"line":168,"column":8},"end":{"line":168,"column":null}}],"line":164},"21":{"loc":{"start":{"line":192,"column":6},"end":{"line":200,"column":null}},"type":"if","locations":[{"start":{"line":192,"column":6},"end":{"line":200,"column":null}},{"start":{},"end":{}}],"line":192},"22":{"loc":{"start":{"line":193,"column":8},"end":{"line":196,"column":null}},"type":"binary-expr","locations":[{"start":{"line":193,"column":8},"end":{"line":193,"column":null}},{"start":{"line":194,"column":8},"end":{"line":194,"column":null}},{"start":{"line":195,"column":8},"end":{"line":195,"column":null}},{"start":{"line":196,"column":8},"end":{"line":196,"column":null}}],"line":193},"23":{"loc":{"start":{"line":203,"column":20},"end":{"line":203,"column":null}},"type":"binary-expr","locations":[{"start":{"line":203,"column":20},"end":{"line":203,"column":40}},{"start":{"line":203,"column":40},"end":{"line":203,"column":null}}],"line":203},"24":{"loc":{"start":{"line":204,"column":6},"end":{"line":207,"column":null}},"type":"if","locations":[{"start":{"line":204,"column":6},"end":{"line":207,"column":null}},{"start":{},"end":{}}],"line":204},"25":{"loc":{"start":{"line":204,"column":10},"end":{"line":204,"column":45}},"type":"binary-expr","locations":[{"start":{"line":204,"column":10},"end":{"line":204,"column":23}},{"start":{"line":204,"column":23},"end":{"line":204,"column":45}}],"line":204},"26":{"loc":{"start":{"line":210,"column":6},"end":{"line":223,"column":null}},"type":"if","locations":[{"start":{"line":210,"column":6},"end":{"line":223,"column":null}},{"start":{},"end":{}}],"line":210},"27":{"loc":{"start":{"line":215,"column":10},"end":{"line":218,"column":null}},"type":"if","locations":[{"start":{"line":215,"column":10},"end":{"line":218,"column":null}},{"start":{},"end":{}}],"line":215},"28":{"loc":{"start":{"line":226,"column":6},"end":{"line":226,"column":null}},"type":"if","locations":[{"start":{"line":226,"column":6},"end":{"line":226,"column":null}},{"start":{},"end":{}}],"line":226},"29":{"loc":{"start":{"line":238,"column":8},"end":{"line":238,"column":null}},"type":"if","locations":[{"start":{"line":238,"column":8},"end":{"line":238,"column":null}},{"start":{},"end":{}}],"line":238},"30":{"loc":{"start":{"line":238,"column":43},"end":{"line":238,"column":61}},"type":"binary-expr","locations":[{"start":{"line":238,"column":43},"end":{"line":238,"column":59}},{"start":{"line":238,"column":59},"end":{"line":238,"column":61}}],"line":238},"31":{"loc":{"start":{"line":279,"column":2},"end":{"line":283,"column":null}},"type":"if","locations":[{"start":{"line":279,"column":2},"end":{"line":283,"column":null}},{"start":{},"end":{}}],"line":279},"32":{"loc":{"start":{"line":286,"column":2},"end":{"line":290,"column":null}},"type":"if","locations":[{"start":{"line":286,"column":2},"end":{"line":290,"column":null}},{"start":{"line":288,"column":9},"end":{"line":290,"column":null}}],"line":286},"33":{"loc":{"start":{"line":288,"column":9},"end":{"line":290,"column":null}},"type":"if","locations":[{"start":{"line":288,"column":9},"end":{"line":290,"column":null}},{"start":{},"end":{}}],"line":288}},"s":{"0":24,"1":24,"2":24,"3":0,"4":24,"5":24,"6":0,"7":24,"8":0,"9":0,"10":0,"11":0,"12":0,"13":0,"14":0,"15":0,"16":0,"17":0,"18":0,"19":0,"20":1,"21":1,"22":1,"23":14,"24":14,"25":66,"26":14,"27":14,"28":14,"29":11,"30":11,"31":11,"32":11,"33":0,"34":11,"35":0,"36":11,"37":11,"38":11,"39":1,"40":1,"41":0,"42":0,"43":1,"44":0,"45":0,"46":0,"47":0,"48":0,"49":0,"50":0,"51":0,"52":28,"53":2,"54":26,"55":26,"56":1,"57":0,"58":1,"59":1,"60":1,"61":0,"62":1,"63":1,"64":4,"65":4,"66":4,"67":4,"68":0,"69":0,"70":0,"71":1,"72":1,"73":1,"74":17,"75":17,"76":17,"77":3,"78":3,"79":14,"80":17,"81":2,"82":2,"83":12,"84":12,"85":12,"86":12,"87":12,"88":12,"89":1,"90":1,"91":0,"92":11,"93":11,"94":11,"95":0,"96":0,"97":0,"98":0,"99":0,"100":0,"101":0,"102":0,"103":0,"104":0,"105":0,"106":0,"107":0,"108":0,"109":0,"110":0,"111":0,"112":1,"113":1,"114":1,"115":0,"116":0,"117":0,"118":0,"119":0,"120":0,"121":0,"122":0,"123":1},"f":{"0":24,"1":0,"2":0,"3":14,"4":66,"5":11,"6":1,"7":1,"8":0,"9":0,"10":0,"11":28,"12":0,"13":0,"14":0,"15":0,"16":0,"17":0,"18":0},"b":{"0":[0,24],"1":[0,24],"2":[24,0],"3":[0,0],"4":[0,0],"5":[0,0],"6":[0,0],"7":[0,0],"8":[14,3],"9":[0,11],"10":[0,11],"11":[11,11],"12":[0,0],"13":[0,0],"14":[0,0],"15":[0,0],"16":[2,26],"17":[28,27,27],"18":[26,1,4,1,17,1,1],"19":[4,0],"20":[4,3,2,2,1],"21":[3,14],"22":[17,16,16,15],"23":[14,0],"24":[2,15],"25":[17,14],"26":[12,0],"27":[1,11],"28":[11,0],"29":[0,0],"30":[0,0],"31":[0,0],"32":[0,0],"33":[0,0]},"meta":{"lastBranch":34,"lastFunction":19,"lastStatement":124,"seen":{"f:23:9:23:30":0,"s:24:12:24:Infinity":0,"s:25:16:25:Infinity":1,"b:26:2:26:Infinity:undefined:undefined:undefined:undefined":0,"s:26:2:26:Infinity":2,"s:26:25:26:Infinity":3,"s:28:20:28:Infinity":4,"b:29:2:31:Infinity:undefined:undefined:undefined:undefined":1,"s:29:2:31:Infinity":5,"b:29:6:29:27:29:27:29:67":2,"s:30:4:30:Infinity":6,"s:32:2:32:Infinity":7,"f:39:9:39:32":1,"b:40:2:40:Infinity:undefined:undefined:undefined:undefined":3,"s:40:2:40:Infinity":8,"b:40:6:40:16:40:16:40:37":4,"s:40:37:40:Infinity":9,"s:41:2:49:Infinity":10,"s:42:22:42:Infinity":11,"b:42:52:42:60:42:60:42:Infinity":5,"s:43:16:43:Infinity":12,"s:44:4:44:Infinity":13,"s:47:17:47:Infinity":14,"s:48:4:48:Infinity":15,"f:56:9:56:22":2,"s:57:21:57:Infinity":16,"b:58:2:58:Infinity:undefined:undefined:undefined:undefined":6,"s:58:2:58:Infinity":17,"b:58:6:58:21:58:21:58:33":7,"s:58:33:58:Infinity":18,"s:59:2:59:Infinity":19,"s:65:37:65:Infinity":20,"s:66:30:66:Infinity":21,"s:67:31:67:Infinity":22,"f:69:9:69:23":3,"s:70:14:70:Infinity":23,"s:71:8:73:Infinity":24,"b:71:19:71:62:71:62:71:66":8,"f:71:66:71:Infinity":4,"s:72:9:72:Infinity":25,"s:74:2:74:Infinity":26,"s:75:2:75:Infinity":27,"s:76:2:76:Infinity":28,"f:81:15:81:58":5,"s:82:2:92:Infinity":29,"s:83:19:83:Infinity":30,"s:84:22:84:Infinity":31,"b:85:4:85:Infinity:undefined:undefined:undefined:undefined":9,"s:85:4:85:Infinity":32,"s:85:20:85:Infinity":33,"b:87:4:87:Infinity:undefined:undefined:undefined:undefined":10,"s:87:4:87:Infinity":34,"b:87:8:87:41:87:41:87:65":11,"s:87:65:87:Infinity":35,"s:88:10:88:Infinity":36,"s:89:4:89:Infinity":37,"s:91:4:91:Infinity":38,"f:97:9:97:33":6,"s:98:2:106:Infinity":39,"f:98:21:98:25":7,"s:99:4:105:Infinity":40,"b:100:6:104:Infinity:undefined:undefined:undefined:undefined":12,"s:100:6:104:Infinity":41,"b:100:10:100:20:100:20:100:32":13,"s:101:8:103:Infinity":42,"f:101:49:101:61":8,"s:111:0:130:Infinity":43,"f:111:25:111:Infinity":9,"b:115:4:119:Infinity:undefined:undefined:undefined:undefined":14,"s:115:4:119:Infinity":44,"b:115:8:115:35:115:35:115:68":15,"s:116:6:116:Infinity":45,"s:117:6:117:Infinity":46,"s:118:6:118:Infinity":47,"s:121:4:126:Infinity":48,"f:123:7:123:14":10,"s:124:8:124:Infinity":49,"s:125:8:125:Infinity":50,"s:128:4:128:Infinity":51,"f:132:22:132:Infinity":11,"b:137:2:139:Infinity:undefined:undefined:undefined:undefined":16,"s:137:2:139:Infinity":52,"b:137:6:137:18:137:18:137:49:137:49:137:83":17,"s:138:4:138:Infinity":53,"s:140:15:140:Infinity":54,"b:145:4:149:Infinity:152:4:156:Infinity:159:4:177:Infinity:180:4:184:Infinity:187:4:263:Infinity:266:4:268:Infinity:270:4:271:Infinity":18,"s:142:2:272:Infinity":55,"s:146:21:146:Infinity":56,"f:146:78:146:91":12,"s:146:91:146:94":57,"s:147:23:147:Infinity":58,"s:148:6:148:Infinity":59,"s:153:21:153:Infinity":60,"f:153:78:153:91":13,"s:153:91:153:94":61,"s:154:23:154:Infinity":62,"s:155:6:155:Infinity":63,"s:160:24:160:Infinity":64,"b:163:6:172:Infinity:undefined:undefined:undefined:undefined":19,"s:163:6:172:Infinity":65,"b:164:8:164:Infinity:165:8:165:Infinity:166:8:166:Infinity:167:8:167:Infinity:168:8:168:Infinity":20,"s:170:8:170:Infinity":66,"s:171:8:171:Infinity":67,"s:174:6:174:Infinity":68,"s:175:6:175:Infinity":69,"s:176:6:176:Infinity":70,"s:181:6:181:Infinity":71,"f:181:68:181:80":14,"s:182:6:182:Infinity":72,"s:183:6:183:Infinity":73,"s:188:6:188:Infinity":74,"s:189:30:189:Infinity":75,"b:192:6:200:Infinity:undefined:undefined:undefined:undefined":21,"s:192:6:200:Infinity":76,"b:193:8:193:Infinity:194:8:194:Infinity:195:8:195:Infinity:196:8:196:Infinity":22,"s:198:8:198:Infinity":77,"s:199:8:199:Infinity":78,"s:203:20:203:Infinity":79,"b:203:20:203:40:203:40:203:Infinity":23,"b:204:6:207:Infinity:undefined:undefined:undefined:undefined":24,"s:204:6:207:Infinity":80,"b:204:10:204:23:204:23:204:45":25,"s:205:8:205:Infinity":81,"s:206:8:206:Infinity":82,"b:210:6:223:Infinity:undefined:undefined:undefined:undefined":26,"s:210:6:223:Infinity":83,"s:211:8:222:Infinity":84,"s:212:25:212:Infinity":85,"s:213:28:213:Infinity":86,"s:214:32:214:Infinity":87,"b:215:10:218:Infinity:undefined:undefined:undefined:undefined":27,"s:215:10:218:Infinity":88,"s:216:12:216:Infinity":89,"s:217:12:217:Infinity":90,"s:221:10:221:Infinity":91,"s:225:25:225:Infinity":92,"b:226:6:226:Infinity:undefined:undefined:undefined:undefined":28,"s:226:6:226:Infinity":93,"s:226:23:226:Infinity":94,"s:229:6:234:Infinity":95,"s:230:25:230:Infinity":96,"s:231:8:231:Infinity":97,"f:231:25:231:33":15,"s:231:55:231:73":98,"s:233:8:233:Infinity":99,"s:236:22:236:Infinity":100,"s:237:6:256:Infinity":101,"b:238:8:238:Infinity:undefined:undefined:undefined:undefined":29,"s:238:8:238:Infinity":102,"b:238:43:238:59:238:59:238:61":30,"s:238:64:238:Infinity":103,"s:239:8:255:Infinity":104,"s:240:27:243:Infinity":105,"s:244:10:252:Infinity":106,"s:254:10:254:Infinity":107,"s:258:6:258:Infinity":108,"s:259:22:259:Infinity":109,"s:260:6:260:Infinity":110,"s:262:6:262:Infinity":111,"s:267:6:267:Infinity":112,"s:271:6:271:Infinity":113,"s:277:0:291:Infinity":114,"f:277:27:277:40":16,"b:279:2:283:Infinity:undefined:undefined:undefined:undefined":31,"s:279:2:283:Infinity":115,"s:280:4:282:Infinity":116,"f:280:79:280:86":17,"s:281:6:281:Infinity":117,"s:285:18:285:Infinity":118,"b:286:2:290:Infinity:288:9:290:Infinity":32,"s:286:2:290:Infinity":119,"s:287:4:287:Infinity":120,"b:288:9:290:Infinity:undefined:undefined:undefined:undefined":33,"s:288:9:290:Infinity":121,"s:289:4:289:Infinity":122,"s:294:0:296:Infinity":123,"f:294:25:294:38":18}}}
,"/Users/abhishek/Programming/Projects/ai-pass-mange/src/crypto/index.ts": {"path":"/Users/abhishek/Programming/Projects/ai-pass-mange/src/crypto/index.ts","statementMap":{},"fnMap":{},"branchMap":{},"s":{},"f":{},"b":{},"meta":{"lastBranch":0,"lastFunction":0,"lastStatement":0,"seen":{}}}
,"/Users/abhishek/Programming/Projects/ai-pass-mange/src/crypto/vault-crypto.ts": {"path":"/Users/abhishek/Programming/Projects/ai-pass-mange/src/crypto/vault-crypto.ts","statementMap":{"0":{"start":{"line":20,"column":26},"end":{"line":20,"column":null}},"1":{"start":{"line":21,"column":19},"end":{"line":21,"column":null}},"2":{"start":{"line":22,"column":18},"end":{"line":22,"column":null}},"3":{"start":{"line":23,"column":20},"end":{"line":23,"column":null}},"4":{"start":{"line":24,"column":18},"end":{"line":24,"column":null}},"5":{"start":{"line":31,"column":16},"end":{"line":31,"column":null}},"6":{"start":{"line":32,"column":15},"end":{"line":32,"column":null}},"7":{"start":{"line":33,"column":2},"end":{"line":35,"column":null}},"8":{"start":{"line":33,"column":15},"end":{"line":33,"column":18}},"9":{"start":{"line":34,"column":4},"end":{"line":34,"column":null}},"10":{"start":{"line":36,"column":2},"end":{"line":36,"column":null}},"11":{"start":{"line":40,"column":17},"end":{"line":40,"column":null}},"12":{"start":{"line":41,"column":16},"end":{"line":41,"column":null}},"13":{"start":{"line":42,"column":2},"end":{"line":44,"column":null}},"14":{"start":{"line":42,"column":15},"end":{"line":42,"column":18}},"15":{"start":{"line":43,"column":4},"end":{"line":43,"column":null}},"16":{"start":{"line":45,"column":2},"end":{"line":45,"column":null}},"17":{"start":{"line":53,"column":2},"end":{"line":53,"column":null}},"18":{"start":{"line":57,"column":2},"end":{"line":57,"column":null}},"19":{"start":{"line":61,"column":2},"end":{"line":61,"column":null}},"20":{"start":{"line":74,"column":28},"end":{"line":74,"column":null}},"21":{"start":{"line":77,"column":20},"end":{"line":77,"column":null}},"22":{"start":{"line":78,"column":26},"end":{"line":78,"column":null}},"23":{"start":{"line":80,"column":4},"end":{"line":107,"column":null}},"24":{"start":{"line":81,"column":26},"end":{"line":87,"column":null}},"25":{"start":{"line":89,"column":25},"end":{"line":89,"column":null}},"26":{"start":{"line":90,"column":19},"end":{"line":90,"column":null}},"27":{"start":{"line":92,"column":26},"end":{"line":101,"column":null}},"28":{"start":{"line":103,"column":6},"end":{"line":103,"column":null}},"29":{"start":{"line":106,"column":6},"end":{"line":106,"column":null}},"30":{"start":{"line":112,"column":28},"end":{"line":112,"column":null}},"31":{"start":{"line":115,"column":23},"end":{"line":115,"column":null}},"32":{"start":{"line":116,"column":23},"end":{"line":116,"column":null}},"33":{"start":{"line":117,"column":24},"end":{"line":117,"column":null}},"34":{"start":{"line":119,"column":4},"end":{"line":132,"column":null}},"35":{"start":{"line":120,"column":22},"end":{"line":128,"column":null}},"36":{"start":{"line":129,"column":6},"end":{"line":129,"column":null}},"37":{"start":{"line":137,"column":2},"end":{"line":139,"column":null}},"38":{"start":{"line":138,"column":4},"end":{"line":138,"column":null}},"39":{"start":{"line":140,"column":2},"end":{"line":142,"column":null}},"40":{"start":{"line":141,"column":4},"end":{"line":141,"column":null}},"41":{"start":{"line":143,"column":2},"end":{"line":143,"column":null}},"42":{"start":{"line":155,"column":20},"end":{"line":158,"column":null}},"43":{"start":{"line":159,"column":23},"end":{"line":165,"column":null}},"44":{"start":{"line":167,"column":18},"end":{"line":167,"column":null}},"45":{"start":{"line":168,"column":2},"end":{"line":179,"column":null}},"46":{"start":{"line":186,"column":20},"end":{"line":189,"column":null}},"47":{"start":{"line":190,"column":2},"end":{"line":196,"column":null}},"48":{"start":{"line":209,"column":20},"end":{"line":209,"column":null}},"49":{"start":{"line":210,"column":19},"end":{"line":210,"column":null}},"50":{"start":{"line":212,"column":24},"end":{"line":212,"column":null}},"51":{"start":{"line":213,"column":2},"end":{"line":219,"column":null}},"52":{"start":{"line":214,"column":23},"end":{"line":214,"column":null}},"53":{"start":{"line":215,"column":4},"end":{"line":215,"column":null}},"54":{"start":{"line":217,"column":4},"end":{"line":217,"column":null}},"55":{"start":{"line":218,"column":4},"end":{"line":218,"column":null}},"56":{"start":{"line":230,"column":15},"end":{"line":230,"column":null}},"57":{"start":{"line":231,"column":25},"end":{"line":235,"column":null}},"58":{"start":{"line":236,"column":14},"end":{"line":236,"column":null}},"59":{"start":{"line":237,"column":2},"end":{"line":237,"column":null}},"60":{"start":{"line":252,"column":13},"end":{"line":252,"column":null}},"61":{"start":{"line":253,"column":18},"end":{"line":253,"column":null}},"62":{"start":{"line":254,"column":25},"end":{"line":254,"column":null}},"63":{"start":{"line":256,"column":2},"end":{"line":269,"column":null}},"64":{"start":{"line":257,"column":29},"end":{"line":261,"column":null}},"65":{"start":{"line":263,"column":4},"end":{"line":266,"column":null}},"66":{"start":{"line":268,"column":4},"end":{"line":268,"column":null}},"67":{"start":{"line":280,"column":13},"end":{"line":280,"column":null}},"68":{"start":{"line":281,"column":26},"end":{"line":281,"column":null}},"69":{"start":{"line":283,"column":2},"end":{"line":295,"column":null}},"70":{"start":{"line":284,"column":28},"end":{"line":288,"column":null}},"71":{"start":{"line":290,"column":20},"end":{"line":290,"column":null}},"72":{"start":{"line":291,"column":4},"end":{"line":291,"column":null}},"73":{"start":{"line":293,"column":4},"end":{"line":293,"column":null}},"74":{"start":{"line":294,"column":4},"end":{"line":294,"column":null}},"75":{"start":{"line":302,"column":27},"end":{"line":302,"column":null}},"76":{"start":{"line":311,"column":2},"end":{"line":311,"column":null}},"77":{"start":{"line":321,"column":2},"end":{"line":326,"column":null}},"78":{"start":{"line":322,"column":22},"end":{"line":322,"column":null}},"79":{"start":{"line":323,"column":4},"end":{"line":323,"column":null}},"80":{"start":{"line":325,"column":4},"end":{"line":325,"column":null}},"81":{"start":{"line":337,"column":16},"end":{"line":337,"column":null}},"82":{"start":{"line":338,"column":2},"end":{"line":338,"column":null}},"83":{"start":{"line":346,"column":2},"end":{"line":348,"column":null}},"84":{"start":{"line":346,"column":15},"end":{"line":346,"column":18}},"85":{"start":{"line":347,"column":4},"end":{"line":347,"column":null}},"86":{"start":{"line":356,"column":20},"end":{"line":356,"column":null}},"87":{"start":{"line":357,"column":2},"end":{"line":357,"column":null}},"88":{"start":{"line":357,"column":30},"end":{"line":357,"column":null}},"89":{"start":{"line":358,"column":2},"end":{"line":358,"column":null}},"90":{"start":{"line":358,"column":30},"end":{"line":358,"column":null}},"91":{"start":{"line":359,"column":2},"end":{"line":359,"column":null}},"92":{"start":{"line":359,"column":30},"end":{"line":359,"column":null}},"93":{"start":{"line":360,"column":2},"end":{"line":360,"column":null}},"94":{"start":{"line":360,"column":37},"end":{"line":360,"column":null}},"95":{"start":{"line":361,"column":2},"end":{"line":361,"column":null}}},"fnMap":{"0":{"name":"arrayBufferToBase64","decl":{"start":{"line":30,"column":16},"end":{"line":30,"column":36}},"loc":{"start":{"line":30,"column":78},"end":{"line":37,"column":null}},"line":30},"1":{"name":"base64ToUint8Array","decl":{"start":{"line":39,"column":16},"end":{"line":39,"column":35}},"loc":{"start":{"line":39,"column":63},"end":{"line":46,"column":null}},"line":39},"2":{"name":"generateRandomBytes","decl":{"start":{"line":52,"column":16},"end":{"line":52,"column":36}},"loc":{"start":{"line":52,"column":64},"end":{"line":54,"column":null}},"line":52},"3":{"name":"generateSalt","decl":{"start":{"line":56,"column":16},"end":{"line":56,"column":39}},"loc":{"start":{"line":56,"column":39},"end":{"line":58,"column":null}},"line":56},"4":{"name":"generateIV","decl":{"start":{"line":60,"column":16},"end":{"line":60,"column":41}},"loc":{"start":{"line":60,"column":41},"end":{"line":62,"column":null}},"line":60},"5":{"name":"(anonymous_5)","decl":{"start":{"line":76,"column":8},"end":{"line":76,"column":23}},"loc":{"start":{"line":76,"column":104},"end":{"line":108,"column":null}},"line":76},"6":{"name":"(anonymous_6)","decl":{"start":{"line":114,"column":8},"end":{"line":114,"column":23}},"loc":{"start":{"line":114,"column":104},"end":{"line":133,"column":null}},"line":114},"7":{"name":"createKDFProvider","decl":{"start":{"line":136,"column":16},"end":{"line":136,"column":34}},"loc":{"start":{"line":136,"column":72},"end":{"line":144,"column":null}},"line":136},"8":{"name":"deriveSessionKey","decl":{"start":{"line":153,"column":22},"end":{"line":153,"column":39}},"loc":{"start":{"line":153,"column":86},"end":{"line":180,"column":null}},"line":153},"9":{"name":"importSessionKey","decl":{"start":{"line":185,"column":22},"end":{"line":185,"column":39}},"loc":{"start":{"line":185,"column":81},"end":{"line":197,"column":null}},"line":185},"10":{"name":"deriveKey","decl":{"start":{"line":204,"column":22},"end":{"line":204,"column":null}},"loc":{"start":{"line":208,"column":22},"end":{"line":220,"column":null}},"line":208},"11":{"name":"deriveNewKey","decl":{"start":{"line":226,"column":22},"end":{"line":226,"column":null}},"loc":{"start":{"line":229,"column":29},"end":{"line":238,"column":null}},"line":229},"12":{"name":"encrypt","decl":{"start":{"line":248,"column":22},"end":{"line":248,"column":null}},"loc":{"start":{"line":251,"column":26},"end":{"line":270,"column":null}},"line":251},"13":{"name":"decrypt","decl":{"start":{"line":276,"column":22},"end":{"line":276,"column":null}},"loc":{"start":{"line":279,"column":19},"end":{"line":296,"column":null}},"line":279},"14":{"name":"createVerifier","decl":{"start":{"line":308,"column":22},"end":{"line":308,"column":null}},"loc":{"start":{"line":310,"column":26},"end":{"line":312,"column":null}},"line":310},"15":{"name":"verifyMasterPassword","decl":{"start":{"line":317,"column":22},"end":{"line":317,"column":null}},"loc":{"start":{"line":320,"column":20},"end":{"line":327,"column":null}},"line":320},"16":{"name":"secureZero","decl":{"start":{"line":336,"column":16},"end":{"line":336,"column":27}},"loc":{"start":{"line":336,"column":64},"end":{"line":339,"column":null}},"line":336},"17":{"name":"secureWipe","decl":{"start":{"line":345,"column":16},"end":{"line":345,"column":27}},"loc":{"start":{"line":345,"column":50},"end":{"line":349,"column":null}},"line":345},"18":{"name":"estimateEntropy","decl":{"start":{"line":355,"column":16},"end":{"line":355,"column":32}},"loc":{"start":{"line":355,"column":58},"end":{"line":362,"column":null}},"line":355}},"branchMap":{"0":{"loc":{"start":{"line":31,"column":16},"end":{"line":31,"column":null}},"type":"cond-expr","locations":[{"start":{"line":31,"column":47},"end":{"line":31,"column":56}},{"start":{"line":31,"column":56},"end":{"line":31,"column":null}}],"line":31},"1":{"loc":{"start":{"line":89,"column":25},"end":{"line":89,"column":null}},"type":"binary-expr","locations":[{"start":{"line":89,"column":25},"end":{"line":89,"column":46}},{"start":{"line":89,"column":46},"end":{"line":89,"column":null}}],"line":89},"2":{"loc":{"start":{"line":90,"column":19},"end":{"line":90,"column":null}},"type":"binary-expr","locations":[{"start":{"line":90,"column":19},"end":{"line":90,"column":34}},{"start":{"line":90,"column":34},"end":{"line":90,"column":null}}],"line":90},"3":{"loc":{"start":{"line":115,"column":23},"end":{"line":115,"column":null}},"type":"binary-expr","locations":[{"start":{"line":115,"column":23},"end":{"line":115,"column":44}},{"start":{"line":115,"column":44},"end":{"line":115,"column":null}}],"line":115},"4":{"loc":{"start":{"line":116,"column":23},"end":{"line":116,"column":null}},"type":"binary-expr","locations":[{"start":{"line":116,"column":23},"end":{"line":116,"column":42}},{"start":{"line":116,"column":42},"end":{"line":116,"column":null}}],"line":116},"5":{"loc":{"start":{"line":117,"column":24},"end":{"line":117,"column":null}},"type":"binary-expr","locations":[{"start":{"line":117,"column":24},"end":{"line":117,"column":46}},{"start":{"line":117,"column":46},"end":{"line":117,"column":null}}],"line":117},"6":{"loc":{"start":{"line":137,"column":2},"end":{"line":139,"column":null}},"type":"if","locations":[{"start":{"line":137,"column":2},"end":{"line":139,"column":null}},{"start":{},"end":{}}],"line":137},"7":{"loc":{"start":{"line":140,"column":2},"end":{"line":142,"column":null}},"type":"if","locations":[{"start":{"line":140,"column":2},"end":{"line":142,"column":null}},{"start":{},"end":{}}],"line":140},"8":{"loc":{"start":{"line":207,"column":2},"end":{"line":207,"column":null}},"type":"default-arg","locations":[{"start":{"line":207,"column":25},"end":{"line":207,"column":null}}],"line":207},"9":{"loc":{"start":{"line":228,"column":2},"end":{"line":228,"column":null}},"type":"default-arg","locations":[{"start":{"line":228,"column":28},"end":{"line":228,"column":null}}],"line":228},"10":{"loc":{"start":{"line":337,"column":16},"end":{"line":337,"column":null}},"type":"cond-expr","locations":[{"start":{"line":337,"column":44},"end":{"line":337,"column":50}},{"start":{"line":337,"column":50},"end":{"line":337,"column":null}}],"line":337},"11":{"loc":{"start":{"line":357,"column":2},"end":{"line":357,"column":null}},"type":"if","locations":[{"start":{"line":357,"column":2},"end":{"line":357,"column":null}},{"start":{},"end":{}}],"line":357},"12":{"loc":{"start":{"line":358,"column":2},"end":{"line":358,"column":null}},"type":"if","locations":[{"start":{"line":358,"column":2},"end":{"line":358,"column":null}},{"start":{},"end":{}}],"line":358},"13":{"loc":{"start":{"line":359,"column":2},"end":{"line":359,"column":null}},"type":"if","locations":[{"start":{"line":359,"column":2},"end":{"line":359,"column":null}},{"start":{},"end":{}}],"line":359},"14":{"loc":{"start":{"line":360,"column":2},"end":{"line":360,"column":null}},"type":"if","locations":[{"start":{"line":360,"column":2},"end":{"line":360,"column":null}},{"start":{},"end":{}}],"line":360},"15":{"loc":{"start":{"line":361,"column":9},"end":{"line":361,"column":null}},"type":"cond-expr","locations":[{"start":{"line":361,"column":27},"end":{"line":361,"column":70}},{"start":{"line":361,"column":70},"end":{"line":361,"column":null}}],"line":361}},"s":{"0":4,"1":4,"2":4,"3":4,"4":4,"5":186,"6":186,"7":186,"8":186,"9":20601,"10":186,"11":150,"12":150,"13":150,"14":150,"15":15626,"16":139,"17":110,"18":49,"19":59,"20":40,"21":41,"22":41,"23":41,"24":41,"25":41,"26":41,"27":41,"28":41,"29":41,"30":25,"31":25,"32":25,"33":25,"34":25,"35":25,"36":25,"37":63,"38":37,"39":26,"40":25,"41":1,"42":62,"43":62,"44":62,"45":62,"46":1,"47":1,"48":61,"49":61,"50":61,"51":61,"52":61,"53":61,"54":61,"55":61,"56":34,"57":34,"58":34,"59":34,"60":57,"61":57,"62":57,"63":57,"64":57,"65":57,"66":57,"67":38,"68":38,"69":38,"70":38,"71":25,"72":25,"73":38,"74":38,"75":4,"76":21,"77":10,"78":10,"79":2,"80":8,"81":298,"82":298,"83":1,"84":1,"85":3,"86":24,"87":24,"88":23,"89":24,"90":3,"91":24,"92":7,"93":24,"94":4,"95":24},"f":{"0":186,"1":150,"2":110,"3":49,"4":59,"5":41,"6":25,"7":63,"8":62,"9":1,"10":61,"11":34,"12":57,"13":38,"14":21,"15":10,"16":298,"17":1,"18":24},"b":{"0":[128,58],"1":[41,0],"2":[41,0],"3":[25,25],"4":[25,25],"5":[25,25],"6":[37,26],"7":[25,1],"8":[61],"9":[34],"10":[199,99],"11":[23,1],"12":[3,21],"13":[7,17],"14":[4,20],"15":[23,1]},"meta":{"lastBranch":16,"lastFunction":19,"lastStatement":96,"seen":{"s:20:26:20:Infinity":0,"s:21:19:21:Infinity":1,"s:22:18:22:Infinity":2,"s:23:20:23:Infinity":3,"s:24:18:24:Infinity":4,"f:30:16:30:36":0,"s:31:16:31:Infinity":5,"b:31:47:31:56:31:56:31:Infinity":0,"s:32:15:32:Infinity":6,"s:33:2:35:Infinity":7,"s:33:15:33:18":8,"s:34:4:34:Infinity":9,"s:36:2:36:Infinity":10,"f:39:16:39:35":1,"s:40:17:40:Infinity":11,"s:41:16:41:Infinity":12,"s:42:2:44:Infinity":13,"s:42:15:42:18":14,"s:43:4:43:Infinity":15,"s:45:2:45:Infinity":16,"f:52:16:52:36":2,"s:53:2:53:Infinity":17,"f:56:16:56:39":3,"s:57:2:57:Infinity":18,"f:60:16:60:41":4,"s:61:2:61:Infinity":19,"s:74:28:74:Infinity":20,"f:76:8:76:23":5,"s:77:20:77:Infinity":21,"s:78:26:78:Infinity":22,"s:80:4:107:Infinity":23,"s:81:26:87:Infinity":24,"s:89:25:89:Infinity":25,"b:89:25:89:46:89:46:89:Infinity":1,"s:90:19:90:Infinity":26,"b:90:19:90:34:90:34:90:Infinity":2,"s:92:26:101:Infinity":27,"s:103:6:103:Infinity":28,"s:106:6:106:Infinity":29,"s:112:28:112:Infinity":30,"f:114:8:114:23":6,"s:115:23:115:Infinity":31,"b:115:23:115:44:115:44:115:Infinity":3,"s:116:23:116:Infinity":32,"b:116:23:116:42:116:42:116:Infinity":4,"s:117:24:117:Infinity":33,"b:117:24:117:46:117:46:117:Infinity":5,"s:119:4:132:Infinity":34,"s:120:22:128:Infinity":35,"s:129:6:129:Infinity":36,"f:136:16:136:34":7,"b:137:2:139:Infinity:undefined:undefined:undefined:undefined":6,"s:137:2:139:Infinity":37,"s:138:4:138:Infinity":38,"b:140:2:142:Infinity:undefined:undefined:undefined:undefined":7,"s:140:2:142:Infinity":39,"s:141:4:141:Infinity":40,"s:143:2:143:Infinity":41,"f:153:22:153:39":8,"s:155:20:158:Infinity":42,"s:159:23:165:Infinity":43,"s:167:18:167:Infinity":44,"s:168:2:179:Infinity":45,"f:185:22:185:39":9,"s:186:20:189:Infinity":46,"s:190:2:196:Infinity":47,"f:204:22:204:Infinity":10,"b:207:25:207:Infinity":8,"s:209:20:209:Infinity":48,"s:210:19:210:Infinity":49,"s:212:24:212:Infinity":50,"s:213:2:219:Infinity":51,"s:214:23:214:Infinity":52,"s:215:4:215:Infinity":53,"s:217:4:217:Infinity":54,"s:218:4:218:Infinity":55,"f:226:22:226:Infinity":11,"b:228:28:228:Infinity":9,"s:230:15:230:Infinity":56,"s:231:25:235:Infinity":57,"s:236:14:236:Infinity":58,"s:237:2:237:Infinity":59,"f:248:22:248:Infinity":12,"s:252:13:252:Infinity":60,"s:253:18:253:Infinity":61,"s:254:25:254:Infinity":62,"s:256:2:269:Infinity":63,"s:257:29:261:Infinity":64,"s:263:4:266:Infinity":65,"s:268:4:268:Infinity":66,"f:276:22:276:Infinity":13,"s:280:13:280:Infinity":67,"s:281:26:281:Infinity":68,"s:283:2:295:Infinity":69,"s:284:28:288:Infinity":70,"s:290:20:290:Infinity":71,"s:291:4:291:Infinity":72,"s:293:4:293:Infinity":73,"s:294:4:294:Infinity":74,"s:302:27:302:Infinity":75,"f:308:22:308:Infinity":14,"s:311:2:311:Infinity":76,"f:317:22:317:Infinity":15,"s:321:2:326:Infinity":77,"s:322:22:322:Infinity":78,"s:323:4:323:Infinity":79,"s:325:4:325:Infinity":80,"f:336:16:336:27":16,"s:337:16:337:Infinity":81,"b:337:44:337:50:337:50:337:Infinity":10,"s:338:2:338:Infinity":82,"f:345:16:345:27":17,"s:346:2:348:Infinity":83,"s:346:15:346:18":84,"s:347:4:347:Infinity":85,"f:355:16:355:32":18,"s:356:20:356:Infinity":86,"b:357:2:357:Infinity:undefined:undefined:undefined:undefined":11,"s:357:2:357:Infinity":87,"s:357:30:357:Infinity":88,"b:358:2:358:Infinity:undefined:undefined:undefined:undefined":12,"s:358:2:358:Infinity":89,"s:358:30:358:Infinity":90,"b:359:2:359:Infinity:undefined:undefined:undefined:undefined":13,"s:359:2:359:Infinity":91,"s:359:30:359:Infinity":92,"b:360:2:360:Infinity:undefined:undefined:undefined:undefined":14,"s:360:2:360:Infinity":93,"s:360:37:360:Infinity":94,"s:361:2:361:Infinity":95,"b:361:27:361:70:361:70:361:Infinity":15}}}
,"/Users/abhishek/Programming/Projects/ai-pass-mange/src/storage/index.ts": {"path":"/Users/abhishek/Programming/Projects/ai-pass-mange/src/storage/index.ts","statementMap":{},"fnMap":{},"branchMap":{},"s":{},"f":{},"b":{},"meta":{"lastBranch":0,"lastFunction":0,"lastStatement":0,"seen":{}}}
,"/Users/abhishek/Programming/Projects/ai-pass-mange/src/storage/vault-storage.ts": {"path":"/Users/abhishek/Programming/Projects/ai-pass-mange/src/storage/vault-storage.ts","statementMap":{"0":{"start":{"line":10,"column":21},"end":{"line":14,"column":null}},"1":{"start":{"line":24,"column":41},"end":{"line":30,"column":null}},"2":{"start":{"line":37,"column":2},"end":{"line":41,"column":null}},"3":{"start":{"line":38,"column":4},"end":{"line":40,"column":null}},"4":{"start":{"line":39,"column":6},"end":{"line":39,"column":null}},"5":{"start":{"line":45,"column":2},"end":{"line":53,"column":null}},"6":{"start":{"line":46,"column":4},"end":{"line":52,"column":null}},"7":{"start":{"line":47,"column":6},"end":{"line":51,"column":null}},"8":{"start":{"line":48,"column":8},"end":{"line":48,"column":null}},"9":{"start":{"line":50,"column":8},"end":{"line":50,"column":null}},"10":{"start":{"line":57,"column":2},"end":{"line":59,"column":null}},"11":{"start":{"line":58,"column":4},"end":{"line":58,"column":null}},"12":{"start":{"line":58,"column":45},"end":{"line":58,"column":54}},"13":{"start":{"line":67,"column":2},"end":{"line":67,"column":null}},"14":{"start":{"line":71,"column":2},"end":{"line":71,"column":null}},"15":{"start":{"line":75,"column":2},"end":{"line":75,"column":null}},"16":{"start":{"line":83,"column":16},"end":{"line":83,"column":null}},"17":{"start":{"line":84,"column":2},"end":{"line":84,"column":null}},"18":{"start":{"line":88,"column":2},"end":{"line":88,"column":null}},"19":{"start":{"line":92,"column":2},"end":{"line":92,"column":null}},"20":{"start":{"line":100,"column":19},"end":{"line":100,"column":null}},"21":{"start":{"line":101,"column":2},"end":{"line":101,"column":null}},"22":{"start":{"line":105,"column":18},"end":{"line":105,"column":null}},"23":{"start":{"line":106,"column":2},"end":{"line":106,"column":null}},"24":{"start":{"line":114,"column":2},"end":{"line":117,"column":null}}},"fnMap":{"0":{"name":"chromeGet","decl":{"start":{"line":36,"column":9},"end":{"line":36,"column":22}},"loc":{"start":{"line":36,"column":54},"end":{"line":42,"column":null}},"line":36},"1":{"name":"(anonymous_1)","decl":{"start":{"line":37,"column":13},"end":{"line":37,"column":22}},"loc":{"start":{"line":37,"column":34},"end":{"line":41,"column":3}},"line":37},"2":{"name":"(anonymous_2)","decl":{"start":{"line":38,"column":33},"end":{"line":38,"column":37}},"loc":{"start":{"line":38,"column":72},"end":{"line":40,"column":5}},"line":38},"3":{"name":"chromeSet","decl":{"start":{"line":44,"column":9},"end":{"line":44,"column":19}},"loc":{"start":{"line":44,"column":63},"end":{"line":54,"column":null}},"line":44},"4":{"name":"(anonymous_4)","decl":{"start":{"line":45,"column":13},"end":{"line":45,"column":22}},"loc":{"start":{"line":45,"column":42},"end":{"line":53,"column":3}},"line":45},"5":{"name":"(anonymous_5)","decl":{"start":{"line":46,"column":44},"end":{"line":46,"column":53}},"loc":{"start":{"line":46,"column":53},"end":{"line":52,"column":5}},"line":46},"6":{"name":"chromeRemove","decl":{"start":{"line":56,"column":9},"end":{"line":56,"column":22}},"loc":{"start":{"line":56,"column":50},"end":{"line":60,"column":null}},"line":56},"7":{"name":"(anonymous_7)","decl":{"start":{"line":57,"column":13},"end":{"line":57,"column":22}},"loc":{"start":{"line":57,"column":34},"end":{"line":59,"column":3}},"line":57},"8":{"name":"(anonymous_8)","decl":{"start":{"line":58,"column":36},"end":{"line":58,"column":45}},"loc":{"start":{"line":58,"column":45},"end":{"line":58,"column":54}},"line":58},"9":{"name":"loadVaultMeta","decl":{"start":{"line":66,"column":22},"end":{"line":66,"column":65}},"loc":{"start":{"line":66,"column":65},"end":{"line":68,"column":null}},"line":66},"10":{"name":"saveVaultMeta","decl":{"start":{"line":70,"column":22},"end":{"line":70,"column":36}},"loc":{"start":{"line":70,"column":68},"end":{"line":72,"column":null}},"line":70},"11":{"name":"clearVaultMeta","decl":{"start":{"line":74,"column":22},"end":{"line":74,"column":54}},"loc":{"start":{"line":74,"column":54},"end":{"line":76,"column":null}},"line":74},"12":{"name":"loadVaultItems","decl":{"start":{"line":82,"column":22},"end":{"line":82,"column":61}},"loc":{"start":{"line":82,"column":61},"end":{"line":85,"column":null}},"line":82},"13":{"name":"saveVaultItems","decl":{"start":{"line":87,"column":22},"end":{"line":87,"column":37}},"loc":{"start":{"line":87,"column":72},"end":{"line":89,"column":null}},"line":87},"14":{"name":"clearVaultItems","decl":{"start":{"line":91,"column":22},"end":{"line":91,"column":55}},"loc":{"start":{"line":91,"column":55},"end":{"line":93,"column":null}},"line":91},"15":{"name":"loadSettings","decl":{"start":{"line":99,"column":22},"end":{"line":99,"column":62}},"loc":{"start":{"line":99,"column":62},"end":{"line":102,"column":null}},"line":99},"16":{"name":"saveSettings","decl":{"start":{"line":104,"column":22},"end":{"line":104,"column":35}},"loc":{"start":{"line":104,"column":85},"end":{"line":107,"column":null}},"line":104},"17":{"name":"wipeVault","decl":{"start":{"line":113,"column":22},"end":{"line":113,"column":49}},"loc":{"start":{"line":113,"column":49},"end":{"line":118,"column":null}},"line":113}},"branchMap":{"0":{"loc":{"start":{"line":39,"column":15},"end":{"line":39,"column":40}},"type":"binary-expr","locations":[{"start":{"line":39,"column":15},"end":{"line":39,"column":36}},{"start":{"line":39,"column":36},"end":{"line":39,"column":40}}],"line":39},"1":{"loc":{"start":{"line":47,"column":6},"end":{"line":51,"column":null}},"type":"if","locations":[{"start":{"line":47,"column":6},"end":{"line":51,"column":null}},{"start":{"line":49,"column":13},"end":{"line":51,"column":null}}],"line":47},"2":{"loc":{"start":{"line":84,"column":9},"end":{"line":84,"column":null}},"type":"binary-expr","locations":[{"start":{"line":84,"column":9},"end":{"line":84,"column":18}},{"start":{"line":84,"column":18},"end":{"line":84,"column":null}}],"line":84},"3":{"loc":{"start":{"line":101,"column":36},"end":{"line":101,"column":52}},"type":"binary-expr","locations":[{"start":{"line":101,"column":36},"end":{"line":101,"column":48}},{"start":{"line":101,"column":48},"end":{"line":101,"column":52}}],"line":101}},"s":{"0":3,"1":3,"2":16,"3":16,"4":16,"5":46,"6":46,"7":46,"8":0,"9":46,"10":76,"11":76,"12":76,"13":4,"14":21,"15":38,"16":7,"17":7,"18":23,"19":38,"20":5,"21":5,"22":2,"23":2,"24":37},"f":{"0":16,"1":16,"2":16,"3":46,"4":46,"5":46,"6":76,"7":76,"8":76,"9":4,"10":21,"11":38,"12":7,"13":23,"14":38,"15":5,"16":2,"17":37},"b":{"0":[16,10],"1":[0,46],"2":[7,4],"3":[5,3]},"meta":{"lastBranch":4,"lastFunction":18,"lastStatement":25,"seen":{"s:10:21:14:Infinity":0,"s:24:41:30:Infinity":1,"f:36:9:36:22":0,"s:37:2:41:Infinity":2,"f:37:13:37:22":1,"s:38:4:40:Infinity":3,"f:38:33:38:37":2,"s:39:6:39:Infinity":4,"b:39:15:39:36:39:36:39:40":0,"f:44:9:44:19":3,"s:45:2:53:Infinity":5,"f:45:13:45:22":4,"s:46:4:52:Infinity":6,"f:46:44:46:53":5,"b:47:6:51:Infinity:49:13:51:Infinity":1,"s:47:6:51:Infinity":7,"s:48:8:48:Infinity":8,"s:50:8:50:Infinity":9,"f:56:9:56:22":6,"s:57:2:59:Infinity":10,"f:57:13:57:22":7,"s:58:4:58:Infinity":11,"f:58:36:58:45":8,"s:58:45:58:54":12,"f:66:22:66:65":9,"s:67:2:67:Infinity":13,"f:70:22:70:36":10,"s:71:2:71:Infinity":14,"f:74:22:74:54":11,"s:75:2:75:Infinity":15,"f:82:22:82:61":12,"s:83:16:83:Infinity":16,"s:84:2:84:Infinity":17,"b:84:9:84:18:84:18:84:Infinity":2,"f:87:22:87:37":13,"s:88:2:88:Infinity":18,"f:91:22:91:55":14,"s:92:2:92:Infinity":19,"f:99:22:99:62":15,"s:100:19:100:Infinity":20,"s:101:2:101:Infinity":21,"b:101:36:101:48:101:48:101:52":3,"f:104:22:104:35":16,"s:105:18:105:Infinity":22,"s:106:2:106:Infinity":23,"f:113:22:113:49":17,"s:114:2:117:Infinity":24}}}
,"/Users/abhishek/Programming/Projects/ai-pass-mange/src/vault/index.ts": {"path":"/Users/abhishek/Programming/Projects/ai-pass-mange/src/vault/index.ts","statementMap":{},"fnMap":{},"branchMap":{},"s":{},"f":{},"b":{},"meta":{"lastBranch":0,"lastFunction":0,"lastStatement":0,"seen":{}}}
,"/Users/abhishek/Programming/Projects/ai-pass-mange/src/vault/vault-export.ts": {"path":"/Users/abhishek/Programming/Projects/ai-pass-mange/src/vault/vault-export.ts","statementMap":{"0":{"start":{"line":35,"column":30},"end":{"line":35,"column":null}},"1":{"start":{"line":36,"column":28},"end":{"line":36,"column":null}},"2":{"start":{"line":72,"column":8},"end":{"line":72,"column":null}},"3":{"start":{"line":73,"column":20},"end":{"line":77,"column":null}},"4":{"start":{"line":78,"column":20},"end":{"line":78,"column":null}},"5":{"start":{"line":80,"column":38},"end":{"line":86,"column":null}},"6":{"start":{"line":88,"column":20},"end":{"line":88,"column":null}},"7":{"start":{"line":89,"column":29},"end":{"line":89,"column":null}},"8":{"start":{"line":91,"column":40},"end":{"line":99,"column":null}},"9":{"start":{"line":101,"column":2},"end":{"line":101,"column":null}},"10":{"start":{"line":124,"column":2},"end":{"line":128,"column":null}},"11":{"start":{"line":125,"column":4},"end":{"line":125,"column":null}},"12":{"start":{"line":127,"column":4},"end":{"line":127,"column":null}},"13":{"start":{"line":130,"column":2},"end":{"line":132,"column":null}},"14":{"start":{"line":131,"column":4},"end":{"line":131,"column":null}},"15":{"start":{"line":134,"column":2},"end":{"line":136,"column":null}},"16":{"start":{"line":135,"column":4},"end":{"line":135,"column":null}},"17":{"start":{"line":138,"column":2},"end":{"line":140,"column":null}},"18":{"start":{"line":139,"column":4},"end":{"line":139,"column":null}},"19":{"start":{"line":144,"column":2},"end":{"line":152,"column":null}},"20":{"start":{"line":145,"column":4},"end":{"line":149,"column":null}},"21":{"start":{"line":151,"column":4},"end":{"line":151,"column":null}},"22":{"start":{"line":156,"column":2},"end":{"line":161,"column":null}},"23":{"start":{"line":157,"column":4},"end":{"line":157,"column":null}},"24":{"start":{"line":160,"column":4},"end":{"line":160,"column":null}},"25":{"start":{"line":165,"column":2},"end":{"line":169,"column":null}},"26":{"start":{"line":166,"column":4},"end":{"line":166,"column":null}},"27":{"start":{"line":168,"column":4},"end":{"line":168,"column":null}},"28":{"start":{"line":172,"column":2},"end":{"line":174,"column":null}},"29":{"start":{"line":173,"column":4},"end":{"line":173,"column":null}},"30":{"start":{"line":176,"column":2},"end":{"line":178,"column":null}},"31":{"start":{"line":177,"column":4},"end":{"line":177,"column":null}},"32":{"start":{"line":181,"column":25},"end":{"line":181,"column":null}},"33":{"start":{"line":183,"column":2},"end":{"line":187,"column":null}},"34":{"start":{"line":197,"column":2},"end":{"line":197,"column":null}},"35":{"start":{"line":197,"column":41},"end":{"line":197,"column":null}},"36":{"start":{"line":198,"column":12},"end":{"line":198,"column":null}},"37":{"start":{"line":200,"column":21},"end":{"line":200,"column":null}},"38":{"start":{"line":201,"column":2},"end":{"line":201,"column":null}},"39":{"start":{"line":201,"column":46},"end":{"line":201,"column":null}},"40":{"start":{"line":202,"column":2},"end":{"line":202,"column":null}},"41":{"start":{"line":202,"column":41},"end":{"line":202,"column":null}},"42":{"start":{"line":203,"column":2},"end":{"line":203,"column":null}},"43":{"start":{"line":203,"column":34},"end":{"line":203,"column":null}},"44":{"start":{"line":206,"column":2},"end":{"line":214,"column":null}},"45":{"start":{"line":207,"column":4},"end":{"line":207,"column":null}},"46":{"start":{"line":207,"column":49},"end":{"line":207,"column":null}},"47":{"start":{"line":208,"column":4},"end":{"line":208,"column":null}},"48":{"start":{"line":208,"column":34},"end":{"line":208,"column":null}},"49":{"start":{"line":209,"column":9},"end":{"line":214,"column":null}},"50":{"start":{"line":210,"column":4},"end":{"line":210,"column":null}},"51":{"start":{"line":210,"column":47},"end":{"line":210,"column":null}},"52":{"start":{"line":211,"column":4},"end":{"line":211,"column":null}},"53":{"start":{"line":211,"column":44},"end":{"line":211,"column":null}},"54":{"start":{"line":212,"column":9},"end":{"line":214,"column":null}},"55":{"start":{"line":213,"column":4},"end":{"line":213,"column":null}},"56":{"start":{"line":213,"column":48},"end":{"line":213,"column":null}},"57":{"start":{"line":216,"column":2},"end":{"line":216,"column":null}},"58":{"start":{"line":226,"column":15},"end":{"line":226,"column":null}},"59":{"start":{"line":227,"column":14},"end":{"line":227,"column":null}},"60":{"start":{"line":228,"column":12},"end":{"line":228,"column":null}},"61":{"start":{"line":229,"column":2},"end":{"line":229,"column":null}},"62":{"start":{"line":230,"column":15},"end":{"line":230,"column":null}},"63":{"start":{"line":231,"column":2},"end":{"line":231,"column":null}},"64":{"start":{"line":232,"column":2},"end":{"line":232,"column":null}},"65":{"start":{"line":234,"column":2},"end":{"line":234,"column":null}},"66":{"start":{"line":234,"column":19},"end":{"line":234,"column":45}}},"fnMap":{"0":{"name":"exportVault","decl":{"start":{"line":66,"column":22},"end":{"line":66,"column":null}},"loc":{"start":{"line":70,"column":19},"end":{"line":102,"column":null}},"line":70},"1":{"name":"importVault","decl":{"start":{"line":118,"column":22},"end":{"line":118,"column":null}},"loc":{"start":{"line":121,"column":25},"end":{"line":188,"column":null}},"line":121},"2":{"name":"sanitizeItem","decl":{"start":{"line":196,"column":9},"end":{"line":196,"column":22}},"loc":{"start":{"line":196,"column":55},"end":{"line":217,"column":null}},"line":196},"3":{"name":"downloadExportFile","decl":{"start":{"line":225,"column":16},"end":{"line":225,"column":35}},"loc":{"start":{"line":225,"column":61},"end":{"line":235,"column":null}},"line":225},"4":{"name":"(anonymous_4)","decl":{"start":{"line":234,"column":2},"end":{"line":234,"column":19}},"loc":{"start":{"line":234,"column":19},"end":{"line":234,"column":45}},"line":234}},"branchMap":{"0":{"loc":{"start":{"line":130,"column":2},"end":{"line":132,"column":null}},"type":"if","locations":[{"start":{"line":130,"column":2},"end":{"line":132,"column":null}},{"start":{},"end":{}}],"line":130},"1":{"loc":{"start":{"line":134,"column":2},"end":{"line":136,"column":null}},"type":"if","locations":[{"start":{"line":134,"column":2},"end":{"line":136,"column":null}},{"start":{},"end":{}}],"line":134},"2":{"loc":{"start":{"line":138,"column":2},"end":{"line":140,"column":null}},"type":"if","locations":[{"start":{"line":138,"column":2},"end":{"line":140,"column":null}},{"start":{},"end":{}}],"line":138},"3":{"loc":{"start":{"line":138,"column":6},"end":{"line":138,"column":79}},"type":"binary-expr","locations":[{"start":{"line":138,"column":6},"end":{"line":138,"column":24}},{"start":{"line":138,"column":24},"end":{"line":138,"column":40}},{"start":{"line":138,"column":40},"end":{"line":138,"column":64}},{"start":{"line":138,"column":64},"end":{"line":138,"column":79}}],"line":138},"4":{"loc":{"start":{"line":172,"column":2},"end":{"line":174,"column":null}},"type":"if","locations":[{"start":{"line":172,"column":2},"end":{"line":174,"column":null}},{"start":{},"end":{}}],"line":172},"5":{"loc":{"start":{"line":176,"column":2},"end":{"line":178,"column":null}},"type":"if","locations":[{"start":{"line":176,"column":2},"end":{"line":178,"column":null}},{"start":{},"end":{}}],"line":176},"6":{"loc":{"start":{"line":176,"column":6},"end":{"line":176,"column":54}},"type":"binary-expr","locations":[{"start":{"line":176,"column":6},"end":{"line":176,"column":39}},{"start":{"line":176,"column":39},"end":{"line":176,"column":54}}],"line":176},"7":{"loc":{"start":{"line":197,"column":2},"end":{"line":197,"column":null}},"type":"if","locations":[{"start":{"line":197,"column":2},"end":{"line":197,"column":null}},{"start":{},"end":{}}],"line":197},"8":{"loc":{"start":{"line":197,"column":6},"end":{"line":197,"column":41}},"type":"binary-expr","locations":[{"start":{"line":197,"column":6},"end":{"line":197,"column":15}},{"start":{"line":197,"column":15},"end":{"line":197,"column":41}}],"line":197},"9":{"loc":{"start":{"line":201,"column":2},"end":{"line":201,"column":null}},"type":"if","locations":[{"start":{"line":201,"column":2},"end":{"line":201,"column":null}},{"start":{},"end":{}}],"line":201},"10":{"loc":{"start":{"line":202,"column":2},"end":{"line":202,"column":null}},"type":"if","locations":[{"start":{"line":202,"column":2},"end":{"line":202,"column":null}},{"start":{},"end":{}}],"line":202},"11":{"loc":{"start":{"line":202,"column":6},"end":{"line":202,"column":41}},"type":"binary-expr","locations":[{"start":{"line":202,"column":6},"end":{"line":202,"column":34}},{"start":{"line":202,"column":34},"end":{"line":202,"column":41}}],"line":202},"12":{"loc":{"start":{"line":203,"column":2},"end":{"line":203,"column":null}},"type":"if","locations":[{"start":{"line":203,"column":2},"end":{"line":203,"column":null}},{"start":{},"end":{}}],"line":203},"13":{"loc":{"start":{"line":206,"column":2},"end":{"line":214,"column":null}},"type":"if","locations":[{"start":{"line":206,"column":2},"end":{"line":214,"column":null}},{"start":{"line":209,"column":9},"end":{"line":214,"column":null}}],"line":206},"14":{"loc":{"start":{"line":207,"column":4},"end":{"line":207,"column":null}},"type":"if","locations":[{"start":{"line":207,"column":4},"end":{"line":207,"column":null}},{"start":{},"end":{}}],"line":207},"15":{"loc":{"start":{"line":208,"column":4},"end":{"line":208,"column":null}},"type":"if","locations":[{"start":{"line":208,"column":4},"end":{"line":208,"column":null}},{"start":{},"end":{}}],"line":208},"16":{"loc":{"start":{"line":209,"column":9},"end":{"line":214,"column":null}},"type":"if","locations":[{"start":{"line":209,"column":9},"end":{"line":214,"column":null}},{"start":{"line":212,"column":9},"end":{"line":214,"column":null}}],"line":209},"17":{"loc":{"start":{"line":210,"column":4},"end":{"line":210,"column":null}},"type":"if","locations":[{"start":{"line":210,"column":4},"end":{"line":210,"column":null}},{"start":{},"end":{}}],"line":210},"18":{"loc":{"start":{"line":211,"column":4},"end":{"line":211,"column":null}},"type":"if","locations":[{"start":{"line":211,"column":4},"end":{"line":211,"column":null}},{"start":{},"end":{}}],"line":211},"19":{"loc":{"start":{"line":212,"column":9},"end":{"line":214,"column":null}},"type":"if","locations":[{"start":{"line":212,"column":9},"end":{"line":214,"column":null}},{"start":{},"end":{}}],"line":212},"20":{"loc":{"start":{"line":213,"column":4},"end":{"line":213,"column":null}},"type":"if","locations":[{"start":{"line":213,"column":4},"end":{"line":213,"column":null}},{"start":{},"end":{}}],"line":213}},"s":{"0":1,"1":1,"2":13,"3":13,"4":13,"5":13,"6":13,"7":13,"8":13,"9":13,"10":9,"11":9,"12":1,"13":8,"14":1,"15":7,"16":1,"17":6,"18":1,"19":5,"20":5,"21":0,"22":5,"23":5,"24":2,"25":3,"26":3,"27":0,"28":3,"29":0,"30":3,"31":0,"32":3,"33":3,"34":2,"35":0,"36":2,"37":2,"38":2,"39":0,"40":2,"41":0,"42":2,"43":0,"44":2,"45":2,"46":0,"47":2,"48":0,"49":0,"50":0,"51":0,"52":0,"53":0,"54":0,"55":0,"56":0,"57":2,"58":0,"59":0,"60":0,"61":0,"62":0,"63":0,"64":0,"65":0,"66":0},"f":{"0":13,"1":9,"2":2,"3":0,"4":0},"b":{"0":[1,7],"1":[1,6],"2":[1,5],"3":[6,6,6,5],"4":[0,3],"5":[0,3],"6":[3,3],"7":[0,2],"8":[2,2],"9":[0,2],"10":[0,2],"11":[2,2],"12":[0,2],"13":[2,0],"14":[0,2],"15":[0,2],"16":[0,0],"17":[0,0],"18":[0,0],"19":[0,0],"20":[0,0]},"meta":{"lastBranch":21,"lastFunction":5,"lastStatement":67,"seen":{"s:35:30:35:Infinity":0,"s:36:28:36:Infinity":1,"f:66:22:66:Infinity":0,"s:72:8:72:Infinity":2,"s:73:20:77:Infinity":3,"s:78:20:78:Infinity":4,"s:80:38:86:Infinity":5,"s:88:20:88:Infinity":6,"s:89:29:89:Infinity":7,"s:91:40:99:Infinity":8,"s:101:2:101:Infinity":9,"f:118:22:118:Infinity":1,"s:124:2:128:Infinity":10,"s:125:4:125:Infinity":11,"s:127:4:127:Infinity":12,"b:130:2:132:Infinity:undefined:undefined:undefined:undefined":0,"s:130:2:132:Infinity":13,"s:131:4:131:Infinity":14,"b:134:2:136:Infinity:undefined:undefined:undefined:undefined":1,"s:134:2:136:Infinity":15,"s:135:4:135:Infinity":16,"b:138:2:140:Infinity:undefined:undefined:undefined:undefined":2,"s:138:2:140:Infinity":17,"b:138:6:138:24:138:24:138:40:138:40:138:64:138:64:138:79":3,"s:139:4:139:Infinity":18,"s:144:2:152:Infinity":19,"s:145:4:149:Infinity":20,"s:151:4:151:Infinity":21,"s:156:2:161:Infinity":22,"s:157:4:157:Infinity":23,"s:160:4:160:Infinity":24,"s:165:2:169:Infinity":25,"s:166:4:166:Infinity":26,"s:168:4:168:Infinity":27,"b:172:2:174:Infinity:undefined:undefined:undefined:undefined":4,"s:172:2:174:Infinity":28,"s:173:4:173:Infinity":29,"b:176:2:178:Infinity:undefined:undefined:undefined:undefined":5,"s:176:2:178:Infinity":30,"b:176:6:176:39:176:39:176:54":6,"s:177:4:177:Infinity":31,"s:181:25:181:Infinity":32,"s:183:2:187:Infinity":33,"f:196:9:196:22":2,"b:197:2:197:Infinity:undefined:undefined:undefined:undefined":7,"s:197:2:197:Infinity":34,"b:197:6:197:15:197:15:197:41":8,"s:197:41:197:Infinity":35,"s:198:12:198:Infinity":36,"s:200:21:200:Infinity":37,"b:201:2:201:Infinity:undefined:undefined:undefined:undefined":9,"s:201:2:201:Infinity":38,"s:201:46:201:Infinity":39,"b:202:2:202:Infinity:undefined:undefined:undefined:undefined":10,"s:202:2:202:Infinity":40,"b:202:6:202:34:202:34:202:41":11,"s:202:41:202:Infinity":41,"b:203:2:203:Infinity:undefined:undefined:undefined:undefined":12,"s:203:2:203:Infinity":42,"s:203:34:203:Infinity":43,"b:206:2:214:Infinity:209:9:214:Infinity":13,"s:206:2:214:Infinity":44,"b:207:4:207:Infinity:undefined:undefined:undefined:undefined":14,"s:207:4:207:Infinity":45,"s:207:49:207:Infinity":46,"b:208:4:208:Infinity:undefined:undefined:undefined:undefined":15,"s:208:4:208:Infinity":47,"s:208:34:208:Infinity":48,"b:209:9:214:Infinity:212:9:214:Infinity":16,"s:209:9:214:Infinity":49,"b:210:4:210:Infinity:undefined:undefined:undefined:undefined":17,"s:210:4:210:Infinity":50,"s:210:47:210:Infinity":51,"b:211:4:211:Infinity:undefined:undefined:undefined:undefined":18,"s:211:4:211:Infinity":52,"s:211:44:211:Infinity":53,"b:212:9:214:Infinity:undefined:undefined:undefined:undefined":19,"s:212:9:214:Infinity":54,"b:213:4:213:Infinity:undefined:undefined:undefined:undefined":20,"s:213:4:213:Infinity":55,"s:213:48:213:Infinity":56,"s:216:2:216:Infinity":57,"f:225:16:225:35":3,"s:226:15:226:Infinity":58,"s:227:14:227:Infinity":59,"s:228:12:228:Infinity":60,"s:229:2:229:Infinity":61,"s:230:15:230:Infinity":62,"s:231:2:231:Infinity":63,"s:232:2:232:Infinity":64,"s:234:2:234:Infinity":65,"f:234:2:234:19":4,"s:234:19:234:45":66}}}
,"/Users/abhishek/Programming/Projects/ai-pass-mange/src/vault/vault-store.ts": {"path":"/Users/abhishek/Programming/Projects/ai-pass-mange/src/vault/vault-store.ts","statementMap":{"0":{"start":{"line":93,"column":36},"end":{"line":93,"column":null}},"1":{"start":{"line":96,"column":55},"end":{"line":96,"column":null}},"2":{"start":{"line":99,"column":22},"end":{"line":99,"column":null}},"3":{"start":{"line":100,"column":34},"end":{"line":100,"column":null}},"4":{"start":{"line":107,"column":8},"end":{"line":107,"column":null}},"5":{"start":{"line":108,"column":27},"end":{"line":108,"column":null}},"6":{"start":{"line":109,"column":32},"end":{"line":109,"column":null}},"7":{"start":{"line":111,"column":2},"end":{"line":111,"column":null}},"8":{"start":{"line":111,"column":27},"end":{"line":111,"column":null}},"9":{"start":{"line":112,"column":2},"end":{"line":112,"column":null}},"10":{"start":{"line":112,"column":28},"end":{"line":112,"column":null}},"11":{"start":{"line":113,"column":2},"end":{"line":113,"column":null}},"12":{"start":{"line":113,"column":31},"end":{"line":113,"column":null}},"13":{"start":{"line":114,"column":2},"end":{"line":114,"column":null}},"14":{"start":{"line":114,"column":31},"end":{"line":114,"column":null}},"15":{"start":{"line":115,"column":2},"end":{"line":115,"column":null}},"16":{"start":{"line":115,"column":31},"end":{"line":115,"column":null}},"17":{"start":{"line":116,"column":2},"end":{"line":116,"column":null}},"18":{"start":{"line":116,"column":38},"end":{"line":116,"column":null}},"19":{"start":{"line":118,"column":25},"end":{"line":118,"column":null}},"20":{"start":{"line":119,"column":2},"end":{"line":121,"column":null}},"21":{"start":{"line":119,"column":31},"end":{"line":119,"column":65}},"22":{"start":{"line":120,"column":4},"end":{"line":120,"column":null}},"23":{"start":{"line":123,"column":2},"end":{"line":123,"column":null}},"24":{"start":{"line":123,"column":34},"end":{"line":123,"column":null}},"25":{"start":{"line":124,"column":2},"end":{"line":126,"column":null}},"26":{"start":{"line":125,"column":4},"end":{"line":125,"column":null}},"27":{"start":{"line":128,"column":14},"end":{"line":128,"column":null}},"28":{"start":{"line":129,"column":2},"end":{"line":129,"column":null}},"29":{"start":{"line":130,"column":2},"end":{"line":130,"column":null}},"30":{"start":{"line":133,"column":4},"end":{"line":136,"column":null}},"31":{"start":{"line":138,"column":2},"end":{"line":138,"column":null}},"32":{"start":{"line":149,"column":21},"end":{"line":149,"column":null}},"33":{"start":{"line":149,"column":57},"end":{"line":149,"column":75}},"34":{"start":{"line":150,"column":22},"end":{"line":150,"column":null}},"35":{"start":{"line":151,"column":33},"end":{"line":151,"column":null}},"36":{"start":{"line":153,"column":2},"end":{"line":166,"column":null}},"37":{"start":{"line":154,"column":4},"end":{"line":165,"column":null}},"38":{"start":{"line":155,"column":18},"end":{"line":155,"column":null}},"39":{"start":{"line":156,"column":23},"end":{"line":156,"column":null}},"40":{"start":{"line":157,"column":6},"end":{"line":157,"column":null}},"41":{"start":{"line":157,"column":31},"end":{"line":157,"column":null}},"42":{"start":{"line":160,"column":23},"end":{"line":160,"column":null}},"43":{"start":{"line":161,"column":6},"end":{"line":161,"column":null}},"44":{"start":{"line":162,"column":6},"end":{"line":162,"column":null}},"45":{"start":{"line":168,"column":35},"end":{"line":168,"column":null}},"46":{"start":{"line":169,"column":2},"end":{"line":171,"column":null}},"47":{"start":{"line":170,"column":4},"end":{"line":170,"column":null}},"48":{"start":{"line":170,"column":26},"end":{"line":170,"column":null}},"49":{"start":{"line":173,"column":22},"end":{"line":175,"column":null}},"50":{"start":{"line":174,"column":12},"end":{"line":174,"column":null}},"51":{"start":{"line":177,"column":16},"end":{"line":181,"column":null}},"52":{"start":{"line":183,"column":2},"end":{"line":192,"column":null}},"53":{"start":{"line":199,"column":13},"end":{"line":629,"column":null}},"54":{"start":{"line":199,"column":63},"end":{"line":629,"column":2}},"55":{"start":{"line":216,"column":4},"end":{"line":216,"column":null}},"56":{"start":{"line":217,"column":17},"end":{"line":217,"column":null}},"57":{"start":{"line":218,"column":21},"end":{"line":218,"column":null}},"58":{"start":{"line":220,"column":19},"end":{"line":220,"column":null}},"59":{"start":{"line":221,"column":28},"end":{"line":221,"column":null}},"60":{"start":{"line":222,"column":29},"end":{"line":222,"column":null}},"61":{"start":{"line":225,"column":4},"end":{"line":244,"column":null}},"62":{"start":{"line":226,"column":6},"end":{"line":243,"column":null}},"63":{"start":{"line":227,"column":30},"end":{"line":227,"column":null}},"64":{"start":{"line":228,"column":26},"end":{"line":228,"column":null}},"65":{"start":{"line":229,"column":8},"end":{"line":236,"column":null}},"66":{"start":{"line":230,"column":16},"end":{"line":230,"column":null}},"67":{"start":{"line":231,"column":30},"end":{"line":231,"column":null}},"68":{"start":{"line":232,"column":10},"end":{"line":232,"column":null}},"69":{"start":{"line":233,"column":10},"end":{"line":233,"column":null}},"70":{"start":{"line":234,"column":10},"end":{"line":234,"column":null}},"71":{"start":{"line":235,"column":10},"end":{"line":235,"column":null}},"72":{"start":{"line":239,"column":8},"end":{"line":239,"column":null}},"73":{"start":{"line":240,"column":8},"end":{"line":240,"column":null}},"74":{"start":{"line":241,"column":8},"end":{"line":241,"column":null}},"75":{"start":{"line":242,"column":8},"end":{"line":242,"column":null}},"76":{"start":{"line":246,"column":4},"end":{"line":254,"column":null}},"77":{"start":{"line":256,"column":4},"end":{"line":259,"column":null}},"78":{"start":{"line":257,"column":6},"end":{"line":257,"column":null}},"79":{"start":{"line":258,"column":6},"end":{"line":258,"column":null}},"80":{"start":{"line":261,"column":4},"end":{"line":261,"column":null}},"81":{"start":{"line":262,"column":20},"end":{"line":262,"column":null}},"82":{"start":{"line":263,"column":4},"end":{"line":263,"column":null}},"83":{"start":{"line":268,"column":4},"end":{"line":309,"column":null}},"84":{"start":{"line":269,"column":6},"end":{"line":269,"column":null}},"85":{"start":{"line":270,"column":33},"end":{"line":270,"column":null}},"86":{"start":{"line":271,"column":27},"end":{"line":271,"column":null}},"87":{"start":{"line":272,"column":6},"end":{"line":272,"column":null}},"88":{"start":{"line":273,"column":6},"end":{"line":273,"column":null}},"89":{"start":{"line":275,"column":30},"end":{"line":282,"column":null}},"90":{"start":{"line":284,"column":6},"end":{"line":284,"column":null}},"91":{"start":{"line":285,"column":6},"end":{"line":285,"column":null}},"92":{"start":{"line":288,"column":6},"end":{"line":288,"column":null}},"93":{"start":{"line":289,"column":6},"end":{"line":289,"column":null}},"94":{"start":{"line":292,"column":6},"end":{"line":303,"column":null}},"95":{"start":{"line":293,"column":8},"end":{"line":302,"column":null}},"96":{"start":{"line":294,"column":30},"end":{"line":294,"column":null}},"97":{"start":{"line":295,"column":16},"end":{"line":295,"column":null}},"98":{"start":{"line":296,"column":10},"end":{"line":298,"column":null}},"99":{"start":{"line":297,"column":12},"end":{"line":297,"column":null}},"100":{"start":{"line":299,"column":10},"end":{"line":299,"column":null}},"101":{"start":{"line":301,"column":10},"end":{"line":301,"column":null}},"102":{"start":{"line":305,"column":6},"end":{"line":305,"column":null}},"103":{"start":{"line":307,"column":6},"end":{"line":307,"column":null}},"104":{"start":{"line":308,"column":6},"end":{"line":308,"column":null}},"105":{"start":{"line":314,"column":21},"end":{"line":314,"column":null}},"106":{"start":{"line":315,"column":4},"end":{"line":315,"column":null}},"107":{"start":{"line":315,"column":15},"end":{"line":315,"column":null}},"108":{"start":{"line":318,"column":16},"end":{"line":318,"column":null}},"109":{"start":{"line":319,"column":4},"end":{"line":327,"column":null}},"110":{"start":{"line":320,"column":31},"end":{"line":320,"column":null}},"111":{"start":{"line":321,"column":6},"end":{"line":325,"column":null}},"112":{"start":{"line":326,"column":6},"end":{"line":326,"column":null}},"113":{"start":{"line":329,"column":4},"end":{"line":449,"column":null}},"114":{"start":{"line":330,"column":6},"end":{"line":330,"column":null}},"115":{"start":{"line":331,"column":16},"end":{"line":331,"column":null}},"116":{"start":{"line":334,"column":23},"end":{"line":337,"column":null}},"117":{"start":{"line":339,"column":6},"end":{"line":358,"column":null}},"118":{"start":{"line":340,"column":8},"end":{"line":340,"column":null}},"119":{"start":{"line":341,"column":8},"end":{"line":356,"column":null}},"120":{"start":{"line":342,"column":10},"end":{"line":342,"column":null}},"121":{"start":{"line":343,"column":10},"end":{"line":343,"column":null}},"122":{"start":{"line":344,"column":10},"end":{"line":348,"column":null}},"123":{"start":{"line":350,"column":10},"end":{"line":350,"column":null}},"124":{"start":{"line":351,"column":10},"end":{"line":355,"column":null}},"125":{"start":{"line":357,"column":8},"end":{"line":357,"column":null}},"126":{"start":{"line":361,"column":6},"end":{"line":361,"column":null}},"127":{"start":{"line":362,"column":6},"end":{"line":362,"column":null}},"128
[...]
d":{"line":315,"column":null}},"type":"if","locations":[{"start":{"line":315,"column":4},"end":{"line":315,"column":null}},{"start":{},"end":{}}],"line":315},"25":{"loc":{"start":{"line":319,"column":4},"end":{"line":327,"column":null}},"type":"if","locations":[{"start":{"line":319,"column":4},"end":{"line":327,"column":null}},{"start":{},"end":{}}],"line":319},"26":{"loc":{"start":{"line":319,"column":8},"end":{"line":319,"column":68}},"type":"binary-expr","locations":[{"start":{"line":319,"column":8},"end":{"line":319,"column":32}},{"start":{"line":319,"column":32},"end":{"line":319,"column":48}},{"start":{"line":319,"column":48},"end":{"line":319,"column":68}}],"line":319},"27":{"loc":{"start":{"line":339,"column":6},"end":{"line":358,"column":null}},"type":"if","locations":[{"start":{"line":339,"column":6},"end":{"line":358,"column":null}},{"start":{},"end":{}}],"line":339},"28":{"loc":{"start":{"line":341,"column":8},"end":{"line":356,"column":null}},"type":"if","locations":[{"start":{"line":341,"column":8},"end":{"line":356,"column":null}},{"start":{"line":349,"column":15},"end":{"line":356,"column":null}}],"line":341},"29":{"loc":{"start":{"line":368,"column":6},"end":{"line":418,"column":null}},"type":"if","locations":[{"start":{"line":368,"column":6},"end":{"line":418,"column":null}},{"start":{},"end":{}}],"line":368},"30":{"loc":{"start":{"line":377,"column":12},"end":{"line":394,"column":null}},"type":"if","locations":[{"start":{"line":377,"column":12},"end":{"line":394,"column":null}},{"start":{"line":382,"column":19},"end":{"line":394,"column":null}}],"line":377},"31":{"loc":{"start":{"line":382,"column":19},"end":{"line":394,"column":null}},"type":"if","locations":[{"start":{"line":382,"column":19},"end":{"line":394,"column":null}},{"start":{"line":389,"column":19},"end":{"line":394,"column":null}}],"line":382},"32":{"loc":{"start":{"line":389,"column":19},"end":{"line":394,"column":null}},"type":"if","locations":[{"start":{"line":389,"column":19},"end":{"line":394,"column":null}},{"start":{},"end":{}}],"line":389},"33":{"loc":{"start":{"line":435,"column":10},"end":{"line":437,"column":null}},"type":"if","locations":[{"start":{"line":435,"column":10},"end":{"line":437,"column":null}},{"start":{},"end":{}}],"line":435},"34":{"loc":{"start":{"line":457,"column":4},"end":{"line":459,"column":null}},"type":"if","locations":[{"start":{"line":457,"column":4},"end":{"line":459,"column":null}},{"start":{},"end":{}}],"line":457},"35":{"loc":{"start":{"line":464,"column":4},"end":{"line":467,"column":null}},"type":"if","locations":[{"start":{"line":464,"column":4},"end":{"line":467,"column":null}},{"start":{},"end":{}}],"line":464},"36":{"loc":{"start":{"line":483,"column":4},"end":{"line":488,"column":null}},"type":"if","locations":[{"start":{"line":483,"column":4},"end":{"line":488,"column":null}},{"start":{},"end":{}}],"line":483},"37":{"loc":{"start":{"line":483,"column":8},"end":{"line":483,"column":69}},"type":"binary-expr","locations":[{"start":{"line":483,"column":8},"end":{"line":483,"column":20}},{"start":{"line":483,"column":20},"end":{"line":483,"column":52}},{"start":{"line":483,"column":52},"end":{"line":483,"column":69}}],"line":483},"38":{"loc":{"start":{"line":484,"column":6},"end":{"line":484,"column":null}},"type":"if","locations":[{"start":{"line":484,"column":6},"end":{"line":484,"column":null}},{"start":{},"end":{}}],"line":484},"39":{"loc":{"start":{"line":493,"column":4},"end":{"line":493,"column":null}},"type":"if","locations":[{"start":{"line":493,"column":4},"end":{"line":493,"column":null}},{"start":{},"end":{}}],"line":493},"40":{"loc":{"start":{"line":497,"column":4},"end":{"line":541,"column":null}},"type":"if","locations":[{"start":{"line":497,"column":4},"end":{"line":541,"column":null}},{"start":{"line":509,"column":11},"end":{"line":541,"column":null}}],"line":497},"41":{"loc":{"start":{"line":499,"column":27},"end":{"line":499,"column":null}},"type":"binary-expr","locations":[{"start":{"line":499,"column":27},"end":{"line":499,"column":90}},{"start":{"line":499,"column":90},"end":{"line":499,"column":null}}],"line":499},"42":{"loc":{"start":{"line":509,"column":11},"end":{"line":541,"column":null}},"type":"if","locations":[{"start":{"line":509,"column":11},"end":{"line":541,"column":null}},{"start":{"line":523,"column":11},"end":{"line":541,"column":null}}],"line":509},"43":{"loc":{"start":{"line":511,"column":35},"end":{"line":511,"column":61}},"type":"binary-expr","locations":[{"start":{"line":511,"column":35},"end":{"line":511,"column":57}},{"start":{"line":511,"column":57},"end":{"line":511,"column":61}}],"line":511},"44":{"loc":{"start":{"line":512,"column":35},"end":{"line":512,"column":58}},"type":"binary-expr","locations":[{"start":{"line":512,"column":35},"end":{"line":512,"column":54}},{"start":{"line":512,"column":54},"end":{"line":512,"column":58}}],"line":512},"45":{"loc":{"start":{"line":523,"column":11},"end":{"line":541,"column":null}},"type":"if","locations":[{"start":{"line":523,"column":11},"end":{"line":541,"column":null}},{"start":{"line":534,"column":11},"end":{"line":541,"column":null}}],"line":523},"46":{"loc":{"start":{"line":525,"column":39},"end":{"line":525,"column":66}},"type":"binary-expr","locations":[{"start":{"line":525,"column":39},"end":{"line":525,"column":62}},{"start":{"line":525,"column":62},"end":{"line":525,"column":66}}],"line":525},"47":{"loc":{"start":{"line":553,"column":6},"end":{"line":553,"column":null}},"type":"cond-expr","locations":[{"start":{"line":553,"column":24},"end":{"line":553,"column":87}},{"start":{"line":553,"column":87},"end":{"line":553,"column":null}}],"line":553},"48":{"loc":{"start":{"line":572,"column":6},"end":{"line":572,"column":null}},"type":"cond-expr","locations":[{"start":{"line":572,"column":23},"end":{"line":572,"column":86}},{"start":{"line":572,"column":86},"end":{"line":572,"column":null}}],"line":572},"49":{"loc":{"start":{"line":580,"column":4},"end":{"line":580,"column":null}},"type":"if","locations":[{"start":{"line":580,"column":4},"end":{"line":580,"column":null}},{"start":{},"end":{}}],"line":580},"50":{"loc":{"start":{"line":617,"column":4},"end":{"line":617,"column":null}},"type":"if","locations":[{"start":{"line":617,"column":4},"end":{"line":617,"column":null}},{"start":{},"end":{}}],"line":617}},"s":{"0":1,"1":1,"2":1,"3":1,"4":14,"5":14,"6":14,"7":14,"8":12,"9":14,"10":12,"11":14,"12":13,"13":14,"14":0,"15":14,"16":9,"17":14,"18":12,"19":14,"20":14,"21":80,"22":1,"23":14,"24":0,"25":14,"26":0,"27":14,"28":14,"29":14,"30":14,"31":14,"32":16,"33":16,"34":16,"35":16,"36":16,"37":14,"38":14,"39":14,"40":14,"41":12,"42":14,"43":14,"44":14,"45":16,"46":16,"47":13,"48":1,"49":16,"50":2,"51":16,"52":16,"53":1,"54":1,"55":0,"56":0,"57":0,"58":0,"59":0,"60":0,"61":0,"62":0,"63":0,"64":0,"65":0,"66":0,"67":0,"68":0,"69":0,"70":0,"71":0,"72":0,"73":0,"74":0,"75":0,"76":0,"77":0,"78":0,"79":0,"80":0,"81":0,"82":0,"83":18,"84":18,"85":18,"86":18,"87":18,"88":18,"89":18,"90":18,"91":18,"92":18,"93":18,"94":18,"95":18,"96":18,"97":18,"98":18,"99":18,"100":18,"101":0,"102":18,"103":0,"104":0,"105":9,"106":9,"107":1,"108":8,"109":8,"110":1,"111":1,"112":1,"113":7,"114":7,"115":7,"116":7,"117":7,"118":6,"119":6,"120":1,"121":1,"122":1,"123":5,"124":5,"125":6,"126":1,"127":1,"128":1,"129":1,"130":0,"131":0,"132":0,"133":0,"134":0,"135":0,"136":0,"137":0,"138":0,"139":0,"140":0,"141":0,"142":0,"143":0,"144":0,"145":0,"146":0,"147":0,"148":0,"149":0,"150":0,"151":0,"152":0,"153":0,"154":0,"155":0,"156":0,"157":0,"158":0,"159":0,"160":0,"161":0,"162":1,"163":1,"164":1,"165":1,"166":1,"167":1,"168":1,"169":1,"170":1,"171":1,"172":1,"173":1,"174":1,"175":0,"176":1,"177":0,"178":0,"179":6,"180":6,"181":6,"182":6,"183":6,"184":0,"185":0,"186":6,"187":1,"188":1,"189":0,"190":0,"191":0,"192":0,"193":13,"194":1,"195":12,"196":10,"197":10,"198":10,"199":10,"200":2,"201":1,"202":1,"203":1,"204":1,"205":1,"206":1,"207":1,"208":1,"209":0,"210":12,"211":12,"212":12,"213":12,"214":12,"215":1,"216":1,"217":1,"218":1,"219":1,"220":2,"221":3,"222":2,"223":2,"224":2,"225":2,"226":2,"227":2,"228":2,"229":2,"230":16,"231":1,"232":15,"233":1,"234":2,"235":2,"236":2,"237":2,"238":2,"239":2,"240":0,"241":0,"242":0,"243":41,"244":41,"245":41,"246":41,"247":0,"248":1,"249":1,"250":1,"251":16,"252":16,"253":0,"254":16,"255":14,"256":16,"257":1,"258":1,"259":1},"f":{"0":14,"1":80,"2":16,"3":16,"4":2,"5":1,"6":0,"7":18,"8":18,"9":0,"10":9,"11":1,"12":0,"13":6,"14":0,"15":0,"16":1,"17":0,"18":13,"19":1,"20":1,"21":2,"22":3,"23":2,"24":2,"25":16,"26":1,"27":2,"28":2,"29":0,"30":41,"31":41,"32":0,"33":1,"34":1,"35":1,"36":16,"37":14,"38":16,"39":0,"40":1},"b":{"0":[12,2],"1":[12,2],"2":[13,1],"3":[0,14],"4":[9,5],"5":[12,2],"6":[1,13],"7":[0,14],"8":[0,14],"9":[14,2],"10":[2,12],"11":[0,12],"12":[0,12],"13":[0,12],"14":[12,2],"15":[14,13],"16":[1,12],"17":[4,12],"18":[0,0],"19":[0,0],"20":[0,0],"21":[0,0],"22":[0,0],"23":[18,0],"24":[1,8],"25":[1,7],"26":[8,1,1],"27":[6,1],"28":[1,5],"29":[0,1],"30":[0,0],"31":[0,0],"32":[0,0],"33":[1,0],"34":[6,0],"35":[0,6],"36":[0,1],"37":[1,0,0],"38":[0,0],"39":[1,12],"40":[10,2],"41":[10,0],"42":[1,1],"43":[1,0],"44":[1,0],"45":[1,0],"46":[1,0],"47":[1,0],"48":[2,0],"49":[1,15],"50":[0,16]},"meta":{"lastBranch":51,"lastFunction":41,"lastStatement":260,"seen":{"s:93:36:93:Infinity":0,"s:96:55:96:Infinity":1,"s:99:22:99:Infinity":2,"s:100:34:100:Infinity":3,"f:106:9:106:25":0,"s:107:8:107:Infinity":4,"s:108:27:108:Infinity":5,"s:109:32:109:Infinity":6,"b:111:2:111:Infinity:undefined:undefined:undefined:undefined":0,"s:111:2:111:Infinity":7,"s:111:27:111:Infinity":8,"b:112:2:112:Infinity:undefined:undefined:undefined:undefined":1,"s:112:2:112:Infinity":9,"s:112:28:112:Infinity":10,"b:113:2:113:Infinity:undefined:undefined:undefined:undefined":2,"s:113:2:113:Infinity":11,"s:113:31:113:Infinity":12,"b:114:2:114:Infinity:undefined:undefined:undefined:undefined":3,"s:114:2:114:Infinity":13,"s:114:31:114:Infinity":14,"b:115:2:115:Infinity:undefined:undefined:undefined:undefined":4,"s:115:2:115:Infinity":15,"s:115:31:115:Infinity":16,"b:116:2:116:Infinity:undefined:undefined:undefined:undefined":5,"s:116:2:116:Infinity":17,"s:116:38:116:Infinity":18,"s:118:25:118:Infinity":19,"b:119:2:121:Infinity:undefined:undefined:undefined:undefined":6,"s:119:2:121:Infinity":20,"f:119:21:119:26":1,"s:119:31:119:65":21,"s:120:4:120:Infinity":22,"b:123:2:123:Infinity:undefined:undefined:undefined:undefined":7,"s:123:2:123:Infinity":23,"s:123:34:123:Infinity":24,"b:124:2:126:Infinity:undefined:undefined:undefined:undefined":8,"s:124:2:126:Infinity":25,"b:124:6:124:34:124:34:124:55":9,"s:125:4:125:Infinity":26,"s:128:14:128:Infinity":27,"s:129:2:129:Infinity":28,"s:130:2:130:Infinity":29,"s:133:4:136:Infinity":30,"b:133:18:133:Infinity:134:4:136:Infinity":10,"b:134:18:134:Infinity:135:4:136:Infinity":11,"b:135:18:135:Infinity:136:4:136:Infinity":12,"b:136:18:136:27:136:27:136:Infinity":13,"s:138:2:138:Infinity":31,"f:145:15:145:Infinity":2,"s:149:21:149:Infinity":32,"f:149:27:149:35":3,"s:149:57:149:75":33,"s:150:22:150:Infinity":34,"s:151:33:151:Infinity":35,"s:153:2:166:Infinity":36,"s:154:4:165:Infinity":37,"s:155:18:155:Infinity":38,"s:156:23:156:Infinity":39,"b:157:6:157:Infinity:undefined:undefined:undefined:undefined":14,"s:157:6:157:Infinity":40,"s:157:31:157:Infinity":41,"s:160:23:160:Infinity":42,"b:160:23:160:47:160:47:160:Infinity":15,"s:161:6:161:Infinity":43,"s:162:6:162:Infinity":44,"s:168:35:168:Infinity":45,"s:169:2:171:Infinity":46,"b:170:4:170:Infinity:undefined:undefined:undefined:undefined":16,"s:170:4:170:Infinity":47,"s:170:26:170:Infinity":48,"s:173:22:175:Infinity":49,"f:173:73:173:Infinity":4,"s:174:12:174:Infinity":50,"s:177:16:181:Infinity":51,"b:177:42:177:Infinity:178:4:181:Infinity":17,"s:183:2:192:Infinity":52,"s:199:13:629:Infinity":53,"f:199:29:199:49":5,"s:199:63:629:2":54,"f:215:14:215:26":6,"s:216:4:216:Infinity":55,"s:217:17:217:Infinity":56,"s:218:21:218:Infinity":57,"s:220:19:220:Infinity":58,"s:221:28:221:Infinity":59,"b:221:35:221:46:221:46:221:Infinity":18,"s:222:29:222:Infinity":60,"b:225:4:244:Infinity:undefined:undefined:undefined:undefined":19,"s:225:4:244:Infinity":61,"b:225:8:225:16:225:16:225:40":20,"s:226:6:243:Infinity":62,"s:227:30:227:Infinity":63,"s:228:26:228:Infinity":64,"b:229:8:236:Infinity:undefined:undefined:undefined:undefined":21,"s:229:8:236:Infinity":65,"s:230:16:230:Infinity":66,"s:231:30:231:Infinity":67,"s:232:10:232:Infinity":68,"s:233:10:233:Infinity":69,"s:234:10:234:Infinity":70,"s:235:10:235:Infinity":71,"s:239:8:239:Infinity":72,"s:240:8:240:Infinity":73,"s:241:8:241:Infinity":74,"s:242:8:242:Infinity":75,"s:246:4:254:Infinity":76,"b:256:4:259:Infinity:undefined:undefined:undefined:undefined":22,"s:256:4:259:Infinity":77,"s:257:6:257:Infinity":78,"s:258:6:258:Infinity":79,"s:261:4:261:Infinity":80,"s:262:20:262:Infinity":81,"s:263:4:263:Infinity":82,"f:267:23:267:30":7,"s:268:4:309:Infinity":83,"s:269:6:269:Infinity":84,"s:270:33:270:Infinity":85,"s:271:27:271:Infinity":86,"s:272:6:272:Infinity":87,"s:273:6:273:Infinity":88,"s:275:30:282:Infinity":89,"s:284:6:284:Infinity":90,"s:285:6:285:Infinity":91,"s:288:6:288:Infinity":92,"s:289:6:289:Infinity":93,"s:292:6:303:Infinity":94,"f:292:12:292:24":8,"s:293:8:302:Infinity":95,"s:294:30:294:Infinity":96,"s:295:16:295:Infinity":97,"b:296:10:298:Infinity:undefined:undefined:undefined:undefined":23,"s:296:10:298:Infinity":98,"s:297:12:297:Infinity":99,"s:299:10:299:Infinity":100,"f:299:89:299:101":9,"s:301:10:301:Infinity":101,"s:305:6:305:Infinity":102,"s:307:6:307:Infinity":103,"s:308:6:308:Infinity":104,"f:313:10:313:17":10,"s:314:21:314:Infinity":105,"b:315:4:315:Infinity:undefined:undefined:undefined:undefined":24,"s:315:4:315:Infinity":106,"s:315:15:315:Infinity":107,"s:318:16:318:Infinity":108,"b:319:4:327:Infinity:undefined:undefined:undefined:undefined":25,"s:319:4:327:Infinity":109,"b:319:8:319:32:319:32:319:48:319:48:319:68":26,"s:320:31:320:Infinity":110,"s:321:6:325:Infinity":111,"s:326:6:326:Infinity":112,"s:329:4:449:Infinity":113,"s:330:6:330:Infinity":114,"s:331:16:331:Infinity":115,"s:334:23:337:Infinity":116,"b:339:6:358:Infinity:undefined:undefined:undefined:undefined":27,"s:339:6:358:Infinity":117,"s:340:8:340:Infinity":118,"b:341:8:356:Infinity:349:15:356:Infinity":28,"s:341:8:356:Infinity":119,"s:342:10:342:Infinity":120,"s:343:10:343:Infinity":121,"s:344:10:348:Infinity":122,"s:350:10:350:Infinity":123,"s:351:10:355:Infinity":124,"s:357:8:357:Infinity":125,"s:361:6:361:Infinity":126,"s:362:6:362:Infinity":127,"s:365:18:365:Infinity":128,"b:368:6:418:Infinity:undefined:undefined:undefined:undefined":29,"s:368:6:418:Infinity":129,"s:369:8:417:Infinity":130,"s:370:10:370:Infinity":131,"s:371:29:371:Infinity":132,"s:372:32:372:Infinity":133,"s:375:10:395:Infinity":134,"s:375:23:375:26":135,"s:376:25:376:Infinity":136,"b:377:12:394:Infinity:382:19:394:Infinity":30,"s:377:12:394:Infinity":137,"s:378:32:378:Infinity":138,"s:379:31:379:Infinity":139,"s:380:29:380:Infinity":140,"s:381:14:381:Infinity":141,"b:382:19:394:Infinity:389:19:394:Infinity":31,"s:382:19:394:Infinity":142,"s:383:31:383:Infinity":143,"s:384:31:384:Infinity":144,"s:385:31:385:Infinity":145,"s:386:29:386:Infinity":146,"s:387:29:387:Infinity":147,"s:388:14:388:Infinity":148,"b:389:19:394:Infinity:undefined:undefined:undefined:undefined":32,"s:389:19:394:Infinity":149,"s:390:31:390:Infinity":150,"s:391:32:391:Infinity":151,"s:392:30:392:Infinity":152,"s:393:14:393:Infinity":153,"s:398:30:398:Infinity":154,"s:399:37:405:Infinity":155,"s:408:10:408:Infinity":156,"s:409:10:409:Infinity":157,"s:412:10:412:Infinity":158,"s:413:10:413:Infinity":159,"s:414:10:414:Infinity":160,"s:416:10:416:Infinity":161,"s:420:6:420:Infinity":162,"s:422:6:422:Infinity":163,"s:423:6:423:Infinity":164,"s:426:6:426:Infinity":165,"s:427:6:427:Infinity":166,"s:428:6:428:Infinity":167,"s:431:6:443:Infinity":168,"f:431:12:431:24":11,"s:432:8:442:Infinity":169,"s:433:30:433:Infinity":170,"s:434:16:434:Infinity":171,"b:435:10:437:Infinity:undefined:undefined:undefined:undefined":33,"s:435:10:437:Infinity":172,"s:436:12:436:Infinity":173,"s:439:10:439:Infinity":174,"f:439:83:439:95":12,"s:441:10:441:Infinity":175,"s:445:6:445:Infinity":176,"s:447:6:447:Infinity":177,"s:448:6:448:Infinity":178,"f:453:2:453:14":13,"s:454:4:454:Infinity":179,"b:457:4:459:Infinity:undefined:undefined:undefined:undefined":34,"s:457:4:459:Infinity":180,"s:458:6:458:Infinity":181,"f:458:62:458:74":14,"s:462:4:462:Infinity":182,"f:462:55:462:67":15,"b:464:4:467:Infinity:undefined:undefined:undefined:undefined":35,"s:464:4:467:Infinity":183,"s:465:6:465:Infinity":184,"s:466:6:466:Infinity":185,"s:470:4:477:Infinity":186,"f:481:2:481:28":16,"s:482:21:482:Infinity":187,"b:483:4:488:Infinity:undefined:undefined:undefined:undefined":36,"s:483:4:488:Infinity":188,"b:483:8:483:20:483:20:483:52:483:52:483:69":37,"b:484:6:484:Infinity:undefined:undefined:undefined:undefined":38,"s:484:6:484:Infinity":189,"s:484:22:484:Infinity":190,"s:485:6:487:Infinity":191,"f:485:19:485:36":17,"s:486:8:486:Infinity":192,"f:492:11:492:18":18,"b:493:4:493:Infinity:undefined:undefined:undefined:undefined":39,"s:493:4:493:Infinity":193,"s:493:22:493:Infinity":194,"b:497:4:541:Infinity:509:11:541:Infinity":40,"s:497:4:541:Infinity":195,"s:498:24:498:Infinity":196,"s:499:27:499:Infinity":197,"b:499:27:499:90:499:90:499:Infinity":41,"s:500:24:500:Infinity":198,"s:501:6:508:Infinity":199,"b:509:11:541:Infinity:523:11:541:Infinity":42,"s:509:11:541:Infinity":200,"s:510:23:510:Infinity":201,"s:511:21:511:Infinity":202,"b:511:35:511:57:511:57:511:61":43,"s:512:21:512:Infinity":203,"b:512:35:512:54:512:54:512:58":44,"s:513:6:522:Infinity":204,"b:523:11:541:Infinity:534:11:541:Infinity":45,"s:523:11:541:Infinity":205,"s:524:23:524:Infinity":206,"s:525:25:525:Infinity":207,"b:525:39:525:62:525:62:525:66":46,"s:526:6:533:Infinity":208,"s:535:6:540:Infinity":209,"s:543:20:543:Infinity":210,"s:544:4:544:Infinity":211,"s:545:4:545:Infinity":212,"s:546:4:546:Infinity":213,"s:547:4:547:Infinity":214,"f:551:14:551:21":19,"s:552:18:554:Infinity":215,"f:552:30:552:34":20,"s:553:6:553:Infinity":216,"b:553:24:553:87:553:87:553:Infinity":47,"s:555:4:555:Infinity":217,"s:556:4:556:Infinity":218,"s:557:4:557:Infinity":219,"f:561:14:561:21":21,"s:562:18:562:Infinity":220,"f:562:30:562:37":22,"s:562:45:562:59":221,"s:563:4:563:Infinity":222,"s:564:4:564:Infinity":223,"s:565:4:565:Infinity":224,"s:566:4:566:Infinity":225,"f:570:18:570:25":23,"s:571:18:573:Infinity":226,"f:571:30:571:34":24,"s:572:6:572:Infinity":227,"b:572:23:572:86:572:86:572:Infinity":48,"s:574:4:574:Infinity":228,"s:575:4:575:Infinity":229,"f:579:24:579:31":25,"b:580:4:580:Infinity:undefined:undefined:undefined:undefined":49,"s:580:4:580:Infinity":230,"s:580:22:580:Infinity":231,"s:581:4:581:Infinity":232,"f:585:2:585:13":26,"s:585:22:585:Infinity":233,"f:588:2:588:19":27,"s:589:4:589:Infinity":234,"s:590:4:590:Infinity":235,"s:591:4:591:Infinity":236,"s:592:20:592:Infinity":237,"s:593:4:593:Infinity":238,"f:595:2:595:22":28,"s:595:30:595:Infinity":239,"f:598:18:598:25":29,"s:599:4:599:Infinity":240,"s:600:20:600:Infinity":241,"s:601:4:601:Infinity":242,"f:605:2:605:13":30,"s:606:10:606:Infinity":243,"s:607:4:607:Infinity":244,"f:607:4:607:8":31,"s:607:18:607:66":245,"s:608:4:608:Infinity":246,"f:608:4:608:21":32,"s:608:21:608:44":247,"f:610:2:610:16":33,"s:611:4:611:Infinity":248,"f:611:4:611:8":34,"s:611:18:611:68":249,"f:611:41:611:48":35,"s:611:53:611:64":250,"f:615:2:615:29":36,"s:616:22:616:Infinity":251,"b:617:4:617:Infinity:undefined:undefined:undefined:undefined":50,"s:617:4:617:Infinity":252,"s:617:22:617:Infinity":253,"s:618:4:620:Infinity":254,"f:618:22:618:30":37,"s:618:39:618:71":255,"f:619:7:619:12":38,"s:619:22:619:51":256,"f:620:7:620:19":39,"f:624:18:624:30":40,"s:625:4:625:Infinity":257,"s:626:4:626:Infinity":258,"s:627:4:627:Infinity":259}}}
}
