{"/Users/abhishek/Programming/Projects/ai-pass-mange/src/crypto/index.ts": {"path":"/Users/abhishek/Programming/Projects/ai-pass-mange/src/crypto/index.ts","statementMap":{},"fnMap":{},"branchMap":{},"s":{},"f":{},"b":{},"meta":{"lastBranch":0,"lastFunction":0,"lastStatement":0,"seen":{}}}
,"/Users/abhishek/Programming/Projects/ai-pass-mange/src/crypto/vault-crypto.ts": {"path":"/Users/abhishek/Programming/Projects/ai-pass-mange/src/crypto/vault-crypto.ts","statementMap":{"0":{"start":{"line":19,"column":26},"end":{"line":19,"column":null}},"1":{"start":{"line":20,"column":19},"end":{"line":20,"column":null}},"2":{"start":{"line":21,"column":18},"end":{"line":21,"column":null}},"3":{"start":{"line":22,"column":20},"end":{"line":22,"column":null}},"4":{"start":{"line":23,"column":18},"end":{"line":23,"column":null}},"5":{"start":{"line":30,"column":16},"end":{"line":30,"column":null}},"6":{"start":{"line":31,"column":15},"end":{"line":31,"column":null}},"7":{"start":{"line":32,"column":2},"end":{"line":34,"column":null}},"8":{"start":{"line":32,"column":15},"end":{"line":32,"column":18}},"9":{"start":{"line":33,"column":4},"end":{"line":33,"column":null}},"10":{"start":{"line":35,"column":2},"end":{"line":35,"column":null}},"11":{"start":{"line":39,"column":17},"end":{"line":39,"column":null}},"12":{"start":{"line":40,"column":16},"end":{"line":40,"column":null}},"13":{"start":{"line":41,"column":2},"end":{"line":43,"column":null}},"14":{"start":{"line":41,"column":15},"end":{"line":41,"column":18}},"15":{"start":{"line":42,"column":4},"end":{"line":42,"column":null}},"16":{"start":{"line":44,"column":2},"end":{"line":44,"column":null}},"17":{"start":{"line":52,"column":2},"end":{"line":52,"column":null}},"18":{"start":{"line":56,"column":2},"end":{"line":56,"column":null}},"19":{"start":{"line":60,"column":2},"end":{"line":60,"column":null}},"20":{"start":{"line":73,"column":28},"end":{"line":73,"column":null}},"21":{"start":{"line":76,"column":20},"end":{"line":76,"column":null}},"22":{"start":{"line":77,"column":26},"end":{"line":77,"column":null}},"23":{"start":{"line":79,"column":4},"end":{"line":106,"column":null}},"24":{"start":{"line":80,"column":26},"end":{"line":86,"column":null}},"25":{"start":{"line":88,"column":25},"end":{"line":88,"column":null}},"26":{"start":{"line":89,"column":19},"end":{"line":89,"column":null}},"27":{"start":{"line":91,"column":26},"end":{"line":100,"column":null}},"28":{"start":{"line":102,"column":6},"end":{"line":102,"column":null}},"29":{"start":{"line":105,"column":6},"end":{"line":105,"column":null}},"30":{"start":{"line":111,"column":2},"end":{"line":113,"column":null}},"31":{"start":{"line":112,"column":4},"end":{"line":112,"column":null}},"32":{"start":{"line":115,"column":2},"end":{"line":115,"column":null}},"33":{"start":{"line":127,"column":20},"end":{"line":130,"column":null}},"34":{"start":{"line":131,"column":23},"end":{"line":137,"column":null}},"35":{"start":{"line":139,"column":18},"end":{"line":139,"column":null}},"36":{"start":{"line":140,"column":2},"end":{"line":151,"column":null}},"37":{"start":{"line":158,"column":20},"end":{"line":161,"column":null}},"38":{"start":{"line":162,"column":2},"end":{"line":168,"column":null}},"39":{"start":{"line":181,"column":20},"end":{"line":181,"column":null}},"40":{"start":{"line":182,"column":19},"end":{"line":182,"column":null}},"41":{"start":{"line":184,"column":24},"end":{"line":184,"column":null}},"42":{"start":{"line":185,"column":2},"end":{"line":191,"column":null}},"43":{"start":{"line":186,"column":23},"end":{"line":186,"column":null}},"44":{"start":{"line":187,"column":4},"end":{"line":187,"column":null}},"45":{"start":{"line":189,"column":4},"end":{"line":189,"column":null}},"46":{"start":{"line":190,"column":4},"end":{"line":190,"column":null}},"47":{"start":{"line":202,"column":15},"end":{"line":202,"column":null}},"48":{"start":{"line":203,"column":25},"end":{"line":207,"column":null}},"49":{"start":{"line":208,"column":14},"end":{"line":208,"column":null}},"50":{"start":{"line":209,"column":2},"end":{"line":209,"column":null}},"51":{"start":{"line":224,"column":13},"end":{"line":224,"column":null}},"52":{"start":{"line":225,"column":18},"end":{"line":225,"column":null}},"53":{"start":{"line":226,"column":25},"end":{"line":226,"column":null}},"54":{"start":{"line":228,"column":2},"end":{"line":241,"column":null}},"55":{"start":{"line":229,"column":29},"end":{"line":233,"column":null}},"56":{"start":{"line":235,"column":4},"end":{"line":238,"column":null}},"57":{"start":{"line":240,"column":4},"end":{"line":240,"column":null}},"58":{"start":{"line":252,"column":13},"end":{"line":252,"column":null}},"59":{"start":{"line":253,"column":26},"end":{"line":253,"column":null}},"60":{"start":{"line":255,"column":2},"end":{"line":267,"column":null}},"61":{"start":{"line":256,"column":28},"end":{"line":260,"column":null}},"62":{"start":{"line":262,"column":20},"end":{"line":262,"column":null}},"63":{"start":{"line":263,"column":4},"end":{"line":263,"column":null}},"64":{"start":{"line":265,"column":4},"end":{"line":265,"column":null}},"65":{"start":{"line":266,"column":4},"end":{"line":266,"column":null}},"66":{"start":{"line":274,"column":27},"end":{"line":274,"column":null}},"67":{"start":{"line":283,"column":2},"end":{"line":283,"column":null}},"68":{"start":{"line":293,"column":2},"end":{"line":298,"column":null}},"69":{"start":{"line":294,"column":22},"end":{"line":294,"column":null}},"70":{"start":{"line":295,"column":4},"end":{"line":295,"column":null}},"71":{"start":{"line":297,"column":4},"end":{"line":297,"column":null}},"72":{"start":{"line":309,"column":16},"end":{"line":309,"column":null}},"73":{"start":{"line":310,"column":2},"end":{"line":310,"column":null}},"74":{"start":{"line":318,"column":2},"end":{"line":320,"column":null}},"75":{"start":{"line":318,"column":15},"end":{"line":318,"column":18}},"76":{"start":{"line":319,"column":4},"end":{"line":319,"column":null}},"77":{"start":{"line":328,"column":20},"end":{"line":328,"column":null}},"78":{"start":{"line":329,"column":2},"end":{"line":329,"column":null}},"79":{"start":{"line":329,"column":30},"end":{"line":329,"column":null}},"80":{"start":{"line":330,"column":2},"end":{"line":330,"column":null}},"81":{"start":{"line":330,"column":30},"end":{"line":330,"column":null}},"82":{"start":{"line":331,"column":2},"end":{"line":331,"column":null}},"83":{"start":{"line":331,"column":30},"end":{"line":331,"column":null}},"84":{"start":{"line":332,"column":2},"end":{"line":332,"column":null}},"85":{"start":{"line":332,"column":37},"end":{"line":332,"column":null}},"86":{"start":{"line":333,"column":2},"end":{"line":333,"column":null}}},"fnMap":{"0":{"name":"arrayBufferToBase64","decl":{"start":{"line":29,"column":16},"end":{"line":29,"column":36}},"loc":{"start":{"line":29,"column":78},"end":{"line":36,"column":null}},"line":29},"1":{"name":"base64ToUint8Array","decl":{"start":{"line":38,"column":16},"end":{"line":38,"column":35}},"loc":{"start":{"line":38,"column":63},"end":{"line":45,"column":null}},"line":38},"2":{"name":"generateRandomBytes","decl":{"start":{"line":51,"column":16},"end":{"line":51,"column":36}},"loc":{"start":{"line":51,"column":64},"end":{"line":53,"column":null}},"line":51},"3":{"name":"generateSalt","decl":{"start":{"line":55,"column":16},"end":{"line":55,"column":39}},"loc":{"start":{"line":55,"column":39},"end":{"line":57,"column":null}},"line":55},"4":{"name":"generateIV","decl":{"start":{"line":59,"column":16},"end":{"line":59,"column":41}},"loc":{"start":{"line":59,"column":41},"end":{"line":61,"column":null}},"line":59},"5":{"name":"(anonymous_5)","decl":{"start":{"line":75,"column":8},"end":{"line":75,"column":23}},"loc":{"start":{"line":75,"column":104},"end":{"line":107,"column":null}},"line":75},"6":{"name":"createKDFProvider","decl":{"start":{"line":110,"column":16},"end":{"line":110,"column":34}},"loc":{"start":{"line":110,"column":72},"end":{"line":116,"column":null}},"line":110},"7":{"name":"deriveSessionKey","decl":{"start":{"line":125,"column":22},"end":{"line":125,"column":39}},"loc":{"start":{"line":125,"column":86},"end":{"line":152,"column":null}},"line":125},"8":{"name":"importSessionKey","decl":{"start":{"line":157,"column":22},"end":{"line":157,"column":39}},"loc":{"start":{"line":157,"column":81},"end":{"line":169,"column":null}},"line":157},"9":{"name":"deriveKey","decl":{"start":{"line":176,"column":22},"end":{"line":176,"column":null}},"loc":{"start":{"line":180,"column":22},"end":{"line":192,"column":null}},"line":180},"10":{"name":"deriveNewKey","decl":{"start":{"line":198,"column":22},"end":{"line":198,"column":null}},"loc":{"start":{"line":201,"column":29},"end":{"line":210,"column":null}},"line":201},"11":{"name":"encrypt","decl":{"start":{"line":220,"column":22},"end":{"line":220,"column":null}},"loc":{"start":{"line":223,"column":26},"end":{"line":242,"column":null}},"line":223},"12":{"name":"decrypt","decl":{"start":{"line":248,"column":22},"end":{"line":248,"column":null}},"loc":{"start":{"line":251,"column":19},"end":{"line":268,"column":null}},"line":251},"13":{"name":"createVerifier","decl":{"start":{"line":280,"column":22},"end":{"line":280,"column":null}},"loc":{"start":{"line":282,"column":26},"end":{"line":284,"column":null}},"line":282},"14":{"name":"verifyMasterPassword","decl":{"start":{"line":289,"column":22},"end":{"line":289,"column":null}},"loc":{"start":{"line":292,"column":20},"end":{"line":299,"column":null}},"line":292},"15":{"name":"secureZero","decl":{"start":{"line":308,"column":16},"end":{"line":308,"column":27}},"loc":{"start":{"line":308,"column":64},"end":{"line":311,"column":null}},"line":308},"16":{"name":"secureWipe","decl":{"start":{"line":317,"column":16},"end":{"line":317,"column":27}},"loc":{"start":{"line":317,"column":50},"end":{"line":321,"column":null}},"line":317},"17":{"name":"estimateEntropy","decl":{"start":{"line":327,"column":16},"end":{"line":327,"column":32}},"loc":{"start":{"line":327,"column":58},"end":{"line":334,"column":null}},"line":327}},"branchMap":{"0":{"loc":{"start":{"line":30,"column":16},"end":{"line":30,"column":null}},"type":"cond-expr","locations":[{"start":{"line":30,"column":47},"end":{"line":30,"column":56}},{"start":{"line":30,"column":56},"end":{"line":30,"column":null}}],"line":30},"1":{"loc":{"start":{"line":88,"column":25},"end":{"line":88,"column":null}},"type":"binary-expr","locations":[{"start":{"line":88,"column":25},"end":{"line":88,"column":46}},{"start":{"line":88,"column":46},"end":{"line":88,"column":null}}],"line":88},"2":{"loc":{"start":{"line":89,"column":19},"end":{"line":89,"column":null}},"type":"binary-expr","locations":[{"start":{"line":89,"column":19},"end":{"line":89,"column":34}},{"start":{"line":89,"column":34},"end":{"line":89,"column":null}}],"line":89},"3":{"loc":{"start":{"line":111,"column":2},"end":{"line":113,"column":null}},"type":"if","locations":[{"start":{"line":111,"column":2},"end":{"line":113,"column":null}},{"start":{},"end":{}}],"line":111},"4":{"loc":{"start":{"line":179,"column":2},"end":{"line":179,"column":null}},"type":"default-arg","locations":[{"start":{"line":179,"column":25},"end":{"line":179,"column":null}}],"line":179},"5":{"loc":{"start":{"line":200,"column":2},"end":{"line":200,"column":null}},"type":"default-arg","locations":[{"start":{"line":200,"column":28},"end":{"line":200,"column":null}}],"line":200},"6":{"loc":{"start":{"line":309,"column":16},"end":{"line":309,"column":null}},"type":"cond-expr","locations":[{"start":{"line":309,"column":44},"end":{"line":309,"column":50}},{"start":{"line":309,"column":50},"end":{"line":309,"column":null}}],"line":309},"7":{"loc":{"start":{"line":329,"column":2},"end":{"line":329,"column":null}},"type":"if","locations":[{"start":{"line":329,"column":2},"end":{"line":329,"column":null}},{"start":{},"end":{}}],"line":329},"8":{"loc":{"start":{"line":330,"column":2},"end":{"line":330,"column":null}},"type":"if","locations":[{"start":{"line":330,"column":2},"end":{"line":330,"column":null}},{"start":{},"end":{}}],"line":330},"9":{"loc":{"start":{"line":331,"column":2},"end":{"line":331,"column":null}},"type":"if","locations":[{"start":{"line":331,"column":2},"end":{"line":331,"column":null}},{"start":{},"end":{}}],"line":331},"10":{"loc":{"start":{"line":332,"column":2},"end":{"line":332,"column":null}},"type":"if","locations":[{"start":{"line":332,"column":2},"end":{"line":332,"column":null}},{"start":{},"end":{}}],"line":332},"11":{"loc":{"start":{"line":333,"column":9},"end":{"line":333,"column":null}},"type":"cond-expr","locations":[{"start":{"line":333,"column":27},"end":{"line":333,"column":70}},{"start":{"line":333,"column":70},"end":{"line":333,"column":null}}],"line":333}},"s":{"0":3,"1":3,"2":3,"3":3,"4":3,"5":188,"6":188,"7":188,"8":188,"9":20638,"10":188,"11":139,"12":139,"13":139,"14":139,"15":15626,"16":139,"17":111,"18":49,"19":60,"20":65,"21":66,"22":66,"23":66,"24":66,"25":66,"26":66,"27":66,"28":66,"29":66,"30":63,"31":62,"32":1,"33":62,"34":62,"35":62,"36":62,"37":1,"38":1,"39":61,"40":61,"41":61,"42":61,"43":61,"44":61,"45":61,"46":61,"47":34,"48":34,"49":34,"50":34,"51":58,"52":58,"53":58,"54":58,"55":58,"56":58,"57":58,"58":38,"59":38,"60":38,"61":38,"62":25,"63":25,"64":38,"65":38,"66":3,"67":21,"68":10,"69":10,"70":2,"71":8,"72":324,"73":324,"74":1,"75":1,"76":3,"77":24,"78":24,"79":23,"80":24,"81":3,"82":24,"83":7,"84":24,"85":4,"86":24},"f":{"0":188,"1":139,"2":111,"3":49,"4":60,"5":66,"6":63,"7":62,"8":1,"9":61,"10":34,"11":58,"12":38,"13":21,"14":10,"15":324,"16":1,"17":24},"b":{"0":[129,59],"1":[66,0],"2":[66,0],"3":[62,1],"4":[61],"5":[34],"6":[199,125],"7":[23,1],"8":[3,21],"9":[7,17],"10":[4,20],"11":[23,1]},"meta":{"lastBranch":12,"lastFunction":18,"lastStatement":87,"seen":{"s:19:26:19:Infinity":0,"s:20:19:20:Infinity":1,"s:21:18:21:Infinity":2,"s:22:20:22:Infinity":3,"s:23:18:23:Infinity":4,"f:29:16:29:36":0,"s:30:16:30:Infinity":5,"b:30:47:30:56:30:56:30:Infinity":0,"s:31:15:31:Infinity":6,"s:32:2:34:Infinity":7,"s:32:15:32:18":8,"s:33:4:33:Infinity":9,"s:35:2:35:Infinity":10,"f:38:16:38:35":1,"s:39:17:39:Infinity":11,"s:40:16:40:Infinity":12,"s:41:2:43:Infinity":13,"s:41:15:41:18":14,"s:42:4:42:Infinity":15,"s:44:2:44:Infinity":16,"f:51:16:51:36":2,"s:52:2:52:Infinity":17,"f:55:16:55:39":3,"s:56:2:56:Infinity":18,"f:59:16:59:41":4,"s:60:2:60:Infinity":19,"s:73:28:73:Infinity":20,"f:75:8:75:23":5,"s:76:20:76:Infinity":21,"s:77:26:77:Infinity":22,"s:79:4:106:Infinity":23,"s:80:26:86:Infinity":24,"s:88:25:88:Infinity":25,"b:88:25:88:46:88:46:88:Infinity":1,"s:89:19:89:Infinity":26,"b:89:19:89:34:89:34:89:Infinity":2,"s:91:26:100:Infinity":27,"s:102:6:102:Infinity":28,"s:105:6:105:Infinity":29,"f:110:16:110:34":6,"b:111:2:113:Infinity:undefined:undefined:undefined:undefined":3,"s:111:2:113:Infinity":30,"s:112:4:112:Infinity":31,"s:115:2:115:Infinity":32,"f:125:22:125:39":7,"s:127:20:130:Infinity":33,"s:131:23:137:Infinity":34,"s:139:18:139:Infinity":35,"s:140:2:151:Infinity":36,"f:157:22:157:39":8,"s:158:20:161:Infinity":37,"s:162:2:168:Infinity":38,"f:176:22:176:Infinity":9,"b:179:25:179:Infinity":4,"s:181:20:181:Infinity":39,"s:182:19:182:Infinity":40,"s:184:24:184:Infinity":41,"s:185:2:191:Infinity":42,"s:186:23:186:Infinity":43,"s:187:4:187:Infinity":44,"s:189:4:189:Infinity":45,"s:190:4:190:Infinity":46,"f:198:22:198:Infinity":10,"b:200:28:200:Infinity":5,"s:202:15:202:Infinity":47,"s:203:25:207:Infinity":48,"s:208:14:208:Infinity":49,"s:209:2:209:Infinity":50,"f:220:22:220:Infinity":11,"s:224:13:224:Infinity":51,"s:225:18:225:Infinity":52,"s:226:25:226:Infinity":53,"s:228:2:241:Infinity":54,"s:229:29:233:Infinity":55,"s:235:4:238:Infinity":56,"s:240:4:240:Infinity":57,"f:248:22:248:Infinity":12,"s:252:13:252:Infinity":58,"s:253:26:253:Infinity":59,"s:255:2:267:Infinity":60,"s:256:28:260:Infinity":61,"s:262:20:262:Infinity":62,"s:263:4:263:Infinity":63,"s:265:4:265:Infinity":64,"s:266:4:266:Infinity":65,"s:274:27:274:Infinity":66,"f:280:22:280:Infinity":13,"s:283:2:283:Infinity":67,"f:289:22:289:Infinity":14,"s:293:2:298:Infinity":68,"s:294:22:294:Infinity":69,"s:295:4:295:Infinity":70,"s:297:4:297:Infinity":71,"f:308:16:308:27":15,"s:309:16:309:Infinity":72,"b:309:44:309:50:309:50:309:Infinity":6,"s:310:2:310:Infinity":73,"f:317:16:317:27":16,"s:318:2:320:Infinity":74,"s:318:15:318:18":75,"s:319:4:319:Infinity":76,"f:327:16:327:32":17,"s:328:20:328:Infinity":77,"b:329:2:329:Infinity:undefined:undefined:undefined:undefined":7,"s:329:2:329:Infinity":78,"s:329:30:329:Infinity":79,"b:330:2:330:Infinity:undefined:undefined:undefined:undefined":8,"s:330:2:330:Infinity":80,"s:330:30:330:Infinity":81,"b:331:2:331:Infinity:undefined:undefined:undefined:undefined":9,"s:331:2:331:Infinity":82,"s:331:30:331:Infinity":83,"b:332:2:332:Infinity:undefined:undefined:undefined:undefined":10,"s:332:2:332:Infinity":84,"s:332:37:332:Infinity":85,"s:333:2:333:Infinity":86,"b:333:27:333:70:333:70:333:Infinity":11}}}
,"/Users/abhishek/Programming/Projects/ai-pass-mange/src/storage/index.ts": {"path":"/Users/abhishek/Programming/Projects/ai-pass-mange/src/storage/index.ts","statementMap":{},"fnMap":{},"branchMap":{},"s":{},"f":{},"b":{},"meta":{"lastBranch":0,"lastFunction":0,"lastStatement":0,"seen":{}}}
,"/Users/abhishek/Programming/Projects/ai-pass-mange/src/storage/vault-storage.ts": {"path":"/Users/abhishek/Programming/Projects/ai-pass-mange/src/storage/vault-storage.ts","statementMap":{"0":{"start":{"line":10,"column":21},"end":{"line":14,"column":null}},"1":{"start":{"line":24,"column":41},"end":{"line":30,"column":null}},"2":{"start":{"line":37,"column":2},"end":{"line":41,"column":null}},"3":{"start":{"line":38,"column":4},"end":{"line":40,"column":null}},"4":{"start":{"line":39,"column":6},"end":{"line":39,"column":null}},"5":{"start":{"line":45,"column":2},"end":{"line":53,"column":null}},"6":{"start":{"line":46,"column":4},"end":{"line":52,"column":null}},"7":{"start":{"line":47,"column":6},"end":{"line":51,"column":null}},"8":{"start":{"line":48,"column":8},"end":{"line":48,"column":null}},"9":{"start":{"line":50,"column":8},"end":{"line":50,"column":null}},"10":{"start":{"line":57,"column":2},"end":{"line":59,"column":null}},"11":{"start":{"line":58,"column":4},"end":{"line":58,"column":null}},"12":{"start":{"line":58,"column":45},"end":{"line":58,"column":54}},"13":{"start":{"line":67,"column":2},"end":{"line":67,"column":null}},"14":{"start":{"line":71,"column":2},"end":{"line":71,"column":null}},"15":{"start":{"line":75,"column":2},"end":{"line":75,"column":null}},"16":{"start":{"line":83,"column":16},"end":{"line":83,"column":null}},"17":{"start":{"line":84,"column":2},"end":{"line":84,"column":null}},"18":{"start":{"line":88,"column":2},"end":{"line":88,"column":null}},"19":{"start":{"line":92,"column":2},"end":{"line":92,"column":null}},"20":{"start":{"line":100,"column":19},"end":{"line":100,"column":null}},"21":{"start":{"line":101,"column":2},"end":{"line":101,"column":null}},"22":{"start":{"line":105,"column":18},"end":{"line":105,"column":null}},"23":{"start":{"line":106,"column":2},"end":{"line":106,"column":null}},"24":{"start":{"line":114,"column":2},"end":{"line":117,"column":null}}},"fnMap":{"0":{"name":"chromeGet","decl":{"start":{"line":36,"column":9},"end":{"line":36,"column":22}},"loc":{"start":{"line":36,"column":54},"end":{"line":42,"column":null}},"line":36},"1":{"name":"(anonymous_1)","decl":{"start":{"line":37,"column":13},"end":{"line":37,"column":22}},"loc":{"start":{"line":37,"column":34},"end":{"line":41,"column":3}},"line":37},"2":{"name":"(anonymous_2)","decl":{"start":{"line":38,"column":33},"end":{"line":38,"column":37}},"loc":{"start":{"line":38,"column":72},"end":{"line":40,"column":5}},"line":38},"3":{"name":"chromeSet","decl":{"start":{"line":44,"column":9},"end":{"line":44,"column":19}},"loc":{"start":{"line":44,"column":63},"end":{"line":54,"column":null}},"line":44},"4":{"name":"(anonymous_4)","decl":{"start":{"line":45,"column":13},"end":{"line":45,"column":22}},"loc":{"start":{"line":45,"column":42},"end":{"line":53,"column":3}},"line":45},"5":{"name":"(anonymous_5)","decl":{"start":{"line":46,"column":44},"end":{"line":46,"column":53}},"loc":{"start":{"line":46,"column":53},"end":{"line":52,"column":5}},"line":46},"6":{"name":"chromeRemove","decl":{"start":{"line":56,"column":9},"end":{"line":56,"column":22}},"loc":{"start":{"line":56,"column":50},"end":{"line":60,"column":null}},"line":56},"7":{"name":"(anonymous_7)","decl":{"start":{"line":57,"column":13},"end":{"line":57,"column":22}},"loc":{"start":{"line":57,"column":34},"end":{"line":59,"column":3}},"line":57},"8":{"name":"(anonymous_8)","decl":{"start":{"line":58,"column":36},"end":{"line":58,"column":45}},"loc":{"start":{"line":58,"column":45},"end":{"line":58,"column":54}},"line":58},"9":{"name":"loadVaultMeta","decl":{"start":{"line":66,"column":22},"end":{"line":66,"column":65}},"loc":{"start":{"line":66,"column":65},"end":{"line":68,"column":null}},"line":66},"10":{"name":"saveVaultMeta","decl":{"start":{"line":70,"column":22},"end":{"line":70,"column":36}},"loc":{"start":{"line":70,"column":68},"end":{"line":72,"column":null}},"line":70},"11":{"name":"clearVaultMeta","decl":{"start":{"line":74,"column":22},"end":{"line":74,"column":54}},"loc":{"start":{"line":74,"column":54},"end":{"line":76,"column":null}},"line":74},"12":{"name":"loadVaultItems","decl":{"start":{"line":82,"column":22},"end":{"line":82,"column":61}},"loc":{"start":{"line":82,"column":61},"end":{"line":85,"column":null}},"line":82},"13":{"name":"saveVaultItems","decl":{"start":{"line":87,"column":22},"end":{"line":87,"column":37}},"loc":{"start":{"line":87,"column":72},"end":{"line":89,"column":null}},"line":87},"14":{"name":"clearVaultItems","decl":{"start":{"line":91,"column":22},"end":{"line":91,"column":55}},"loc":{"start":{"line":91,"column":55},"end":{"line":93,"column":null}},"line":91},"15":{"name":"loadSettings","decl":{"start":{"line":99,"column":22},"end":{"line":99,"column":62}},"loc":{"start":{"line":99,"column":62},"end":{"line":102,"column":null}},"line":99},"16":{"name":"saveSettings","decl":{"start":{"line":104,"column":22},"end":{"line":104,"column":35}},"loc":{"start":{"line":104,"column":85},"end":{"line":107,"column":null}},"line":104},"17":{"name":"wipeVault","decl":{"start":{"line":113,"column":22},"end":{"line":113,"column":49}},"loc":{"start":{"line":113,"column":49},"end":{"line":118,"column":null}},"line":113}},"branchMap":{"0":{"loc":{"start":{"line":39,"column":15},"end":{"line":39,"column":40}},"type":"binary-expr","locations":[{"start":{"line":39,"column":15},"end":{"line":39,"column":36}},{"start":{"line":39,"column":36},"end":{"line":39,"column":40}}],"line":39},"1":{"loc":{"start":{"line":47,"column":6},"end":{"line":51,"column":null}},"type":"if","locations":[{"start":{"line":47,"column":6},"end":{"line":51,"column":null}},{"start":{"line":49,"column":13},"end":{"line":51,"column":null}}],"line":47},"2":{"loc":{"start":{"line":84,"column":9},"end":{"line":84,"column":null}},"type":"binary-expr","locations":[{"start":{"line":84,"column":9},"end":{"line":84,"column":18}},{"start":{"line":84,"column":18},"end":{"line":84,"column":null}}],"line":84},"3":{"loc":{"start":{"line":101,"column":36},"end":{"line":101,"column":52}},"type":"binary-expr","locations":[{"start":{"line":101,"column":36},"end":{"line":101,"column":48}},{"start":{"line":101,"column":48},"end":{"line":101,"column":52}}],"line":101}},"s":{"0":2,"1":2,"2":16,"3":16,"4":16,"5":46,"6":46,"7":46,"8":0,"9":46,"10":76,"11":76,"12":76,"13":4,"14":21,"15":38,"16":7,"17":7,"18":23,"19":38,"20":5,"21":5,"22":2,"23":2,"24":37},"f":{"0":16,"1":16,"2":16,"3":46,"4":46,"5":46,"6":76,"7":76,"8":76,"9":4,"10":21,"11":38,"12":7,"13":23,"14":38,"15":5,"16":2,"17":37},"b":{"0":[16,10],"1":[0,46],"2":[7,4],"3":[5,3]},"meta":{"lastBranch":4,"lastFunction":18,"lastStatement":25,"seen":{"s:10:21:14:Infinity":0,"s:24:41:30:Infinity":1,"f:36:9:36:22":0,"s:37:2:41:Infinity":2,"f:37:13:37:22":1,"s:38:4:40:Infinity":3,"f:38:33:38:37":2,"s:39:6:39:Infinity":4,"b:39:15:39:36:39:36:39:40":0,"f:44:9:44:19":3,"s:45:2:53:Infinity":5,"f:45:13:45:22":4,"s:46:4:52:Infinity":6,"f:46:44:46:53":5,"b:47:6:51:Infinity:49:13:51:Infinity":1,"s:47:6:51:Infinity":7,"s:48:8:48:Infinity":8,"s:50:8:50:Infinity":9,"f:56:9:56:22":6,"s:57:2:59:Infinity":10,"f:57:13:57:22":7,"s:58:4:58:Infinity":11,"f:58:36:58:45":8,"s:58:45:58:54":12,"f:66:22:66:65":9,"s:67:2:67:Infinity":13,"f:70:22:70:36":10,"s:71:2:71:Infinity":14,"f:74:22:74:54":11,"s:75:2:75:Infinity":15,"f:82:22:82:61":12,"s:83:16:83:Infinity":16,"s:84:2:84:Infinity":17,"b:84:9:84:18:84:18:84:Infinity":2,"f:87:22:87:37":13,"s:88:2:88:Infinity":18,"f:91:22:91:55":14,"s:92:2:92:Infinity":19,"f:99:22:99:62":15,"s:100:19:100:Infinity":20,"s:101:2:101:Infinity":21,"b:101:36:101:48:101:48:101:52":3,"f:104:22:104:35":16,"s:105:18:105:Infinity":22,"s:106:2:106:Infinity":23,"f:113:22:113:49":17,"s:114:2:117:Infinity":24}}}
,"/Users/abhishek/Programming/Projects/ai-pass-mange/src/vault/index.ts": {"path":"/Users/abhishek/Programming/Projects/ai-pass-mange/src/vault/index.ts","statementMap":{},"fnMap":{},"branchMap":{},"s":{},"f":{},"b":{},"meta":{"lastBranch":0,"lastFunction":0,"lastStatement":0,"seen":{}}}
,"/Users/abhishek/Programming/Projects/ai-pass-mange/src/vault/vault-export.ts": {"path":"/Users/abhishek/Programming/Projects/ai-pass-mange/src/vault/vault-export.ts","statementMap":{"0":{"start":{"line":38,"column":30},"end":{"line":38,"column":null}},"1":{"start":{"line":39,"column":28},"end":{"line":39,"column":null}},"2":{"start":{"line":75,"column":8},"end":{"line":75,"column":null}},"3":{"start":{"line":76,"column":20},"end":{"line":80,"column":null}},"4":{"start":{"line":81,"column":20},"end":{"line":81,"column":null}},"5":{"start":{"line":83,"column":38},"end":{"line":89,"column":null}},"6":{"start":{"line":91,"column":20},"end":{"line":91,"column":null}},"7":{"start":{"line":92,"column":29},"end":{"line":92,"column":null}},"8":{"start":{"line":94,"column":40},"end":{"line":102,"column":null}},"9":{"start":{"line":104,"column":2},"end":{"line":104,"column":null}},"10":{"start":{"line":127,"column":2},"end":{"line":131,"column":null}},"11":{"start":{"line":128,"column":4},"end":{"line":128,"column":null}},"12":{"start":{"line":130,"column":4},"end":{"line":130,"column":null}},"13":{"start":{"line":133,"column":2},"end":{"line":135,"column":null}},"14":{"start":{"line":134,"column":4},"end":{"line":134,"column":null}},"15":{"start":{"line":137,"column":2},"end":{"line":139,"column":null}},"16":{"start":{"line":138,"column":4},"end":{"line":138,"column":null}},"17":{"start":{"line":141,"column":2},"end":{"line":143,"column":null}},"18":{"start":{"line":142,"column":4},"end":{"line":142,"column":null}},"19":{"start":{"line":147,"column":2},"end":{"line":155,"column":null}},"20":{"start":{"line":148,"column":4},"end":{"line":152,"column":null}},"21":{"start":{"line":154,"column":4},"end":{"line":154,"column":null}},"22":{"start":{"line":159,"column":2},"end":{"line":164,"column":null}},"23":{"start":{"line":160,"column":4},"end":{"line":160,"column":null}},"24":{"start":{"line":163,"column":4},"end":{"line":163,"column":null}},"25":{"start":{"line":168,"column":2},"end":{"line":172,"column":null}},"26":{"start":{"line":169,"column":4},"end":{"line":169,"column":null}},"27":{"start":{"line":171,"column":4},"end":{"line":171,"column":null}},"28":{"start":{"line":175,"column":2},"end":{"line":177,"column":null}},"29":{"start":{"line":176,"column":4},"end":{"line":176,"column":null}},"30":{"start":{"line":179,"column":2},"end":{"line":181,"column":null}},"31":{"start":{"line":180,"column":4},"end":{"line":180,"column":null}},"32":{"start":{"line":184,"column":25},"end":{"line":184,"column":null}},"33":{"start":{"line":186,"column":2},"end":{"line":190,"column":null}},"34":{"start":{"line":200,"column":2},"end":{"line":200,"column":null}},"35":{"start":{"line":200,"column":41},"end":{"line":200,"column":null}},"36":{"start":{"line":201,"column":12},"end":{"line":201,"column":null}},"37":{"start":{"line":203,"column":21},"end":{"line":203,"column":null}},"38":{"start":{"line":204,"column":2},"end":{"line":204,"column":null}},"39":{"start":{"line":204,"column":46},"end":{"line":204,"column":null}},"40":{"start":{"line":205,"column":2},"end":{"line":205,"column":null}},"41":{"start":{"line":205,"column":41},"end":{"line":205,"column":null}},"42":{"start":{"line":206,"column":2},"end":{"line":206,"column":null}},"43":{"start":{"line":206,"column":34},"end":{"line":206,"column":null}},"44":{"start":{"line":209,"column":2},"end":{"line":217,"column":null}},"45":{"start":{"line":210,"column":4},"end":{"line":210,"column":null}},"46":{"start":{"line":210,"column":49},"end":{"line":210,"column":null}},"47":{"start":{"line":211,"column":4},"end":{"line":211,"column":null}},"48":{"start":{"line":211,"column":34},"end":{"line":211,"column":null}},"49":{"start":{"line":212,"column":9},"end":{"line":217,"column":null}},"50":{"start":{"line":213,"column":4},"end":{"line":213,"column":null}},"51":{"start":{"line":213,"column":47},"end":{"line":213,"column":null}},"52":{"start":{"line":214,"column":4},"end":{"line":214,"column":null}},"53":{"start":{"line":214,"column":44},"end":{"line":214,"column":null}},"54":{"start":{"line":215,"column":9},"end":{"line":217,"column":null}},"55":{"start":{"line":216,"column":4},"end":{"line":216,"column":null}},"56":{"start":{"line":216,"column":48},"end":{"line":216,"column":null}},"57":{"start":{"line":219,"column":2},"end":{"line":219,"column":null}},"58":{"start":{"line":229,"column":15},"end":{"line":229,"column":null}},"59":{"start":{"line":230,"column":14},"end":{"line":230,"column":null}},"60":{"start":{"line":231,"column":12},"end":{"line":231,"column":null}},"61":{"start":{"line":232,"column":2},"end":{"line":232,"column":null}},"62":{"start":{"line":233,"column":15},"end":{"line":233,"column":null}},"63":{"start":{"line":234,"column":2},"end":{"line":234,"column":null}},"64":{"start":{"line":235,"column":2},"end":{"line":235,"column":null}},"65":{"start":{"line":237,"column":2},"end":{"line":237,"column":null}},"66":{"start":{"line":237,"column":19},"end":{"line":237,"column":45}}},"fnMap":{"0":{"name":"exportVault","decl":{"start":{"line":69,"column":22},"end":{"line":69,"column":null}},"loc":{"start":{"line":73,"column":19},"end":{"line":105,"column":null}},"line":73},"1":{"name":"importVault","decl":{"start":{"line":121,"column":22},"end":{"line":121,"column":null}},"loc":{"start":{"line":124,"column":25},"end":{"line":191,"column":null}},"line":124},"2":{"name":"sanitizeItem","decl":{"start":{"line":199,"column":9},"end":{"line":199,"column":22}},"loc":{"start":{"line":199,"column":55},"end":{"line":220,"column":null}},"line":199},"3":{"name":"downloadExportFile","decl":{"start":{"line":228,"column":16},"end":{"line":228,"column":35}},"loc":{"start":{"line":228,"column":61},"end":{"line":238,"column":null}},"line":228},"4":{"name":"(anonymous_4)","decl":{"start":{"line":237,"column":2},"end":{"line":237,"column":19}},"loc":{"start":{"line":237,"column":19},"end":{"line":237,"column":45}},"line":237}},"branchMap":{"0":{"loc":{"start":{"line":133,"column":2},"end":{"line":135,"column":null}},"type":"if","locations":[{"start":{"line":133,"column":2},"end":{"line":135,"column":null}},{"start":{},"end":{}}],"line":133},"1":{"loc":{"start":{"line":137,"column":2},"end":{"line":139,"column":null}},"type":"if","locations":[{"start":{"line":137,"column":2},"end":{"line":139,"column":null}},{"start":{},"end":{}}],"line":137},"2":{"loc":{"start":{"line":141,"column":2},"end":{"line":143,"column":null}},"type":"if","locations":[{"start":{"line":141,"column":2},"end":{"line":143,"column":null}},{"start":{},"end":{}}],"line":141},"3":{"loc":{"start":{"line":141,"column":6},"end":{"line":141,"column":79}},"type":"binary-expr","locations":[{"start":{"line":141,"column":6},"end":{"line":141,"column":24}},{"start":{"line":141,"column":24},"end":{"line":141,"column":40}},{"start":{"line":141,"column":40},"end":{"line":141,"column":64}},{"start":{"line":141,"column":64},"end":{"line":141,"column":79}}],"line":141},"4":{"loc":{"start":{"line":175,"column":2},"end":{"line":177,"column":null}},"type":"if","locations":[{"start":{"line":175,"column":2},"end":{"line":177,"column":null}},{"start":{},"end":{}}],"line":175},"5":{"loc":{"start":{"line":179,"column":2},"end":{"line":181,"column":null}},"type":"if","locations":[{"start":{"line":179,"column":2},"end":{"line":181,"column":null}},{"start":{},"end":{}}],"line":179},"6":{"loc":{"start":{"line":179,"column":6},"end":{"line":179,"column":54}},"type":"binary-expr","locations":[{"start":{"line":179,"column":6},"end":{"line":179,"column":39}},{"start":{"line":179,"column":39},"end":{"line":179,"column":54}}],"line":179},"7":{"loc":{"start":{"line":200,"column":2},"end":{"line":200,"column":null}},"type":"if","locations":[{"start":{"line":200,"column":2},"end":{"line":200,"column":null}},{"start":{},"end":{}}],"line":200},"8":{"loc":{"start":{"line":200,"column":6},"end":{"line":200,"column":41}},"type":"binary-expr","locations":[{"start":{"line":200,"column":6},"end":{"line":200,"column":15}},{"start":{"line":200,"column":15},"end":{"line":200,"column":41}}],"line":200},"9":{"loc":{"start":{"line":204,"column":2},"end":{"line":204,"column":null}},"type":"if","locations":[{"start":{"line":204,"column":2},"end":{"line":204,"column":null}},{"start":{},"end":{}}],"line":204},"10":{"loc":{"start":{"line":205,"column":2},"end":{"line":205,"column":null}},"type":"if","locations":[{"start":{"line":205,"column":2},"end":{"line":205,"column":null}},{"start":{},"end":{}}],"line":205},"11":{"loc":{"start":{"line":205,"column":6},"end":{"line":205,"column":41}},"type":"binary-expr","locations":[{"start":{"line":205,"column":6},"end":{"line":205,"column":34}},{"start":{"line":205,"column":34},"end":{"line":205,"column":41}}],"line":205},"12":{"loc":{"start":{"line":206,"column":2},"end":{"line":206,"column":null}},"type":"if","locations":[{"start":{"line":206,"column":2},"end":{"line":206,"column":null}},{"start":{},"end":{}}],"line":206},"13":{"loc":{"start":{"line":209,"column":2},"end":{"line":217,"column":null}},"type":"if","locations":[{"start":{"line":209,"column":2},"end":{"line":217,"column":null}},{"start":{"line":212,"column":9},"end":{"line":217,"column":null}}],"line":209},"14":{"loc":{"start":{"line":210,"column":4},"end":{"line":210,"column":null}},"type":"if","locations":[{"start":{"line":210,"column":4},"end":{"line":210,"column":null}},{"start":{},"end":{}}],"line":210},"15":{"loc":{"start":{"line":211,"column":4},"end":{"line":211,"column":null}},"type":"if","locations":[{"start":{"line":211,"column":4},"end":{"line":211,"column":null}},{"start":{},"end":{}}],"line":211},"16":{"loc":{"start":{"line":212,"column":9},"end":{"line":217,"column":null}},"type":"if","locations":[{"start":{"line":212,"column":9},"end":{"line":217,"column":null}},{"start":{"line":215,"column":9},"end":{"line":217,"column":null}}],"line":212},"17":{"loc":{"start":{"line":213,"column":4},"end":{"line":213,"column":null}},"type":"if","locations":[{"start":{"line":213,"column":4},"end":{"line":213,"column":null}},{"start":{},"end":{}}],"line":213},"18":{"loc":{"start":{"line":214,"column":4},"end":{"line":214,"column":null}},"type":"if","locations":[{"start":{"line":214,"column":4},"end":{"line":214,"column":null}},{"start":{},"end":{}}],"line":214},"19":{"loc":{"start":{"line":215,"column":9},"end":{"line":217,"column":null}},"type":"if","locations":[{"start":{"line":215,"column":9},"end":{"line":217,"column":null}},{"start":{},"end":{}}],"line":215},"20":{"loc":{"start":{"line":216,"column":4},"end":{"line":216,"column":null}},"type":"if","locations":[{"start":{"line":216,"column":4},"end":{"line":216,"column":null}},{"start":{},"end":{}}],"line":216}},"s":{"0":1,"1":1,"2":13,"3":13,"4":13,"5":13,"6":13,"7":13,"8":13,"9":13,"10":9,"11":9,"12":1,"13":8,"14":1,"15":7,"16":1,"17":6,"18":1,"19":5,"20":5,"21":0,"22":5,"23":5,"24":2,"25":3,"26":3,"27":0,"28":3,"29":0,"30":3,"31":0,"32":3,"33":3,"34":2,"35":0,"36":2,"37":2,"38":2,"39":0,"40":2,"41":0,"42":2,"43":0,"44":2,"45":2,"46":0,"47":2,"48":0,"49":0,"50":0,"51":0,"52":0,"53":0,"54":0,"55":0,"56":0,"57":2,"58":0,"59":0,"60":0,"61":0,"62":0,"63":0,"64":0,"65":0,"66":0},"f":{"0":13,"1":9,"2":2,"3":0,"4":0},"b":{"0":[1,7],"1":[1,6],"2":[1,5],"3":[6,6,6,5],"4":[0,3],"5":[0,3],"6":[3,3],"7":[0,2],"8":[2,2],"9":[0,2],"10":[0,2],"11":[2,2],"12":[0,2],"13":[2,0],"14":[0,2],"15":[0,2],"16":[0,0],"17":[0,0],"18":[0,0],"19":[0,0],"20":[0,0]},"meta":{"lastBranch":21,"lastFunction":5,"lastStatement":67,"seen":{"s:38:30:38:Infinity":0,"s:39:28:39:Infinity":1,"f:69:22:69:Infinity":0,"s:75:8:75:Infinity":2,"s:76:20:80:Infinity":3,"s:81:20:81:Infinity":4,"s:83:38:89:Infinity":5,"s:91:20:91:Infinity":6,"s:92:29:92:Infinity":7,"s:94:40:102:Infinity":8,"s:104:2:104:Infinity":9,"f:121:22:121:Infinity":1,"s:127:2:131:Infinity":10,"s:128:4:128:Infinity":11,"s:130:4:130:Infinity":12,"b:133:2:135:Infinity:undefined:undefined:undefined:undefined":0,"s:133:2:135:Infinity":13,"s:134:4:134:Infinity":14,"b:137:2:139:Infinity:undefined:undefined:undefined:undefined":1,"s:137:2:139:Infinity":15,"s:138:4:138:Infinity":16,"b:141:2:143:Infinity:undefined:undefined:undefined:undefined":2,"s:141:2:143:Infinity":17,"b:141:6:141:24:141:24:141:40:141:40:141:64:141:64:141:79":3,"s:142:4:142:Infinity":18,"s:147:2:155:Infinity":19,"s:148:4:152:Infinity":20,"s:154:4:154:Infinity":21,"s:159:2:164:Infinity":22,"s:160:4:160:Infinity":23,"s:163:4:163:Infinity":24,"s:168:2:172:Infinity":25,"s:169:4:169:Infinity":26,"s:171:4:171:Infinity":27,"b:175:2:177:Infinity:undefined:undefined:undefined:undefined":4,"s:175:2:177:Infinity":28,"s:176:4:176:Infinity":29,"b:179:2:181:Infinity:undefined:undefined:undefined:undefined":5,"s:179:2:181:Infinity":30,"b:179:6:179:39:179:39:179:54":6,"s:180:4:180:Infinity":31,"s:184:25:184:Infinity":32,"s:186:2:190:Infinity":33,"f:199:9:199:22":2,"b:200:2:200:Infinity:undefined:undefined:undefined:undefined":7,"s:200:2:200:Infinity":34,"b:200:6:200:15:200:15:200:41":8,"s:200:41:200:Infinity":35,"s:201:12:201:Infinity":36,"s:203:21:203:Infinity":37,"b:204:2:204:Infinity:undefined:undefined:undefined:undefined":9,"s:204:2:204:Infinity":38,"s:204:46:204:Infinity":39,"b:205:2:205:Infinity:undefined:undefined:undefined:undefined":10,"s:205:2:205:Infinity":40,"b:205:6:205:34:205:34:205:41":11,"s:205:41:205:Infinity":41,"b:206:2:206:Infinity:undefined:undefined:undefined:undefined":12,"s:206:2:206:Infinity":42,"s:206:34:206:Infinity":43,"b:209:2:217:Infinity:212:9:217:Infinity":13,"s:209:2:217:Infinity":44,"b:210:4:210:Infinity:undefined:undefined:undefined:undefined":14,"s:210:4:210:Infinity":45,"s:210:49:210:Infinity":46,"b:211:4:211:Infinity:undefined:undefined:undefined:undefined":15,"s:211:4:211:Infinity":47,"s:211:34:211:Infinity":48,"b:212:9:217:Infinity:215:9:217:Infinity":16,"s:212:9:217:Infinity":49,"b:213:4:213:Infinity:undefined:undefined:undefined:undefined":17,"s:213:4:213:Infinity":50,"s:213:47:213:Infinity":51,"b:214:4:214:Infinity:undefined:undefined:undefined:undefined":18,"s:214:4:214:Infinity":52,"s:214:44:214:Infinity":53,"b:215:9:217:Infinity:undefined:undefined:undefined:undefined":19,"s:215:9:217:Infinity":54,"b:216:4:216:Infinity:undefined:undefined:undefined:undefined":20,"s:216:4:216:Infinity":55,"s:216:48:216:Infinity":56,"s:219:2:219:Infinity":57,"f:228:16:228:35":3,"s:229:15:229:Infinity":58,"s:230:14:230:Infinity":59,"s:231:12:231:Infinity":60,"s:232:2:232:Infinity":61,"s:233:15:233:Infinity":62,"s:234:2:234:Infinity":63,"s:235:2:235:Infinity":64,"s:237:2:237:Infinity":65,"f:237:2:237:19":4,"s:237:19:237:45":66}}}
,"/Users/abhishek/Programming/Projects/ai-pass-mange/src/vault/vault-store.ts": {"path":"/Users/abhishek/Programming/Projects/ai-pass-mange/src/vault/vault-store.ts","statementMap":{"0":{"start":{"line":93,"column":36},"end":{"line":93,"column":null}},"1":{"start":{"line":96,"column":55},"end":{"line":96,"column":null}},"2":{"start":{"line":99,"column":22},"end":{"line":99,"column":null}},"3":{"start":{"line":100,"column":34},"end":{"line":100,"column":null}},"4":{"start":{"line":107,"column":8},"end":{"line":107,"column":null}},"5":{"start":{"line":108,"column":27},"end":{"line":108,"column":null}},"6":{"start":{"line":109,"column":32},"end":{"line":109,"column":null}},"7":{"start":{"line":111,"column":2},"end":{"line":111,"column":null}},"8":{"start":{"line":111,"column":27},"end":{"line":111,"column":null}},"9":{"start":{"line":112,"column":2},"end":{"line":112,"column":null}},"10":{"start":{"line":112,"column":28},"end":{"line":112,"column":null}},"11":{"start":{"line":113,"column":2},"end":{"line":113,"column":null}},"12":{"start":{"line":113,"column":31},"end":{"line":113,"column":null}},"13":{"start":{"line":114,"column":2},"end":{"line":114,"column":null}},"14":{"start":{"line":114,"column":31},"end":{"line":114,"column":null}},"15":{"start":{"line":115,"column":2},"end":{"line":115,"column":null}},"16":{"start":{"line":115,"column":31},"end":{"line":115,"column":null}},"17":{"start":{"line":116,"column":2},"end":{"line":116,"column":null}},"18":{"start":{"line":116,"column":38},"end":{"line":116,"column":null}},"19":{"start":{"line":118,"column":25},"end":{"line":118,"column":null}},"20":{"start":{"line":119,"column":2},"end":{"line":121,"column":null}},"21":{"start":{"line":119,"column":31},"end":{"line":119,"column":65}},"22":{"start":{"line":120,"column":4},"end":{"line":120,"column":null}},"23":{"start":{"line":123,"column":2},"end":{"line":123,"column":null}},"24":{"start":{"line":123,"column":34},"end":{"line":123,"column":null}},"25":{"start":{"line":124,"column":2},"end":{"line":126,"column":null}},"26":{"start":{"line":125,"column":4},"end":{"line":125,"column":null}},"27":{"start":{"line":128,"column":14},"end":{"line":128,"column":null}},"28":{"start":{"line":129,"column":2},"end":{"line":129,"column":null}},"29":{"start":{"line":130,"column":2},"end":{"line":130,"column":null}},"30":{"start":{"line":133,"column":4},"end":{"line":136,"column":null}},"31":{"start":{"line":138,"column":2},"end":{"line":138,"column":null}},"32":{"start":{"line":149,"column":21},"end":{"line":149,"column":null}},"33":{"start":{"line":149,"column":57},"end":{"line":149,"column":75}},"34":{"start":{"line":150,"column":22},"end":{"line":150,"column":null}},"35":{"start":{"line":151,"column":33},"end":{"line":151,"column":null}},"36":{"start":{"line":153,"column":2},"end":{"line":166,"column":null}},"37":{"start":{"line":154,"column":4},"end":{"line":165,"column":null}},"38":{"start":{"line":155,"column":18},"end":{"line":155,"column":null}},"39":{"start":{"line":156,"column":23},"end":{"line":156,"column":null}},"40":{"start":{"line":157,"column":6},"end":{"line":157,"column":null}},"41":{"start":{"line":157,"column":31},"end":{"line":157,"column":null}},"42":{"start":{"line":160,"column":23},"end":{"line":160,"column":null}},"43":{"start":{"line":161,"column":6},"end":{"line":161,"column":null}},"44":{"start":{"line":162,"column":6},"end":{"line":162,"column":null}},"45":{"start":{"line":168,"column":35},"end":{"line":168,"column":null}},"46":{"start":{"line":169,"column":2},"end":{"line":171,"column":null}},"47":{"start":{"line":170,"column":4},"end":{"line":170,"column":null}},"48":{"start":{"line":170,"column":26},"end":{"line":170,"column":null}},"49":{"start":{"line":173,"column":22},"end":{"line":175,"column":null}},"50":{"start":{"line":174,"column":12},"end":{"line":174,"column":null}},"51":{"start":{"line":177,"column":16},"end":{"line":181,"column":null}},"52":{"start":{"line":183,"column":2},"end":{"line":192,"column":null}},"53":{"start":{"line":199,"column":13},"end":{"line":555,"column":null}},"54":{"start":{"line":199,"column":63},"end":{"line":555,"column":2}},"55":{"start":{"line":216,"column":17},"end":{"line":216,"column":null}},"56":{"start":{"line":217,"column":21},"end":{"line":217,"column":null}},"57":{"start":{"line":219,"column":19},"end":{"line":219,"column":null}},"58":{"start":{"line":220,"column":28},"end":{"line":220,"column":null}},"59":{"start":{"line":221,"column":29},"end":{"line":221,"column":null}},"60":{"start":{"line":224,"column":4},"end":{"line":243,"column":null}},"61":{"start":{"line":225,"column":6},"end":{"line":242,"column":null}},"62":{"start":{"line":226,"column":30},"end":{"line":226,"column":null}},"63":{"start":{"line":227,"column":26},"end":{"line":227,"column":null}},"64":{"start":{"line":228,"column":8},"end":{"line":235,"column":null}},"65":{"start":{"line":229,"column":16},"end":{"line":229,"column":null}},"66":{"start":{"line":230,"column":30},"end":{"line":230,"column":null}},"67":{"start":{"line":231,"column":10},"end":{"line":231,"column":null}},"68":{"start":{"line":232,"column":10},"end":{"line":232,"column":null}},"69":{"start":{"line":233,"column":10},"end":{"line":233,"column":null}},"70":{"start":{"line":234,"column":10},"end":{"line":234,"column":null}},"71":{"start":{"line":238,"column":8},"end":{"line":238,"column":null}},"72":{"start":{"line":239,"column":8},"end":{"line":239,"column":null}},"73":{"start":{"line":240,"column":8},"end":{"line":240,"column":null}},"74":{"start":{"line":241,"column":8},"end":{"line":241,"column":null}},"75":{"start":{"line":245,"column":4},"end":{"line":253,"column":null}},"76":{"start":{"line":255,"column":4},"end":{"line":258,"column":null}},"77":{"start":{"line":256,"column":6},"end":{"line":256,"column":null}},"78":{"start":{"line":257,"column":6},"end":{"line":257,"column":null}},"79":{"start":{"line":263,"column":4},"end":{"line":301,"column":null}},"80":{"start":{"line":264,"column":33},"end":{"line":264,"column":null}},"81":{"start":{"line":265,"column":27},"end":{"line":265,"column":null}},"82":{"start":{"line":267,"column":30},"end":{"line":274,"column":null}},"83":{"start":{"line":276,"column":6},"end":{"line":276,"column":null}},"84":{"start":{"line":277,"column":6},"end":{"line":277,"column":null}},"85":{"start":{"line":280,"column":6},"end":{"line":280,"column":null}},"86":{"start":{"line":281,"column":6},"end":{"line":281,"column":null}},"87":{"start":{"line":284,"column":6},"end":{"line":295,"column":null}},"88":{"start":{"line":285,"column":8},"end":{"line":294,"column":null}},"89":{"start":{"line":286,"column":30},"end":{"line":286,"column":null}},"90":{"start":{"line":287,"column":16},"end":{"line":287,"column":null}},"91":{"start":{"line":288,"column":10},"end":{"line":290,"column":null}},"92":{"start":{"line":289,"column":12},"end":{"line":289,"column":null}},"93":{"start":{"line":291,"column":10},"end":{"line":291,"column":null}},"94":{"start":{"line":293,"column":10},"end":{"line":293,"column":null}},"95":{"start":{"line":297,"column":6},"end":{"line":297,"column":null}},"96":{"start":{"line":299,"column":6},"end":{"line":299,"column":null}},"97":{"start":{"line":300,"column":6},"end":{"line":300,"column":null}},"98":{"start":{"line":306,"column":21},"end":{"line":306,"column":null}},"99":{"start":{"line":307,"column":4},"end":{"line":307,"column":null}},"100":{"start":{"line":307,"column":15},"end":{"line":307,"column":null}},"101":{"start":{"line":310,"column":16},"end":{"line":310,"column":null}},"102":{"start":{"line":311,"column":4},"end":{"line":319,"column":null}},"103":{"start":{"line":312,"column":31},"end":{"line":312,"column":null}},"104":{"start":{"line":313,"column":6},"end":{"line":317,"column":null}},"105":{"start":{"line":318,"column":6},"end":{"line":318,"column":null}},"106":{"start":{"line":321,"column":4},"end":{"line":381,"column":null}},"107":{"start":{"line":322,"column":18},"end":{"line":322,"column":null}},"108":{"start":{"line":325,"column":23},"end":{"line":328,"column":null}},"109":{"start":{"line":330,"column":6},"end":{"line":349,"column":null}},"110":{"start":{"line":331,"column":8},"end":{"line":331,"column":null}},"111":{"start":{"line":332,"column":8},"end":{"line":347,"column":null}},"112":{"start":{"line":333,"column":10},"end":{"line":333,"column":null}},"113":{"start":{"line":334,"column":10},"end":{"line":334,"column":null}},"114":{"start":{"line":335,"column":10},"end":{"line":339,"column":null}},"115":{"start":{"line":341,"column":10},"end":{"line":341,"column":null}},"116":{"start":{"line":342,"column":10},"end":{"line":346,"column":null}},"117":{"start":{"line":348,"column":8},"end":{"line":348,"column":null}},"118":{"start":{"line":352,"column":6},"end":{"line":352,"column":null}},"119":{"start":{"line":353,"column":6},"end":{"line":353,"column":null}},"120":{"start":{"line":354,"column":6},"end":{"line":354,"column":null}},"121":{"start":{"line":357,"column":20},"end":{"line":357,"column":null}},"122":{"start":{"line":358,"column":6},"end":{"line":358,"column":null}},"123":{"start":{"line":359,"column":6},"end":{"line":359,"column":null}},"124":{"start":{"line":360,"column":6},"end":{"line":360,"column":null}},"125":{"start":{"line":363,"column":6},"end":{"line":375,"column":null}},"126":{"start":{"line":364,"column":8},"end":{"line":374,"column":null}},"127":{"start":{"line":365,"column":30},"end":{"line":365,"column":null}},"128":{"start":{"line":366,"column":16},"end":{"line":366,"column":null}},"129":{"start":{"line":367,"column":10},"end":{"line":369,"column":null}},"130":{"start":{"line":368,"column":12},"end":{"line":368,"column":null}},"131":{"start":{"line":371,"column":10},"end":{"line":371,"column":null}},"132":{"start":{"line":373,"column":10},"end":{"line":373,"column":null}},"133":{"start":{"line":377,"column":6},"end":{"line":377,"column":null}},"134":{"start":{"line":379,"column":6},"end":{"line":379,"column":null}},"135":{"start":{"line":380,"column":6},"end":{"line":380,"column":null}},"136":{"start":{"line":386,"column":4},"end":{"line":386,"column":null}},"137":{"start":{"line":389,"column":4},"end":{"line":391,"column":null}},"138":{"start":{"line":390,"column":6},"end":{"line":390,"column":null}},"139":{"start":{"line":394,"column":4},"end":{"line":394,"column":null}},"140":{"start":{"line":396,"column":4},"end":{"line":399,"column":null}},"141":{"start":{"line":397,"column":6},"end":{"line":397,"column":null}},"142":{"start":{"line":398,"column":6},"end":{"line":398,"column":null}},"143":{"start":{"line":402,"column":4},"end":{"line":409,"column":null}},"144":{"start":{"line":414,"column":21},"end":{"line":414,"column":null}},"145":{"start":{"line":415,"column":4},"end":{"line":420,"column":null}},"146":{"start":{"line":416,"column":6},"end":{"line":416,"column":null}},"147":{"start":{"line":416,"column":22},"end":{"line":416,"column":null}},"148":{"start":{"line":417,"column":6},"end":{"line":419,"column":null}},"149":{"start":{"line":418,"column":8},"end":{"line":418,"column":null}},"150":{"start":{"line":425,"column":4},"end":{"line":425,"column":null}},"151":{"start":{"line":425,"column":22},"end":{"line":425,"column":null}},"152":{"start":{"line":429,"column":4},"end":{"line":473,"column":null}},"153":{"start":{"line":430,"column":24},"end":{"line":430,"column":null}},"154":{"start":{"line":431,"column":27},"end":{"line":431,"column":null}},"155":{"start":{"line":432,"column":24},"end":{"line":432,"column":null}},"156":{"start":{"line":433,"column":6},"end":{"line":440,"column":null}},"157":{"start":{"line":441,"column":11},"end":{"line":473,"column":null}},"158":{"start":{"line":442,"column":23},"end":{"line":442,"column":null}},"159":{"start":{"line":443,"column":21},"end":{"line":443,"column":null}},"160":{"start":{"line":444,"column":21},"end":{"line":444,"column":null}},"161":{"start":{"line":445,"column":6},"end":{"line":454,"column":null}},"162":{"start":{"line":455,"column":11},"end":{"line":473,"column":null}},"163":{"start":{"line":456,"column":23},"end":{"line":456,"column":null}},"164":{"start":{"line":457,"column":25},"end":{"line":457,"column":null}},"165":{"start":{"line":458,"column":6},"end":{"line":465,"column":null}},"166":{"start":{"line":467,"column":6},"end":{"line":472,"column":null}},"167":{"start":{"line":475,"column":20},"end":{"line":475,"column":null}},"168":{"start":{"line":476,"column":4},"end":{"line":476,"column":null}},"169":{"start":{"line":477,"column":4},"end":{"line":477,"column":null}},"170":{"start":{"line":478,"column":4},"end":{"line":478,"column":null}},"171":{"start":{"line":479,"column":4},"end":{"line":479,"column":null}},"172":{"start":{"line":484,"column":18},"end":{"line":486,"column":null}},"173":{"start":{"line":485,"column":6},"end":{"line":485,"column":null}},"174":{"start":{"line":487,"column":4},"end":{"line":487,"column":null}},"175":{"start":{"line":488,"column":4},"end":{"line":488,"column":null}},"176":{"start":{"line":489,"column":4},"end":{"line":489,"column":null}},"177":{"start":{"line":494,"column":18},"end":{"line":494,"column":null}},"178":{"start":{"line":494,"column":45},"end":{"line":494,"column":59}},"179":{"start":{"line":495,"column":4},"end":{"line":495,"column":null}},"180":{"start":{"line":496,"column":4},"end":{"line":496,"column":null}},"181":{"start":{"line":497,"column":4},"end":{"line":497,"column":null}},"182":{"start":{"line":498,"column":4},"end":{"line":498,"column":null}},"183":{"start":{"line":503,"column":18},"end":{"line":505,"column":null}},"184":{"start":{"line":504,"column":6},"end":{"line":504,"column":null}},"185":{"start":{"line":506,"column":4},"end":{"line":506,"column":null}},"186":{"start":{"line":507,"column":4},"end":{"line":507,"column":null}},"187":{"start":{"line":512,"column":4},"end":{"line":512,"column":null}},"188":{"start":{"line":512,"column":22},"end":{"line":512,"column":null}},"189":{"start":{"line":513,"column":4},"end":{"line":513,"column":null}},"190":{"start":{"line":517,"column":22},"end":{"line":517,"column":null}},"191":{"start":{"line":520,"column":25},"end":{"line":520,"column":null}},"192":{"start":{"line":521,"column":30},"end":{"line":521,"column":null}},"193":{"start":{"line":525,"column":4},"end":{"line":525,"column":null}},"194":{"start":{"line":526,"column":20},"end":{"line":526,"column":null}},"195":{"start":{"line":527,"column":4},"end":{"line":527,"column":null}},"196":{"start":{"line":532,"column":10},"end":{"line":532,"column":null}},"197":{"start":{"line":533,"column":4},"end":{"line":533,"column":null}},"198":{"start":{"line":533,"column":18},"end":{"line":533,"column":66}},"199":{"start":{"line":534,"column":4},"end":{"line":534,"column":null}},"200":{"start":{"line":534,"column":21},"end":{"line":534,"column":44}},"201":{"start":{"line":537,"column":4},"end":{"line":537,"column":null}},"202":{"start":{"line":537,"column":18},"end":{"line":537,"column":68}},"203":{"start":{"line":537,"column":53},"end":{"line":537,"column":64}},"204":{"start":{"line":542,"column":22},"end":{"line":542,"column":null}},"205":{"start":{"line":543,"column":4},"end":{"line":543,"column":null}},"206":{"start":{"line":543,"column":22},"end":{"line":543,"column":null}},"207":{"start":{"line":544,"column":4},"end":{"line":546,"column":null}},"208":{"start":{"line":544,"column":39},"end":{"line":544,"column":71}},"209":{"start":{"line":545,"column":22},"end":{"line":545,"column":51}},"210":{"start":{"line":551,"column":4},"end":{"line":551,"column":null}},"211":{"start":{"line":552,"column":4},"end":{"line":552,"column":null}},"212":{"start":{"line":553,"column":4},"end":{"line":553,"column":null}}},"fnMap":{"0":{"name":"analyzePassword","decl":{"start":{"line":106,"column":9},"end":{"line":106,"column":25}},"loc":{"start":{"line":106,"column":61},"end":{"line":139,"column":null}},"line":106},"1":{"name":"(anonymous_1)","decl":{"start":{"line":119,"column":21},"end":{"line":119,"column":26}},"loc":{"start":{"line":119,"column":31},"end":{"line":119,"column":65}},"line":119},"2":{"name":"buildHealthReport","decl":{"start":{"line":145,"column":15},"end":{"line":145,"column":null}},"loc":{"start":{"line":148,"column":30},"end":{"line":193,"column":null}},"line":148},"3":{"name":"(anonymous_3)","decl":{"start":{"line":149,"column":27},"end":{"line":149,"column":35}},"loc":{"start":{"line":149,"column":57},"end":{"line":149,"column":75}},"line":149},"4":{"name":"(anonymous_4)","decl":{"start":{"line":173,"column":73},"end":{"line":173,"column":null}},"loc":{"start":{"line":174,"column":12},"end":{"line":174,"column":null}},"line":174},"5":{"name":"(anonymous_5)","decl":{"start":{"line":199,"column":29},"end":{"line":199,"column":49}},"loc":{"start":{"line":199,"column":63},"end":{"line":555,"column":2}},"line":199},"6":{"name":"(anonymous_6)","decl":{"start":{"line":215,"column":14},"end":{"line":215,"column":26}},"loc":{"start":{"line":215,"column":26},"end":{"line":259,"column":null}},"line":215},"7":{"name":"(anonymous_7)","decl":{"start":{"line":262,"column":23},"end":{"line":262,"column":30}},"loc":{"start":{"line":262,"column":51},"end":{"line":302,"column":null}},"line":262},"8":{"name":"(anonymous_8)","decl":{"start":{"line":284,"column":12},"end":{"line":284,"column":24}},"loc":{"start":{"line":284,"column":24},"end":{"line":295,"column":9}},"line":284},"9":{"name":"(anonymous_9)","decl":{"start":{"line":291,"column":89},"end":{"line":291,"column":101}},"loc":{"start":{"line":291,"column":101},"end":{"line":291,"column":103}},"line":291},"10":{"name":"(anonymous_10)","decl":{"start":{"line":305,"column":10},"end":{"line":305,"column":17}},"loc":{"start":{"line":305,"column":38},"end":{"line":382,"column":null}},"line":305},"11":{"name":"(anonymous_11)","decl":{"start":{"line":363,"column":12},"end":{"line":363,"column":24}},"loc":{"start":{"line":363,"column":24},"end":{"line":375,"column":9}},"line":363},"12":{"name":"(anonymous_12)","decl":{"start":{"line":371,"column":83},"end":{"line":371,"column":95}},"loc":{"start":{"line":371,"column":95},"end":{"line":371,"column":97}},"line":371},"13":{"name":"(anonymous_13)","decl":{"start":{"line":385,"column":2},"end":{"line":385,"column":14}},"loc":{"start":{"line":385,"column":14},"end":{"line":410,"column":null}},"line":385},"14":{"name":"(anonymous_14)","decl":{"start":{"line":390,"column":62},"end":{"line":390,"column":74}},"loc":{"start":{"line":390,"column":74},"end":{"line":390,"column":76}},"line":390},"15":{"name":"(anonymous_15)","decl":{"start":{"line":394,"column":55},"end":{"line":394,"column":67}},"loc":{"start":{"line":394,"column":67},"end":{"line":394,"column":69}},"line":394},"16":{"name":"(anonymous_16)","decl":{"start":{"line":413,"column":2},"end":{"line":413,"column":28}},"loc":{"start":{"line":413,"column":28},"end":{"line":421,"column":null}},"line":413},"17":{"name":"(anonymous_17)","decl":{"start":{"line":417,"column":19},"end":{"line":417,"column":36}},"loc":{"start":{"line":417,"column":36},"end":{"line":419,"column":9}},"line":417},"18":{"name":"(anonymous_18)","decl":{"start":{"line":424,"column":11},"end":{"line":424,"column":18}},"loc":{"start":{"line":424,"column":31},"end":{"line":480,"column":null}},"line":424},"19":{"name":"(anonymous_19)","decl":{"start":{"line":483,"column":14},"end":{"line":483,"column":21}},"loc":{"start":{"line":483,"column":37},"end":{"line":490,"column":null}},"line":483},"20":{"name":"(anonymous_20)","decl":{"start":{"line":484,"column":30},"end":{"line":484,"column":34}},"loc":{"start":{"line":485,"column":6},"end":{"line":485,"column":null}},"line":485},"21":{"name":"(anonymous_21)","decl":{"start":{"line":493,"column":14},"end":{"line":493,"column":21}},"loc":{"start":{"line":493,"column":28},"end":{"line":499,"column":null}},"line":493},"22":{"name":"(anonymous_22)","decl":{"start":{"line":494,"column":30},"end":{"line":494,"column":37}},"loc":{"start":{"line":494,"column":45},"end":{"line":494,"column":59}},"line":494},"23":{"name":"(anonymous_23)","decl":{"start":{"line":502,"column":18},"end":{"line":502,"column":25}},"loc":{"start":{"line":502,"column":32},"end":{"line":508,"column":null}},"line":502},"24":{"name":"(anonymous_24)","decl":{"start":{"line":503,"column":30},"end":{"line":503,"column":34}},"loc":{"start":{"line":504,"column":6},"end":{"line":504,"column":null}},"line":504},"25":{"name":"(anonymous_25)","decl":{"start":{"line":511,"column":24},"end":{"line":511,"column":31}},"loc":{"start":{"line":511,"column":51},"end":{"line":514,"column":null}},"line":511},"26":{"name":"(anonymous_26)","decl":{"start":{"line":517,"column":2},"end":{"line":517,"column":13}},"loc":{"start":{"line":517,"column":22},"end":{"line":517,"column":null}},"line":517},"27":{"name":"(anonymous_27)","decl":{"start":{"line":520,"column":2},"end":{"line":520,"column":19}},"loc":{"start":{"line":520,"column":25},"end":{"line":520,"column":null}},"line":520},"28":{"name":"(anonymous_28)","decl":{"start":{"line":521,"column":2},"end":{"line":521,"column":22}},"loc":{"start":{"line":521,"column":30},"end":{"line":521,"column":null}},"line":521},"29":{"name":"(anonymous_29)","decl":{"start":{"line":524,"column":18},"end":{"line":524,"column":25}},"loc":{"start":{"line":524,"column":41},"end":{"line":528,"column":null}},"line":524},"30":{"name":"(anonymous_30)","decl":{"start":{"line":531,"column":2},"end":{"line":531,"column":13}},"loc":{"start":{"line":531,"column":23},"end":{"line":535,"column":null}},"line":531},"31":{"name":"(anonymous_31)","decl":{"start":{"line":533,"column":4},"end":{"line":533,"column":8}},"loc":{"start":{"line":533,"column":18},"end":{"line":533,"column":66}},"line":533},"32":{"name":"(anonymous_32)","decl":{"start":{"line":534,"column":4},"end":{"line":534,"column":21}},"loc":{"start":{"line":534,"column":21},"end":{"line":534,"column":44}},"line":534},"33":{"name":"(anonymous_33)","decl":{"start":{"line":536,"column":2},"end":{"line":536,"column":16}},"loc":{"start":{"line":536,"column":23},"end":{"line":538,"column":null}},"line":536},"34":{"name":"(anonymous_34)","decl":{"start":{"line":537,"column":4},"end":{"line":537,"column":8}},"loc":{"start":{"line":537,"column":18},"end":{"line":537,"column":68}},"line":537},"35":{"name":"(anonymous_35)","decl":{"start":{"line":537,"column":41},"end":{"line":537,"column":48}},"loc":{"start":{"line":537,"column":53},"end":{"line":537,"column":64}},"line":537},"36":{"name":"(anonymous_36)","decl":{"start":{"line":541,"column":2},"end":{"line":541,"column":29}},"loc":{"start":{"line":541,"column":29},"end":{"line":547,"column":null}},"line":541},"37":{"name":"(anonymous_37)","decl":{"start":{"line":544,"column":22},"end":{"line":544,"column":30}},"loc":{"start":{"line":544,"column":39},"end":{"line":544,"column":71}},"line":544},"38":{"name":"(anonymous_38)","decl":{"start":{"line":545,"column":7},"end":{"line":545,"column":12}},"loc":{"start":{"line":545,"column":22},"end":{"line":545,"column":51}},"line":545},"39":{"name":"(anonymous_39)","decl":{"start":{"line":546,"column":7},"end":{"line":546,"column":19}},"loc":{"start":{"line":546,"column":19},"end":{"line":546,"column":21}},"line":546},"40":{"name":"(anonymous_40)","decl":{"start":{"line":550,"column":18},"end":{"line":550,"column":30}},"loc":{"start":{"line":550,"column":30},"end":{"line":554,"column":null}},"line":550}},"branchMap":{"0":{"loc":{"start":{"line":111,"column":2},"end":{"line":111,"column":null}},"type":"if","locations":[{"start":{"line":111,"column":2},"end":{"line":111,"column":null}},{"start":{},"end":{}}],"line":111},"1":{"loc":{"start":{"line":112,"column":2},"end":{"line":112,"column":null}},"type":"if","locations":[{"start":{"line":112,"column":2},"end":{"line":112,"column":null}},{"start":{},"end":{}}],"line":112},"2":{"loc":{"start":{"line":113,"column":2},"end":{"line":113,"column":null}},"type":"if","locations":[{"start":{"line":113,"column":2},"end":{"line":113,"column":null}},{"start":{},"end":{}}],"line":113},"3":{"loc":{"start":{"line":114,"column":2},"end":{"line":114,"column":null}},"type":"if","locations":[{"start":{"line":114,"column":2},"end":{"line":114,"column":null}},{"start":{},"end":{}}],"line":114},"4":{"loc":{"start":{"line":115,"column":2},"end":{"line":115,"column":null}},"type":"if","locations":[{"start":{"line":115,"column":2},"end":{"line":115,"column":null}},{"start":{},"end":{}}],"line":115},"5":{"loc":{"start":{"line":116,"column":2},"end":{"line":116,"column":null}},"type":"if","locations":[{"start":{"line":116,"column":2},"end":{"line":116,"column":null}},{"start":{},"end":{}}],"line":116},"6":{"loc":{"start":{"line":119,"column":2},"end":{"line":121,"column":null}},"type":"if","locations":[{"start":{"line":119,"column":2},"end":{"line":121,"column":null}},{"start":{},"end":{}}],"line":119},"7":{"loc":{"start":{"line":123,"column":2},"end":{"line":123,"column":null}},"type":"if","locations":[{"start":{"line":123,"column":2},"end":{"line":123,"column":null}},{"start":{},"end":{}}],"line":123},"8":{"loc":{"start":{"line":124,"column":2},"end":{"line":126,"column":null}},"type":"if","locations":[{"start":{"line":124,"column":2},"end":{"line":126,"column":null}},{"start":{},"end":{}}],"line":124},"9":{"loc":{"start":{"line":124,"column":6},"end":{"line":124,"column":55}},"type":"binary-expr","locations":[{"start":{"line":124,"column":6},"end":{"line":124,"column":34}},{"start":{"line":124,"column":34},"end":{"line":124,"column":55}}],"line":124},"10":{"loc":{"start":{"line":133,"column":4},"end":{"line":136,"column":null}},"type":"cond-expr","locations":[{"start":{"line":133,"column":18},"end":{"line":133,"column":null}},{"start":{"line":134,"column":4},"end":{"line":136,"column":null}}],"line":133},"11":{"loc":{"start":{"line":134,"column":4},"end":{"line":136,"column":null}},"type":"cond-expr","locations":[{"start":{"line":134,"column":18},"end":{"line":134,"column":null}},{"start":{"line":135,"column":4},"end":{"line":136,"column":null}}],"line":134},"12":{"loc":{"start":{"line":135,"column":4},"end":{"line":136,"column":null}},"type":"cond-expr","locations":[{"start":{"line":135,"column":18},"end":{"line":135,"column":null}},{"start":{"line":136,"column":4},"end":{"line":136,"column":null}}],"line":135},"13":{"loc":{"start":{"line":136,"column":4},"end":{"line":136,"column":null}},"type":"cond-expr","locations":[{"start":{"line":136,"column":18},"end":{"line":136,"column":27}},{"start":{"line":136,"column":27},"end":{"line":136,"column":null}}],"line":136},"14":{"loc":{"start":{"line":157,"column":6},"end":{"line":157,"column":null}},"type":"if","locations":[{"start":{"line":157,"column":6},"end":{"line":157,"column":null}},{"start":{},"end":{}}],"line":157},"15":{"loc":{"start":{"line":160,"column":23},"end":{"line":160,"column":null}},"type":"binary-expr","locations":[{"start":{"line":160,"column":23},"end":{"line":160,"column":47}},{"start":{"line":160,"column":47},"end":{"line":160,"column":null}}],"line":160},"16":{"loc":{"start":{"line":170,"column":4},"end":{"line":170,"column":null}},"type":"if","locations":[{"start":{"line":170,"column":4},"end":{"line":170,"column":null}},{"start":{},"end":{}}],"line":170},"17":{"loc":{"start":{"line":177,"column":16},"end":{"line":181,"column":null}},"type":"cond-expr","locations":[{"start":{"line":177,"column":42},"end":{"line":177,"column":null}},{"start":{"line":178,"column":4},"end":{"line":181,"column":null}}],"line":177},"18":{"loc":{"start":{"line":220,"column":28},"end":{"line":220,"column":null}},"type":"cond-expr","locations":[{"start":{"line":220,"column":35},"end":{"line":220,"column":46}},{"start":{"line":220,"column":46},"end":{"line":220,"column":null}}],"line":220},"19":{"loc":{"start":{"line":224,"column":4},"end":{"line":243,"column":null}},"type":"if","locations":[{"start":{"line":224,"column":4},"end":{"line":243,"column":null}},{"start":{},"end":{}}],"line":224},"20":{"loc":{"start":{"line":224,"column":8},"end":{"line":224,"column":40}},"type":"binary-expr","locations":[{"start":{"line":224,"column":8},"end":{"line":224,"column":16}},{"start":{"line":224,"column":16},"end":{"line":224,"column":40}}],"line":224},"21":{"loc":{"start":{"line":228,"column":8},"end":{"line":235,"column":null}},"type":"if","locations":[{"start":{"line":228,"column":8},"end":{"line":235,"column":null}},{"start":{},"end":{}}],"line":228},"22":{"loc":{"start":{"line":255,"column":4},"end":{"line":258,"column":null}},"type":"if","locations":[{"start":{"line":255,"column":4},"end":{"line":258,"column":null}},{"start":{},"end":{}}],"line":255},"23":{"loc":{"start":{"line":288,"column":10},"end":{"line":290,"column":null}},"type":"if","locations":[{"start":{"line":288,"column":10},"end":{"line":290,"column":null}},{"start":{},"end":{}}],"line":288},"24":{"loc":{"start":{"line":307,"column":4},"end":{"line":307,"column":null}},"type":"if","locations":[{"start":{"line":307,"column":4},"end":{"line":307,"column":null}},{"start":{},"end":{}}],"line":307},"25":{"loc":{"start":{"line":311,"column":4},"end":{"line":319,"column":null}},"type":"if","locations":[{"start":{"line":311,"column":4},"end":{"line":319,"column":null}},{"start":{},"end":{}}],"line":311},"26":{"loc":{"start":{"line":311,"column":8},"end":{"line":311,"column":68}},"type":"binary-expr","locations":[{"start":{"line":311,"column":8},"end":{"line":311,"column":32}},{"start":{"line":311,"column":32},"end":{"line":311,"column":48}},{"start":{"line":311,"column":48},"end":{"line":311,"column":68}}],"line":311},"27":{"loc":{"start":{"line":330,"column":6},"end":{"line":349,"column":null}},"type":"if","locations":[{"start":{"line":330,"column":6},"end":{"line":349,"column":null}},{"start":{},"end":{}}],"line":330},"28":{"loc":{"start":{"line":332,"column":8},"end":{"line":347,"column":null}},"type":"if","locations":[{"start":{"line":332,"column":8},"end":{"line":347,"column":null}},{"start":{"line":340,"column":15},"end":{"line":347,"column":null}}],"line":332},"29":{"loc":{"start":{"line":367,"column":10},"end":{"line":369,"column":null}},"type":"if","locations":[{"start":{"line":367,"column":10},"end":{"line":369,"column":null}},{"start":{},"end":{}}],"line":367},"30":{"loc":{"start":{"line":389,"column":4},"end":{"line":391,"column":null}},"type":"if","locations":[{"start":{"line":389,"column":4},"end":{"line":391,"column":null}},{"start":{},"end":{}}],"line":389},"31":{"loc":{"start":{"line":396,"column":4},"end":{"line":399,"column":null}},"type":"if","locations":[{"start":{"line":396,"column":4},"end":{"line":399,"column":null}},{"start":{},"end":{}}],"line":396},"32":{"loc":{"start":{"line":415,"column":4},"end":{"line":420,"column":null}},"type":"if","locations":[{"start":{"line":415,"column":4},"end":{"line":420,"column":null}},{"start":{},"end":{}}],"line":415},"33":{"loc":{"start":{"line":415,"column":8},"end":{"line":415,"column":69}},"type":"binary-expr","locations":[{"start":{"line":415,"column":8},"end":{"line":415,"column":20}},{"start":{"line":415,"column":20},"end":{"line":415,"column":52}},{"start":{"line":415,"column":52},"end":{"line":415,"column":69}}],"line":415},"34":{"loc":{"start":{"line":416,"column":6},"end":{"line":416,"column":null}},"type":"if","locations":[{"start":{"line":416,"column":6},"end":{"line":416,"column":null}},{"start":{},"end":{}}],"line":416},"35":{"loc":{"start":{"line":425,"column":4},"end":{"line":425,"column":null}},"type":"if","locations":[{"start":{"line":425,"column":4},"end":{"line":425,"column":null}},{"start":{},"end":{}}],"line":425},"36":{"loc":{"start":{"line":429,"column":4},"end":{"line":473,"column":null}},"type":"if","locations":[{"start":{"line":429,"column":4},"end":{"line":473,"column":null}},{"start":{"line":441,"column":11},"end":{"line":473,"column":null}}],"line":429},"37":{"loc":{"start":{"line":431,"column":27},"end":{"line":431,"column":null}},"type":"binary-expr","locations":[{"start":{"line":431,"column":27},"end":{"line":431,"column":90}},{"start":{"line":431,"column":90},"end":{"line":431,"column":null}}],"line":431},"38":{"loc":{"start":{"line":441,"column":11},"end":{"line":473,"column":null}},"type":"if","locations":[{"start":{"line":441,"column":11},"end":{"line":473,"column":null}},{"start":{"line":455,"column":11},"end":{"line":473,"column":null}}],"line":441},"39":{"loc":{"start":{"line":443,"column":35},"end":{"line":443,"column":61}},"type":"binary-expr","locations":[{"start":{"line":443,"column":35},"end":{"line":443,"column":57}},{"start":{"line":443,"column":57},"end":{"line":443,"column":61}}],"line":443},"40":{"loc":{"start":{"line":444,"column":35},"end":{"line":444,"column":58}},"type":"binary-expr","locations":[{"start":{"line":444,"column":35},"end":{"line":444,"column":54}},{"start":{"line":444,"column":54},"end":{"line":444,"column":58}}],"line":444},"41":{"loc":{"start":{"line":455,"column":11},"end":{"line":473,"column":null}},"type":"if","locations":[{"start":{"line":455,"column":11},"end":{"line":473,"column":null}},{"start":{"line":466,"column":11},"end":{"line":473,"column":null}}],"line":455},"42":{"loc":{"start":{"line":457,"column":39},"end":{"line":457,"column":66}},"type":"binary-expr","locations":[{"start":{"line":457,"column":39},"end":{"line":457,"column":62}},{"start":{"line":457,"column":62},"end":{"line":457,"column":66}}],"line":457},"43":{"loc":{"start":{"line":485,"column":6},"end":{"line":485,"column":null}},"type":"cond-expr","locations":[{"start":{"line":485,"column":24},"end":{"line":485,"column":87}},{"start":{"line":485,"column":87},"end":{"line":485,"column":null}}],"line":485},"44":{"loc":{"start":{"line":504,"column":6},"end":{"line":504,"column":null}},"type":"cond-expr","locations":[{"start":{"line":504,"column":23},"end":{"line":504,"column":86}},{"start":{"line":504,"column":86},"end":{"line":504,"column":null}}],"line":504},"45":{"loc":{"start":{"line":512,"column":4},"end":{"line":512,"column":null}},"type":"if","locations":[{"start":{"line":512,"column":4},"end":{"line":512,"column":null}},{"start":{},"end":{}}],"line":512},"46":{"loc":{"start":{"line":543,"column":4},"end":{"line":543,"column":null}},"type":"if","locations":[{"start":{"line":543,"column":4},"end":{"line":543,"column":null}},{"start":{},"end":{}}],"line":543}},"s":{"0":1,"1":1,"2":1,"3":1,"4":14,"5":14,"6":14,"7":14,"8":12,"9":14,"10":12,"11":14,"12":13,"13":14,"14":0,"15":14,"16":9,"17":14,"18":12,"19":14,"20":14,"21":80,"22":1,"23":14,"24":0,"25":14,"26":0,"27":14,"28":14,"29":14,"30":14,"31":14,"32":16,"33":16,"34":16,"35":16,"36":16,"37":14,"38":14,"39":14,"40":14,"41":12,"42":14,"43":14,"44":14,"45":16,"46":16,"47":13,"48":1,"49":16,"50":2,"51":16,"52":16,"53":1,"54":1,"55":0,"56":0,"57":0,"58":0,"59":0,"60":0,"61":0,"62":0,"63":0,"64":0,"65":0,"66":0,"67":0,"68":0,"69":0,"70":0,"71":0,"72":0,"73":0,"74":0,"75":0,"76":0,"77":0,"78":0,"79":18,"80":18,"81":18,"82":18,"83":18,"84":18,"85":18,"86":18,"87":18,"88":18,"89":18,"90":18,"91":18,"92":18,"93":18,"94":0,"95":18,"96":0,"97":0,"98":9,"99":9,"100":1,"101":8,"102":8,"103":1,"104":1,"105":1,"106":7,"107":7,"108":7,"109":7,"110":6,"111":6,"112":1,"113":1,"114":1,"115":5,"116":5,"117":6,"118":1,"119":1,"120":1,"121":1,"122":1,"123":1,"124":1,"125":1,"126":1,"127":1,"128":1,"129":1,"130":1,"131":1,"132":0,"133":1,"134":0,"135":0,"136":6,"137":6,"138":6,"139":6,"140":6,"141":0,"142":0,"143":6,"144":1,"145":1,"146":0,"147":0,"148":0,"149":0,"150":13,"151":1,"152":12,"153":10,"154":10,"155":10,"156":10,"157":2,"158":1,"159":1,"160":1,"161":1,"162":1,"163":1,"164":1,"165":1,"166":0,"167":12,"168":12,"169":12,"170":12,"171":12,"172":1,"173":1,"174":1,"175":1,"176":1,"177":2,"178":3,"179":2,"180":2,"181":2,"182":2,"183":2,"184":2,"185":2,"186":2,"187":16,"188":1,"189":15,"190":1,"191":2,"192":2,"193":0,"194":0,"195":0,"196":41,"197":41,"198":41,"199":41,"200":0,"201":1,"202":1,"203":1,"204":16,"205":16,"206":0,"207":16,"208":14,"209":16,"210":1,"211":1,"212":1},"f":{"0":14,"1":80,"2":16,"3":16,"4":2,"5":1,"6":0,"7":18,"8":18,"9":0,"10":9,"11":1,"12":0,"13":6,"14":0,"15":0,"16":1,"17":0,"18":13,"19":1,"20":1,"21":2,"22":3,"23":2,"24":2,"25":16,"26":1,"27":2,"28":2,"29":0,"30":41,"31":41,"32":0,"33":1,"34":1,"35":1,"36":16,"37":14,"38":16,"39":0,"40":1},"b":{"0":[12,2],"1":[12,2],"2":[13,1],"3":[0,14],"4":[9,5],"5":[12,2],"6":[1,13],"7":[0,14],"8":[0,14],"9":[14,2],"10":[2,12],"11":[0,12],"12":[0,12],"13":[0,12],"14":[12,2],"15":[14,13],"16":[1,12],"17":[4,12],"18":[0,0],"19":[0,0],"20":[0,0],"21":[0,0],"22":[0,0],"23":[18,0],"24":[1,8],"25":[1,7],"26":[8,1,1],"27":[6,1],"28":[1,5],"29":[1,0],"30":[6,0],"31":[0,6],"32":[0,1],"33":[1,0,0],"34":[0,0],"35":[1,12],"36":[10,2],"37":[10,0],"38":[1,1],"39":[1,0],"40":[1,0],"41":[1,0],"42":[1,0],"43":[1,0],"44":[2,0],"45":[1,15],"46":[0,16]},"meta":{"lastBranch":47,"lastFunction":41,"lastStatement":213,"seen":{"s:93:36:93:Infinity":0,"s:96:55:96:Infinity":1,"s:99:22:99:Infinity":2,"s:100:34:100:Infinity":3,"f:106:9:106:25":0,"s:107:8:107:Infinity":4,"s:108:27:108:Infinity":5,"s:109:32:109:Infinity":6,"b:111:2:111:Infinity:undefined:undefined:undefined:undefined":0,"s:111:2:111:Infinity":7,"s:111:27:111:Infinity":8,"b:112:2:112:Infinity:undefined:undefined:undefined:undefined":1,"s:112:2:112:Infinity":9,"s:112:28:112:Infinity":10,"b:113:2:113:Infinity:undefined:undefined:undefined:undefined":2,"s:113:2:113:Infinity":11,"s:113:31:113:Infinity":12,"b:114:2:114:Infinity:undefined:undefined:undefined:undefined":3,"s:114:2:114:Infinity":13,"s:114:31:114:Infinity":14,"b:115:2:115:Infinity:undefined:undefined:undefined:undefined":4,"s:115:2:115:Infinity":15,"s:115:31:115:Infinity":16,"b:116:2:116:Infinity:undefined:undefined:undefined:undefined":5,"s:116:2:116:Infinity":17,"s:116:38:116:Infinity":18,"s:118:25:118:Infinity":19,"b:119:2:121:Infinity:undefined:undefined:undefined:undefined":6,"s:119:2:121:Infinity":20,"f:119:21:119:26":1,"s:119:31:119:65":21,"s:120:4:120:Infinity":22,"b:123:2:123:Infinity:undefined:undefined:undefined:undefined":7,"s:123:2:123:Infinity":23,"s:123:34:123:Infinity":24,"b:124:2:126:Infinity:undefined:undefined:undefined:undefined":8,"s:124:2:126:Infinity":25,"b:124:6:124:34:124:34:124:55":9,"s:125:4:125:Infinity":26,"s:128:14:128:Infinity":27,"s:129:2:129:Infinity":28,"s:130:2:130:Infinity":29,"s:133:4:136:Infinity":30,"b:133:18:133:Infinity:134:4:136:Infinity":10,"b:134:18:134:Infinity:135:4:136:Infinity":11,"b:135:18:135:Infinity:136:4:136:Infinity":12,"b:136:18:136:27:136:27:136:Infinity":13,"s:138:2:138:Infinity":31,"f:145:15:145:Infinity":2,"s:149:21:149:Infinity":32,"f:149:27:149:35":3,"s:149:57:149:75":33,"s:150:22:150:Infinity":34,"s:151:33:151:Infinity":35,"s:153:2:166:Infinity":36,"s:154:4:165:Infinity":37,"s:155:18:155:Infinity":38,"s:156:23:156:Infinity":39,"b:157:6:157:Infinity:undefined:undefined:undefined:undefined":14,"s:157:6:157:Infinity":40,"s:157:31:157:Infinity":41,"s:160:23:160:Infinity":42,"b:160:23:160:47:160:47:160:Infinity":15,"s:161:6:161:Infinity":43,"s:162:6:162:Infinity":44,"s:168:35:168:Infinity":45,"s:169:2:171:Infinity":46,"b:170:4:170:Infinity:undefined:undefined:undefined:undefined":16,"s:170:4:170:Infinity":47,"s:170:26:170:Infinity":48,"s:173:22:175:Infinity":49,"f:173:73:173:Infinity":4,"s:174:12:174:Infinity":50,"s:177:16:181:Infinity":51,"b:177:42:177:Infinity:178:4:181:Infinity":17,"s:183:2:192:Infinity":52,"s:199:13:555:Infinity":53,"f:199:29:199:49":5,"s:199:63:555:2":54,"f:215:14:215:26":6,"s:216:17:216:Infinity":55,"s:217:21:217:Infinity":56,"s:219:19:219:Infinity":57,"s:220:28:220:Infinity":58,"b:220:35:220:46:220:46:220:Infinity":18,"s:221:29:221:Infinity":59,"b:224:4:243:Infinity:undefined:undefined:undefined:undefined":19,"s:224:4:243:Infinity":60,"b:224:8:224:16:224:16:224:40":20,"s:225:6:242:Infinity":61,"s:226:30:226:Infinity":62,"s:227:26:227:Infinity":63,"b:228:8:235:Infinity:undefined:undefined:undefined:undefined":21,"s:228:8:235:Infinity":64,"s:229:16:229:Infinity":65,"s:230:30:230:Infinity":66,"s:231:10:231:Infinity":67,"s:232:10:232:Infinity":68,"s:233:10:233:Infinity":69,"s:234:10:234:Infinity":70,"s:238:8:238:Infinity":71,"s:239:8:239:Infinity":72,"s:240:8:240:Infinity":73,"s:241:8:241:Infinity":74,"s:245:4:253:Infinity":75,"b:255:4:258:Infinity:undefined:undefined:undefined:undefined":22,"s:255:4:258:Infinity":76,"s:256:6:256:Infinity":77,"s:257:6:257:Infinity":78,"f:262:23:262:30":7,"s:263:4:301:Infinity":79,"s:264:33:264:Infinity":80,"s:265:27:265:Infinity":81,"s:267:30:274:Infinity":82,"s:276:6:276:Infinity":83,"s:277:6:277:Infinity":84,"s:280:6:280:Infinity":85,"s:281:6:281:Infinity":86,"s:284:6:295:Infinity":87,"f:284:12:284:24":8,"s:285:8:294:Infinity":88,"s:286:30:286:Infinity":89,"s:287:16:287:Infinity":90,"b:288:10:290:Infinity:undefined:undefined:undefined:undefined":23,"s:288:10:290:Infinity":91,"s:289:12:289:Infinity":92,"s:291:10:291:Infinity":93,"f:291:89:291:101":9,"s:293:10:293:Infinity":94,"s:297:6:297:Infinity":95,"s:299:6:299:Infinity":96,"s:300:6:300:Infinity":97,"f:305:10:305:17":10,"s:306:21:306:Infinity":98,"b:307:4:307:Infinity:undefined:undefined:undefined:undefined":24,"s:307:4:307:Infinity":99,"s:307:15:307:Infinity":100,"s:310:16:310:Infinity":101,"b:311:4:319:Infinity:undefined:undefined:undefined:undefined":25,"s:311:4:319:Infinity":102,"b:311:8:311:32:311:32:311:48:311:48:311:68":26,"s:312:31:312:Infinity":103,"s:313:6:317:Infinity":104,"s:318:6:318:Infinity":105,"s:321:4:381:Infinity":106,"s:322:18:322:Infinity":107,"s:325:23:328:Infinity":108,"b:330:6:349:Infinity:undefined:undefined:undefined:undefined":27,"s:330:6:349:Infinity":109,"s:331:8:331:Infinity":110,"b:332:8:347:Infinity:340:15:347:Infinity":28,"s:332:8:347:Infinity":111,"s:333:10:333:Infinity":112,"s:334:10:334:Infinity":113,"s:335:10:339:Infinity":114,"s:341:10:341:Infinity":115,"s:342:10:346:Infinity":116,"s:348:8:348:Infinity":117,"s:352:6:352:Infinity":118,"s:353:6:353:Infinity":119,"s:354:6:354:Infinity":120,"s:357:20:357:Infinity":121,"s:358:6:358:Infinity":122,"s:359:6:359:Infinity":123,"s:360:6:360:Infinity":124,"s:363:6:375:Infinity":125,"f:363:12:363:24":11,"s:364:8:374:Infinity":126,"s:365:30:365:Infinity":127,"s:366:16:366:Infinity":128,"b:367:10:369:Infinity:undefined:undefined:undefined:undefined":29,"s:367:10:369:Infinity":129,"s:368:12:368:Infinity":130,"s:371:10:371:Infinity":131,"f:371:83:371:95":12,"s:373:10:373:Infinity":132,"s:377:6:377:Infinity":133,"s:379:6:379:Infinity":134,"s:380:6:380:Infinity":135,"f:385:2:385:14":13,"s:386:4:386:Infinity":136,"b:389:4:391:Infinity:undefined:undefined:undefined:undefined":30,"s:389:4:391:Infinity":137,"s:390:6:390:Infinity":138,"f:390:62:390:74":14,"s:394:4:394:Infinity":139,"f:394:55:394:67":15,"b:396:4:399:Infinity:undefined:undefined:undefined:undefined":31,"s:396:4:399:Infinity":140,"s:397:6:397:Infinity":141,"s:398:6:398:Infinity":142,"s:402:4:409:Infinity":143,"f:413:2:413:28":16,"s:414:21:414:Infinity":144,"b:415:4:420:Infinity:undefined:undefined:undefined:undefined":32,"s:415:4:420:Infinity":145,"b:415:8:415:20:415:20:415:52:415:52:415:69":33,"b:416:6:416:Infinity:undefined:undefined:undefined:undefined":34,"s:416:6:416:Infinity":146,"s:416:22:416:Infinity":147,"s:417:6:419:Infinity":148,"f:417:19:417:36":17,"s:418:8:418:Infinity":149,"f:424:11:424:18":18,"b:425:4:425:Infinity:undefined:undefined:undefined:undefined":35,"s:425:4:425:Infinity":150,"s:425:22:425:Infinity":151,"b:429:4:473:Infinity:441:11:473:Infinity":36,"s:429:4:473:Infinity":152,"s:430:24:430:Infinity":153,"s:431:27:431:Infinity":154,"b:431:27:431:90:431:90:431:Infinity":37,"s:432:24:432:Infinity":155,"s:433:6:440:Infinity":156,"b:441:11:473:Infinity:455:11:473:Infinity":38,"s:441:11:473:Infinity":157,"s:442:23:442:Infinity":158,"s:443:21:443:Infinity":159,"b:443:35:443:57:443:57:443:61":39,"s:444:21:444:Infinity":160,"b:444:35:444:54:444:54:444:58":40,"s:445:6:454:Infinity":161,"b:455:11:473:Infinity:466:11:473:Infinity":41,"s:455:11:473:Infinity":162,"s:456:23:456:Infinity":163,"s:457:25:457:Infinity":164,"b:457:39:457:62:457:62:457:66":42,"s:458:6:465:Infinity":165,"s:467:6:472:Infinity":166,"s:475:20:475:Infinity":167,"s:476:4:476:Infinity":168,"s:477:4:477:Infinity":169,"s:478:4:478:Infinity":170,"s:479:4:479:Infinity":171,"f:483:14:483:21":19,"s:484:18:486:Infinity":172,"f:484:30:484:34":20,"s:485:6:485:Infinity":173,"b:485:24:485:87:485:87:485:Infinity":43,"s:487:4:487:Infinity":174,"s:488:4:488:Infinity":175,"s:489:4:489:Infinity":176,"f:493:14:493:21":21,"s:494:18:494:Infinity":177,"f:494:30:494:37":22,"s:494:45:494:59":178,"s:495:4:495:Infinity":179,"s:496:4:496:Infinity":180,"s:497:4:497:Infinity":181,"s:498:4:498:Infinity":182,"f:502:18:502:25":23,"s:503:18:505:Infinity":183,"f:503:30:503:34":24,"s:504:6:504:Infinity":184,"b:504:23:504:86:504:86:504:Infinity":44,"s:506:4:506:Infinity":185,"s:507:4:507:Infinity":186,"f:511:24:511:31":25,"b:512:4:512:Infinity:undefined:undefined:undefined:undefined":45,"s:512:4:512:Infinity":187,"s:512:22:512:Infinity":188,"s:513:4:513:Infinity":189,"f:517:2:517:13":26,"s:517:22:517:Infinity":190,"f:520:2:520:19":27,"s:520:25:520:Infinity":191,"f:521:2:521:22":28,"s:521:30:521:Infinity":192,"f:524:18:524:25":29,"s:525:4:525:Infinity":193,"s:526:20:526:Infinity":194,"s:527:4:527:Infinity":195,"f:531:2:531:13":30,"s:532:10:532:Infinity":196,"s:533:4:533:Infinity":197,"f:533:4:533:8":31,"s:533:18:533:66":198,"s:534:4:534:Infinity":199,"f:534:4:534:21":32,"s:534:21:534:44":200,"f:536:2:536:16":33,"s:537:4:537:Infinity":201,"f:537:4:537:8":34,"s:537:18:537:68":202,"f:537:41:537:48":35,"s:537:53:537:64":203,"f:541:2:541:29":36,"s:542:22:542:Infinity":204,"b:543:4:543:Infinity:undefined:undefined:undefined:undefined":46,"s:543:4:543:Infinity":205,"s:543:22:543:Infinity":206,"s:544:4:546:Infinity":207,"f:544:22:544:30":37,"s:544:39:544:71":208,"f:545:7:545:12":38,"s:545:22:545:51":209,"f:546:7:546:19":39,"f:550:18:550:30":40,"s:551:4:551:Infinity":210,"s:552:4:552:Infinity":211,"s:553:4:553:Infinity":212}}}
}
